mode: set
github.com/cnoe-io/idpbuilder/pkg/errors/exitcodes.go:34.33,35.16 1 1
github.com/cnoe-io/idpbuilder/pkg/errors/exitcodes.go:35.16,37.3 1 1
github.com/cnoe-io/idpbuilder/pkg/errors/exitcodes.go:40.2,41.36 2 1
github.com/cnoe-io/idpbuilder/pkg/errors/exitcodes.go:41.36,43.3 1 1
github.com/cnoe-io/idpbuilder/pkg/errors/exitcodes.go:45.2,46.30 2 1
github.com/cnoe-io/idpbuilder/pkg/errors/exitcodes.go:46.30,48.3 1 1
github.com/cnoe-io/idpbuilder/pkg/errors/exitcodes.go:50.2,51.33 2 1
github.com/cnoe-io/idpbuilder/pkg/errors/exitcodes.go:51.33,53.3 1 1
github.com/cnoe-io/idpbuilder/pkg/errors/exitcodes.go:55.2,56.39 2 1
github.com/cnoe-io/idpbuilder/pkg/errors/exitcodes.go:56.39,58.3 1 1
github.com/cnoe-io/idpbuilder/pkg/errors/exitcodes.go:61.2,61.25 1 1
github.com/cnoe-io/idpbuilder/pkg/errors/exitcodes.go:71.36,72.16 1 1
github.com/cnoe-io/idpbuilder/pkg/errors/exitcodes.go:72.16,74.3 1 1
github.com/cnoe-io/idpbuilder/pkg/errors/exitcodes.go:77.2,77.20 1 1
github.com/cnoe-io/idpbuilder/pkg/errors/exitcodes.go:77.20,79.3 1 1
github.com/cnoe-io/idpbuilder/pkg/errors/exitcodes.go:82.2,82.43 1 1
github.com/cnoe-io/idpbuilder/pkg/errors/types.go:16.36,17.24 1 1
github.com/cnoe-io/idpbuilder/pkg/errors/types.go:17.24,19.3 1 1
github.com/cnoe-io/idpbuilder/pkg/errors/types.go:20.2,20.44 1 1
github.com/cnoe-io/idpbuilder/pkg/errors/types.go:24.36,26.2 1 1
github.com/cnoe-io/idpbuilder/pkg/errors/types.go:41.77,50.2 1 1
github.com/cnoe-io/idpbuilder/pkg/errors/types.go:65.88,74.2 1 1
github.com/cnoe-io/idpbuilder/pkg/errors/types.go:89.72,98.2 1 1
github.com/cnoe-io/idpbuilder/pkg/errors/types.go:113.87,122.2 1 1
github.com/cnoe-io/idpbuilder/pkg/errors/types.go:133.38,135.2 1 1
github.com/cnoe-io/idpbuilder/pkg/errors/types.go:145.42,147.2 1 1
github.com/cnoe-io/idpbuilder/pkg/errors/types.go:151.32,155.2 3 1
