mode: set
github.com/cnoe-io/idpbuilder/pkg/oci/auth/validation.go:37.46,38.17 1 1
github.com/cnoe-io/idpbuilder/pkg/oci/auth/validation.go:38.17,40.3 1 1
github.com/cnoe-io/idpbuilder/pkg/oci/auth/validation.go:41.2,41.45 1 1
github.com/cnoe-io/idpbuilder/pkg/oci/auth/validation.go:45.52,46.18 1 1
github.com/cnoe-io/idpbuilder/pkg/oci/auth/validation.go:46.18,48.3 1 1
github.com/cnoe-io/idpbuilder/pkg/oci/auth/validation.go:51.2,51.43 1 1
github.com/cnoe-io/idpbuilder/pkg/oci/auth/validation.go:51.43,53.3 1 1
github.com/cnoe-io/idpbuilder/pkg/oci/auth/validation.go:56.2,56.66 1 1
github.com/cnoe-io/idpbuilder/pkg/oci/auth/validation.go:56.66,58.3 1 1
github.com/cnoe-io/idpbuilder/pkg/oci/auth/validation.go:61.2,61.26 1 1
github.com/cnoe-io/idpbuilder/pkg/oci/auth/validation.go:62.23,63.51 1 1
github.com/cnoe-io/idpbuilder/pkg/oci/auth/validation.go:63.51,65.4 1 1
github.com/cnoe-io/idpbuilder/pkg/oci/auth/validation.go:67.23,68.25 1 1
github.com/cnoe-io/idpbuilder/pkg/oci/auth/validation.go:68.25,70.4 1 1
github.com/cnoe-io/idpbuilder/pkg/oci/auth/validation.go:71.3,71.52 1 1
github.com/cnoe-io/idpbuilder/pkg/oci/auth/validation.go:71.52,73.4 1 0
github.com/cnoe-io/idpbuilder/pkg/oci/auth/validation.go:75.24,76.25 1 0
github.com/cnoe-io/idpbuilder/pkg/oci/auth/validation.go:76.25,78.4 1 0
github.com/cnoe-io/idpbuilder/pkg/oci/auth/validation.go:79.3,79.52 1 0
github.com/cnoe-io/idpbuilder/pkg/oci/auth/validation.go:79.52,81.4 1 0
github.com/cnoe-io/idpbuilder/pkg/oci/auth/validation.go:83.10,84.96 1 1
github.com/cnoe-io/idpbuilder/pkg/oci/auth/validation.go:87.2,87.12 1 1
github.com/cnoe-io/idpbuilder/pkg/oci/auth/validation.go:91.40,92.18 1 1
github.com/cnoe-io/idpbuilder/pkg/oci/auth/validation.go:92.18,94.3 1 1
github.com/cnoe-io/idpbuilder/pkg/oci/auth/validation.go:96.2,96.23 1 1
github.com/cnoe-io/idpbuilder/pkg/oci/auth/validation.go:96.23,98.3 1 1
github.com/cnoe-io/idpbuilder/pkg/oci/auth/validation.go:100.2,100.22 1 1
github.com/cnoe-io/idpbuilder/pkg/oci/auth/validation.go:100.22,102.3 1 1
github.com/cnoe-io/idpbuilder/pkg/oci/auth/validation.go:105.2,105.39 1 1
github.com/cnoe-io/idpbuilder/pkg/oci/auth/validation.go:105.39,107.3 1 1
github.com/cnoe-io/idpbuilder/pkg/oci/auth/validation.go:109.2,109.12 1 1
github.com/cnoe-io/idpbuilder/pkg/oci/auth/validation.go:113.69,114.24 1 1
github.com/cnoe-io/idpbuilder/pkg/oci/auth/validation.go:114.24,116.3 1 1
github.com/cnoe-io/idpbuilder/pkg/oci/auth/validation.go:119.2,120.18 2 1
github.com/cnoe-io/idpbuilder/pkg/oci/auth/validation.go:120.18,122.3 1 1
github.com/cnoe-io/idpbuilder/pkg/oci/auth/validation.go:125.2,126.16 2 1
github.com/cnoe-io/idpbuilder/pkg/oci/auth/validation.go:126.16,128.3 1 0
github.com/cnoe-io/idpbuilder/pkg/oci/auth/validation.go:131.2,132.32 2 1
github.com/cnoe-io/idpbuilder/pkg/oci/auth/validation.go:132.32,134.3 1 1
github.com/cnoe-io/idpbuilder/pkg/oci/auth/validation.go:135.2,135.30 1 1
github.com/cnoe-io/idpbuilder/pkg/oci/auth/validation.go:135.30,137.3 1 1
github.com/cnoe-io/idpbuilder/pkg/oci/auth/validation.go:140.2,141.38 2 1
github.com/cnoe-io/idpbuilder/pkg/oci/auth/validation.go:141.38,143.3 1 0
github.com/cnoe-io/idpbuilder/pkg/oci/auth/validation.go:146.2,156.18 2 1
github.com/cnoe-io/idpbuilder/pkg/oci/auth/validation.go:160.49,161.20 1 1
github.com/cnoe-io/idpbuilder/pkg/oci/auth/validation.go:161.20,163.3 1 1
github.com/cnoe-io/idpbuilder/pkg/oci/auth/validation.go:166.2,166.40 1 1
github.com/cnoe-io/idpbuilder/pkg/oci/auth/validation.go:166.40,168.47 1 1
github.com/cnoe-io/idpbuilder/pkg/oci/auth/validation.go:168.47,170.4 1 1
github.com/cnoe-io/idpbuilder/pkg/oci/auth/validation.go:171.3,171.13 1 1
github.com/cnoe-io/idpbuilder/pkg/oci/auth/validation.go:175.2,176.16 2 1
github.com/cnoe-io/idpbuilder/pkg/oci/auth/validation.go:176.16,178.3 1 1
github.com/cnoe-io/idpbuilder/pkg/oci/auth/validation.go:180.2,180.28 1 1
github.com/cnoe-io/idpbuilder/pkg/oci/auth/validation.go:180.28,182.3 1 0
github.com/cnoe-io/idpbuilder/pkg/oci/auth/validation.go:184.2,184.26 1 1
github.com/cnoe-io/idpbuilder/pkg/oci/auth/validation.go:184.26,186.3 1 1
github.com/cnoe-io/idpbuilder/pkg/oci/auth/validation.go:188.2,188.12 1 1
