mode: set
github.com/cnoe-io/idpbuilder/pkg/cmd/push/config.go:25.39,26.11 1 0
github.com/cnoe-io/idpbuilder/pkg/cmd/push/config.go:27.21,28.19 1 0
github.com/cnoe-io/idpbuilder/pkg/cmd/push/config.go:29.17,30.23 1 0
github.com/cnoe-io/idpbuilder/pkg/cmd/push/config.go:31.18,32.16 1 0
github.com/cnoe-io/idpbuilder/pkg/cmd/push/config.go:33.10,34.19 1 0
github.com/cnoe-io/idpbuilder/pkg/cmd/push/config.go:68.89,69.19 1 0
github.com/cnoe-io/idpbuilder/pkg/cmd/push/config.go:69.19,71.3 1 0
github.com/cnoe-io/idpbuilder/pkg/cmd/push/config.go:73.2,90.20 7 0
github.com/cnoe-io/idpbuilder/pkg/cmd/push/config.go:95.98,98.33 2 0
github.com/cnoe-io/idpbuilder/pkg/cmd/push/config.go:98.33,103.3 1 0
github.com/cnoe-io/idpbuilder/pkg/cmd/push/config.go:106.2,106.52 1 0
github.com/cnoe-io/idpbuilder/pkg/cmd/push/config.go:106.52,111.3 1 0
github.com/cnoe-io/idpbuilder/pkg/cmd/push/config.go:114.2,117.3 1 0
github.com/cnoe-io/idpbuilder/pkg/cmd/push/config.go:123.101,126.33 2 0
github.com/cnoe-io/idpbuilder/pkg/cmd/push/config.go:126.33,131.3 1 0
github.com/cnoe-io/idpbuilder/pkg/cmd/push/config.go:134.2,134.52 1 0
github.com/cnoe-io/idpbuilder/pkg/cmd/push/config.go:134.52,138.21 2 0
github.com/cnoe-io/idpbuilder/pkg/cmd/push/config.go:139.27,143.5 1 0
github.com/cnoe-io/idpbuilder/pkg/cmd/push/config.go:144.27,148.5 1 0
github.com/cnoe-io/idpbuilder/pkg/cmd/push/config.go:149.11,154.5 1 0
github.com/cnoe-io/idpbuilder/pkg/cmd/push/config.go:159.2,162.3 1 0
github.com/cnoe-io/idpbuilder/pkg/cmd/push/config.go:166.51,175.2 1 0
github.com/cnoe-io/idpbuilder/pkg/cmd/push/config.go:178.39,179.29 1 0
github.com/cnoe-io/idpbuilder/pkg/cmd/push/config.go:179.29,181.3 1 0
github.com/cnoe-io/idpbuilder/pkg/cmd/push/config.go:182.2,182.28 1 0
github.com/cnoe-io/idpbuilder/pkg/cmd/push/config.go:182.28,184.3 1 0
github.com/cnoe-io/idpbuilder/pkg/cmd/push/config.go:185.2,185.28 1 0
github.com/cnoe-io/idpbuilder/pkg/cmd/push/config.go:185.28,187.3 1 0
github.com/cnoe-io/idpbuilder/pkg/cmd/push/config.go:188.2,188.28 1 0
github.com/cnoe-io/idpbuilder/pkg/cmd/push/config.go:188.28,190.3 1 0
github.com/cnoe-io/idpbuilder/pkg/cmd/push/config.go:191.2,191.12 1 0
github.com/cnoe-io/idpbuilder/pkg/cmd/push/config.go:195.39,203.2 7 0
github.com/cnoe-io/idpbuilder/pkg/cmd/push/errors.go:15.51,17.68 1 0
github.com/cnoe-io/idpbuilder/pkg/cmd/push/errors.go:17.68,20.3 1 0
github.com/cnoe-io/idpbuilder/pkg/cmd/push/errors.go:23.2,23.69 1 0
github.com/cnoe-io/idpbuilder/pkg/cmd/push/errors.go:23.69,25.28 1 0
github.com/cnoe-io/idpbuilder/pkg/cmd/push/errors.go:25.28,28.4 1 0
github.com/cnoe-io/idpbuilder/pkg/cmd/push/errors.go:28.9,30.4 1 0
github.com/cnoe-io/idpbuilder/pkg/cmd/push/errors.go:34.2,34.84 1 0
github.com/cnoe-io/idpbuilder/pkg/cmd/push/errors.go:34.84,35.28 1 0
github.com/cnoe-io/idpbuilder/pkg/cmd/push/errors.go:35.28,37.4 1 0
github.com/cnoe-io/idpbuilder/pkg/cmd/push/errors.go:37.9,39.4 1 0
github.com/cnoe-io/idpbuilder/pkg/cmd/push/errors.go:42.2,42.12 1 0
github.com/cnoe-io/idpbuilder/pkg/cmd/push/errors.go:60.57,61.16 1 1
github.com/cnoe-io/idpbuilder/pkg/cmd/push/errors.go:61.16,63.3 1 1
github.com/cnoe-io/idpbuilder/pkg/cmd/push/errors.go:65.2,68.47 2 1
github.com/cnoe-io/idpbuilder/pkg/cmd/push/errors.go:68.47,74.3 1 1
github.com/cnoe-io/idpbuilder/pkg/cmd/push/errors.go:77.2,77.98 1 1
github.com/cnoe-io/idpbuilder/pkg/cmd/push/errors.go:77.98,83.3 1 1
github.com/cnoe-io/idpbuilder/pkg/cmd/push/errors.go:86.2,86.44 1 1
github.com/cnoe-io/idpbuilder/pkg/cmd/push/errors.go:105.58,106.16 1 1
github.com/cnoe-io/idpbuilder/pkg/cmd/push/errors.go:106.16,108.3 1 1
github.com/cnoe-io/idpbuilder/pkg/cmd/push/errors.go:110.2,113.81 2 1
github.com/cnoe-io/idpbuilder/pkg/cmd/push/errors.go:113.81,119.3 1 1
github.com/cnoe-io/idpbuilder/pkg/cmd/push/errors.go:122.2,122.91 1 1
github.com/cnoe-io/idpbuilder/pkg/cmd/push/errors.go:122.91,128.3 1 1
github.com/cnoe-io/idpbuilder/pkg/cmd/push/errors.go:131.2,131.81 1 1
github.com/cnoe-io/idpbuilder/pkg/cmd/push/errors.go:131.81,137.3 1 1
github.com/cnoe-io/idpbuilder/pkg/cmd/push/errors.go:140.2,140.46 1 1
github.com/cnoe-io/idpbuilder/pkg/cmd/push/push.go:15.52,43.55 1 0
github.com/cnoe-io/idpbuilder/pkg/cmd/push/push.go:43.55,46.18 2 0
github.com/cnoe-io/idpbuilder/pkg/cmd/push/push.go:46.18,48.5 1 0
github.com/cnoe-io/idpbuilder/pkg/cmd/push/push.go:51.4,51.44 1 0
github.com/cnoe-io/idpbuilder/pkg/cmd/push/push.go:51.44,53.5 1 0
github.com/cnoe-io/idpbuilder/pkg/cmd/push/push.go:56.4,56.38 1 0
github.com/cnoe-io/idpbuilder/pkg/cmd/push/push.go:56.38,59.5 2 0
github.com/cnoe-io/idpbuilder/pkg/cmd/push/push.go:62.4,65.55 2 0
github.com/cnoe-io/idpbuilder/pkg/cmd/push/push.go:65.55,72.5 3 0
github.com/cnoe-io/idpbuilder/pkg/cmd/push/push.go:74.4,74.14 1 0
github.com/cnoe-io/idpbuilder/pkg/cmd/push/push.go:79.2,90.12 6 0
github.com/cnoe-io/idpbuilder/pkg/cmd/push/push.go:96.60,98.50 1 0
github.com/cnoe-io/idpbuilder/pkg/cmd/push/push.go:98.50,101.3 1 0
github.com/cnoe-io/idpbuilder/pkg/cmd/push/push.go:132.2,132.70 1 0
github.com/cnoe-io/idpbuilder/pkg/cmd/push/push.go:136.70,138.2 1 0
github.com/cnoe-io/idpbuilder/pkg/cmd/push/types.go:27.40,28.23 1 0
github.com/cnoe-io/idpbuilder/pkg/cmd/push/types.go:28.23,30.3 1 0
github.com/cnoe-io/idpbuilder/pkg/cmd/push/types.go:31.2,31.22 1 0
github.com/cnoe-io/idpbuilder/pkg/cmd/push/types.go:31.22,33.3 1 0
github.com/cnoe-io/idpbuilder/pkg/cmd/push/types.go:34.2,34.22 1 0
github.com/cnoe-io/idpbuilder/pkg/cmd/push/types.go:34.22,36.3 1 0
github.com/cnoe-io/idpbuilder/pkg/cmd/push/types.go:37.2,37.22 1 0
github.com/cnoe-io/idpbuilder/pkg/cmd/push/types.go:37.22,39.3 1 0
github.com/cnoe-io/idpbuilder/pkg/cmd/push/types.go:40.2,40.12 1 0
