mode: set
github.com/cnoe-io/idpbuilder/pkg/cmd/push/credentials.go:62.53,64.2 1 1
github.com/cnoe-io/idpbuilder/pkg/cmd/push/credentials.go:73.134,78.23 3 1
github.com/cnoe-io/idpbuilder/pkg/cmd/push/credentials.go:78.23,80.3 1 1
github.com/cnoe-io/idpbuilder/pkg/cmd/push/credentials.go:83.2,84.26 2 1
github.com/cnoe-io/idpbuilder/pkg/cmd/push/credentials.go:84.26,86.3 1 1
github.com/cnoe-io/idpbuilder/pkg/cmd/push/credentials.go:89.2,90.26 2 1
github.com/cnoe-io/idpbuilder/pkg/cmd/push/credentials.go:90.26,92.3 1 1
github.com/cnoe-io/idpbuilder/pkg/cmd/push/credentials.go:95.2,99.26 3 1
github.com/cnoe-io/idpbuilder/pkg/cmd/push/credentials.go:99.26,101.3 1 1
github.com/cnoe-io/idpbuilder/pkg/cmd/push/credentials.go:104.2,104.14 1 1
github.com/cnoe-io/idpbuilder/pkg/cmd/push/credentials.go:104.14,107.3 2 1
github.com/cnoe-io/idpbuilder/pkg/cmd/push/credentials.go:110.2,113.19 2 1
github.com/cnoe-io/idpbuilder/pkg/cmd/push/credentials.go:113.19,115.72 2 1
github.com/cnoe-io/idpbuilder/pkg/cmd/push/credentials.go:115.72,117.4 1 0
github.com/cnoe-io/idpbuilder/pkg/cmd/push/credentials.go:117.9,117.121 1 1
github.com/cnoe-io/idpbuilder/pkg/cmd/push/credentials.go:117.121,119.4 1 0
github.com/cnoe-io/idpbuilder/pkg/cmd/push/credentials.go:120.3,120.105 1 1
github.com/cnoe-io/idpbuilder/pkg/cmd/push/credentials.go:123.2,123.19 1 1
github.com/cnoe-io/idpbuilder/pkg/cmd/push/push.go:59.13,65.2 5 1
github.com/cnoe-io/idpbuilder/pkg/cmd/push/push.go:71.48,81.12 6 1
github.com/cnoe-io/idpbuilder/pkg/cmd/push/push.go:81.12,84.3 2 1
github.com/cnoe-io/idpbuilder/pkg/cmd/push/push.go:87.2,96.16 6 1
github.com/cnoe-io/idpbuilder/pkg/cmd/push/push.go:96.16,98.3 1 0
github.com/cnoe-io/idpbuilder/pkg/cmd/push/push.go:101.2,101.47 1 1
github.com/cnoe-io/idpbuilder/pkg/cmd/push/push.go:101.47,103.3 1 1
github.com/cnoe-io/idpbuilder/pkg/cmd/push/push.go:106.2,107.16 2 1
github.com/cnoe-io/idpbuilder/pkg/cmd/push/push.go:107.16,109.3 1 0
github.com/cnoe-io/idpbuilder/pkg/cmd/push/push.go:110.2,110.13 1 1
github.com/cnoe-io/idpbuilder/pkg/cmd/push/push.go:110.13,112.3 1 1
github.com/cnoe-io/idpbuilder/pkg/cmd/push/push.go:115.2,116.16 2 1
github.com/cnoe-io/idpbuilder/pkg/cmd/push/push.go:116.16,118.3 1 0
github.com/cnoe-io/idpbuilder/pkg/cmd/push/push.go:119.2,129.16 5 1
github.com/cnoe-io/idpbuilder/pkg/cmd/push/push.go:129.16,131.3 1 1
github.com/cnoe-io/idpbuilder/pkg/cmd/push/push.go:134.2,135.12 2 1
github.com/cnoe-io/idpbuilder/pkg/cmd/push/push.go:139.55,142.16 2 0
github.com/cnoe-io/idpbuilder/pkg/cmd/push/push.go:142.16,144.3 1 0
github.com/cnoe-io/idpbuilder/pkg/cmd/push/push.go:147.2,157.16 3 0
github.com/cnoe-io/idpbuilder/pkg/cmd/push/push.go:157.16,159.3 1 0
github.com/cnoe-io/idpbuilder/pkg/cmd/push/push.go:162.2,162.68 1 0
github.com/cnoe-io/idpbuilder/pkg/cmd/push/push.go:168.63,171.2 2 1
github.com/cnoe-io/idpbuilder/pkg/cmd/push/push.go:176.45,178.16 2 1
github.com/cnoe-io/idpbuilder/pkg/cmd/push/push.go:178.16,181.21 2 0
github.com/cnoe-io/idpbuilder/pkg/cmd/push/push.go:181.21,183.4 1 0
github.com/cnoe-io/idpbuilder/pkg/cmd/push/push.go:184.3,184.21 1 0
github.com/cnoe-io/idpbuilder/pkg/cmd/push/push.go:188.2,188.15 1 1
github.com/cnoe-io/idpbuilder/pkg/cmd/push/push.go:195.51,200.19 2 1
github.com/cnoe-io/idpbuilder/pkg/cmd/push/push.go:200.19,209.42 2 1
github.com/cnoe-io/idpbuilder/pkg/cmd/push/push.go:209.42,211.4 1 1
github.com/cnoe-io/idpbuilder/pkg/cmd/push/push.go:215.3,216.42 2 1
github.com/cnoe-io/idpbuilder/pkg/cmd/push/push.go:216.42,220.35 2 1
github.com/cnoe-io/idpbuilder/pkg/cmd/push/push.go:220.35,221.27 1 1
github.com/cnoe-io/idpbuilder/pkg/cmd/push/push.go:221.27,223.11 2 1
github.com/cnoe-io/idpbuilder/pkg/cmd/push/push.go:226.4,226.45 1 1
github.com/cnoe-io/idpbuilder/pkg/cmd/push/push.go:226.45,229.5 1 0
github.com/cnoe-io/idpbuilder/pkg/cmd/push/push.go:233.3,233.39 1 1
github.com/cnoe-io/idpbuilder/pkg/cmd/push/push.go:236.2,236.16 1 1
github.com/cnoe-io/idpbuilder/pkg/cmd/push/push.go:245.48,247.2 1 1
github.com/cnoe-io/idpbuilder/pkg/cmd/push/push.go:253.38,255.2 1 0
github.com/cnoe-io/idpbuilder/pkg/cmd/push/push.go:261.45,263.2 1 1
github.com/cnoe-io/idpbuilder/pkg/cmd/push/push.go:269.36,271.2 1 0
github.com/cnoe-io/idpbuilder/pkg/cmd/push/push.go:277.40,279.2 1 0
github.com/cnoe-io/idpbuilder/pkg/cmd/push/push.go:287.35,288.16 1 0
github.com/cnoe-io/idpbuilder/pkg/cmd/push/push.go:288.16,290.3 1 0
github.com/cnoe-io/idpbuilder/pkg/cmd/push/push.go:293.2,293.29 1 0
github.com/cnoe-io/idpbuilder/pkg/cmd/push/push.go:293.29,295.3 1 0
github.com/cnoe-io/idpbuilder/pkg/cmd/push/push.go:298.2,298.20 1 0
github.com/cnoe-io/idpbuilder/pkg/cmd/push/push.go:299.51,300.11 1 0
github.com/cnoe-io/idpbuilder/pkg/cmd/push/push.go:301.34,302.11 1 0
github.com/cnoe-io/idpbuilder/pkg/cmd/push/push.go:303.20,304.11 1 0
github.com/cnoe-io/idpbuilder/pkg/cmd/push/push.go:305.10,306.11 1 0
github.com/cnoe-io/idpbuilder/pkg/cmd/push/register.go:7.40,9.2 1 0
github.com/cnoe-io/idpbuilder/pkg/cmd/push/tracer.go:16.66,21.2 2 1
github.com/cnoe-io/idpbuilder/pkg/cmd/push/tracer.go:26.107,33.2 1 1
github.com/cnoe-io/idpbuilder/pkg/cmd/push/tracer.go:37.33,39.2 1 1
github.com/cnoe-io/idpbuilder/pkg/cmd/push/tracer.go:53.79,63.16 6 1
github.com/cnoe-io/idpbuilder/pkg/cmd/push/tracer.go:63.16,69.3 2 0
github.com/cnoe-io/idpbuilder/pkg/cmd/push/tracer.go:72.2,74.18 2 1
github.com/cnoe-io/idpbuilder/pkg/cmd/push/tracer.go:80.74,84.47 2 1
github.com/cnoe-io/idpbuilder/pkg/cmd/push/tracer.go:84.47,86.3 1 1
github.com/cnoe-io/idpbuilder/pkg/cmd/push/tracer.go:88.2,95.3 2 1
github.com/cnoe-io/idpbuilder/pkg/cmd/push/tracer.go:100.101,109.2 2 1
github.com/cnoe-io/idpbuilder/pkg/registry/client.go:71.40,72.20 1 1
github.com/cnoe-io/idpbuilder/pkg/registry/client.go:72.20,74.3 1 1
github.com/cnoe-io/idpbuilder/pkg/registry/client.go:75.2,75.18 1 1
github.com/cnoe-io/idpbuilder/pkg/registry/client.go:79.40,81.2 1 1
github.com/cnoe-io/idpbuilder/pkg/registry/client.go:90.36,91.20 1 1
github.com/cnoe-io/idpbuilder/pkg/registry/client.go:91.20,93.3 1 1
github.com/cnoe-io/idpbuilder/pkg/registry/client.go:94.2,94.18 1 0
github.com/cnoe-io/idpbuilder/pkg/registry/client.go:98.36,100.2 1 1
github.com/cnoe-io/idpbuilder/pkg/registry/client.go:121.89,121.90 0 1
github.com/cnoe-io/idpbuilder/pkg/registry/client.go:122.89,122.90 0 1
github.com/cnoe-io/idpbuilder/pkg/registry/client.go:123.89,123.90 0 1
github.com/cnoe-io/idpbuilder/pkg/registry/client.go:124.89,124.90 0 1
github.com/cnoe-io/idpbuilder/pkg/registry/client.go:125.89,125.90 0 1
github.com/cnoe-io/idpbuilder/pkg/registry/client.go:148.74,149.18 1 1
github.com/cnoe-io/idpbuilder/pkg/registry/client.go:149.18,151.3 1 1
github.com/cnoe-io/idpbuilder/pkg/registry/client.go:153.2,161.74 7 1
github.com/cnoe-io/idpbuilder/pkg/registry/client.go:165.90,166.32 1 1
github.com/cnoe-io/idpbuilder/pkg/registry/client.go:166.32,168.3 1 1
github.com/cnoe-io/idpbuilder/pkg/registry/client.go:170.2,174.39 3 1
github.com/cnoe-io/idpbuilder/pkg/registry/client.go:174.39,176.3 1 1
github.com/cnoe-io/idpbuilder/pkg/registry/client.go:178.2,186.39 7 1
github.com/cnoe-io/idpbuilder/pkg/registry/client.go:186.39,187.56 1 1
github.com/cnoe-io/idpbuilder/pkg/registry/client.go:187.56,192.9 3 1
github.com/cnoe-io/idpbuilder/pkg/registry/client.go:198.68,199.18 1 1
github.com/cnoe-io/idpbuilder/pkg/registry/client.go:199.18,201.3 1 1
github.com/cnoe-io/idpbuilder/pkg/registry/client.go:203.2,206.39 3 1
github.com/cnoe-io/idpbuilder/pkg/registry/client.go:206.39,208.3 1 1
github.com/cnoe-io/idpbuilder/pkg/registry/client.go:210.2,211.49 2 1
github.com/cnoe-io/idpbuilder/pkg/registry/client.go:215.63,216.18 1 1
github.com/cnoe-io/idpbuilder/pkg/registry/client.go:216.18,218.3 1 1
github.com/cnoe-io/idpbuilder/pkg/registry/client.go:220.2,225.54 4 1
github.com/cnoe-io/idpbuilder/pkg/registry/client.go:229.51,230.18 1 1
github.com/cnoe-io/idpbuilder/pkg/registry/client.go:230.18,232.3 1 1
github.com/cnoe-io/idpbuilder/pkg/registry/client.go:234.2,237.46 3 1
github.com/cnoe-io/idpbuilder/pkg/registry/client.go:242.70,243.23 1 1
github.com/cnoe-io/idpbuilder/pkg/registry/client.go:243.23,245.3 1 1
github.com/cnoe-io/idpbuilder/pkg/registry/client.go:247.2,247.41 1 1
github.com/cnoe-io/idpbuilder/pkg/registry/client.go:247.41,248.23 1 1
github.com/cnoe-io/idpbuilder/pkg/registry/client.go:248.23,250.4 1 1
github.com/cnoe-io/idpbuilder/pkg/registry/client.go:252.2,252.20 1 0
github.com/cnoe-io/idpbuilder/pkg/registry/client.go:257.66,264.9 2 1
github.com/cnoe-io/idpbuilder/pkg/registry/client.go:265.19,266.60 1 1
github.com/cnoe-io/idpbuilder/pkg/registry/client.go:267.19,268.60 1 1
github.com/cnoe-io/idpbuilder/pkg/registry/client.go:269.19,270.60 1 1
github.com/cnoe-io/idpbuilder/pkg/registry/client.go:271.10,272.36 1 1
github.com/cnoe-io/idpbuilder/pkg/registry/debugtransport.go:24.79,34.16 6 0
github.com/cnoe-io/idpbuilder/pkg/registry/debugtransport.go:34.16,40.3 2 0
github.com/cnoe-io/idpbuilder/pkg/registry/debugtransport.go:43.2,45.18 2 0
github.com/cnoe-io/idpbuilder/pkg/registry/debugtransport.go:51.74,55.47 2 0
github.com/cnoe-io/idpbuilder/pkg/registry/debugtransport.go:55.47,57.3 1 0
github.com/cnoe-io/idpbuilder/pkg/registry/debugtransport.go:59.2,66.3 2 0
github.com/cnoe-io/idpbuilder/pkg/registry/debugtransport.go:71.101,80.2 2 0
github.com/cnoe-io/idpbuilder/pkg/registry/debugtransport.go:84.33,86.2 1 0
github.com/cnoe-io/idpbuilder/pkg/registry/registry.go:27.70,28.22 1 1
github.com/cnoe-io/idpbuilder/pkg/registry/registry.go:28.22,30.3 1 1
github.com/cnoe-io/idpbuilder/pkg/registry/registry.go:33.2,34.24 2 1
github.com/cnoe-io/idpbuilder/pkg/registry/registry.go:34.24,36.3 1 1
github.com/cnoe-io/idpbuilder/pkg/registry/registry.go:36.8,36.59 1 1
github.com/cnoe-io/idpbuilder/pkg/registry/registry.go:36.59,38.3 1 1
github.com/cnoe-io/idpbuilder/pkg/registry/registry.go:38.8,40.3 1 1
github.com/cnoe-io/idpbuilder/pkg/registry/registry.go:43.2,58.8 2 1
github.com/cnoe-io/idpbuilder/pkg/registry/registry.go:62.125,65.16 2 1
github.com/cnoe-io/idpbuilder/pkg/registry/registry.go:65.16,66.22 1 1
github.com/cnoe-io/idpbuilder/pkg/registry/registry.go:66.22,68.4 1 0
github.com/cnoe-io/idpbuilder/pkg/registry/registry.go:69.3,69.62 1 1
github.com/cnoe-io/idpbuilder/pkg/registry/registry.go:73.2,74.16 2 1
github.com/cnoe-io/idpbuilder/pkg/registry/registry.go:74.16,75.22 1 1
github.com/cnoe-io/idpbuilder/pkg/registry/registry.go:75.22,77.4 1 0
github.com/cnoe-io/idpbuilder/pkg/registry/registry.go:78.3,78.67 1 1
github.com/cnoe-io/idpbuilder/pkg/registry/registry.go:82.2,83.16 2 1
github.com/cnoe-io/idpbuilder/pkg/registry/registry.go:83.16,84.22 1 1
github.com/cnoe-io/idpbuilder/pkg/registry/registry.go:84.22,86.4 1 1
github.com/cnoe-io/idpbuilder/pkg/registry/registry.go:87.3,87.70 1 1
github.com/cnoe-io/idpbuilder/pkg/registry/registry.go:91.2,92.16 2 0
github.com/cnoe-io/idpbuilder/pkg/registry/registry.go:92.16,93.22 1 0
github.com/cnoe-io/idpbuilder/pkg/registry/registry.go:93.22,95.4 1 0
github.com/cnoe-io/idpbuilder/pkg/registry/registry.go:96.3,96.64 1 0
github.com/cnoe-io/idpbuilder/pkg/registry/registry.go:100.2,100.21 1 0
github.com/cnoe-io/idpbuilder/pkg/registry/registry.go:100.21,102.3 1 0
github.com/cnoe-io/idpbuilder/pkg/registry/registry.go:105.2,111.23 2 0
github.com/cnoe-io/idpbuilder/pkg/registry/registry.go:111.23,119.3 1 0
github.com/cnoe-io/idpbuilder/pkg/registry/registry.go:122.2,123.16 2 0
github.com/cnoe-io/idpbuilder/pkg/registry/registry.go:123.16,125.22 2 0
github.com/cnoe-io/idpbuilder/pkg/registry/registry.go:125.22,127.4 1 0
github.com/cnoe-io/idpbuilder/pkg/registry/registry.go:128.3,128.18 1 0
github.com/cnoe-io/idpbuilder/pkg/registry/registry.go:132.2,133.16 2 0
github.com/cnoe-io/idpbuilder/pkg/registry/registry.go:133.16,134.22 1 0
github.com/cnoe-io/idpbuilder/pkg/registry/registry.go:134.22,136.4 1 0
github.com/cnoe-io/idpbuilder/pkg/registry/registry.go:137.3,137.64 1 0
github.com/cnoe-io/idpbuilder/pkg/registry/registry.go:141.2,142.31 2 0
github.com/cnoe-io/idpbuilder/pkg/registry/registry.go:142.31,144.17 2 0
github.com/cnoe-io/idpbuilder/pkg/registry/registry.go:144.17,146.4 1 0
github.com/cnoe-io/idpbuilder/pkg/registry/registry.go:150.2,157.21 2 0
github.com/cnoe-io/idpbuilder/pkg/registry/registry.go:157.21,159.3 1 0
github.com/cnoe-io/idpbuilder/pkg/registry/registry.go:161.2,161.20 1 0
github.com/cnoe-io/idpbuilder/pkg/registry/registry.go:165.43,166.16 1 1
github.com/cnoe-io/idpbuilder/pkg/registry/registry.go:166.16,168.3 1 0
github.com/cnoe-io/idpbuilder/pkg/registry/registry.go:170.2,177.46 2 1
github.com/cnoe-io/idpbuilder/pkg/registry/registry.go:177.46,182.3 1 1
github.com/cnoe-io/idpbuilder/pkg/registry/registry.go:185.2,189.68 2 1
github.com/cnoe-io/idpbuilder/pkg/registry/registry.go:189.68,191.3 1 1
github.com/cnoe-io/idpbuilder/pkg/registry/registry.go:194.2,196.49 1 1
github.com/cnoe-io/idpbuilder/pkg/registry/registry.go:196.49,198.3 1 1
github.com/cnoe-io/idpbuilder/pkg/registry/registry.go:201.2,204.48 1 1
github.com/cnoe-io/idpbuilder/pkg/registry/registry.go:204.48,206.3 1 1
github.com/cnoe-io/idpbuilder/pkg/registry/registry.go:209.2,210.42 2 1
github.com/cnoe-io/idpbuilder/pkg/registry/registry.go:210.42,212.16 2 1
github.com/cnoe-io/idpbuilder/pkg/registry/registry.go:212.16,214.4 1 1
github.com/cnoe-io/idpbuilder/pkg/registry/registry.go:218.2,218.61 1 1
github.com/cnoe-io/idpbuilder/pkg/registry/registry.go:218.61,220.3 1 0
github.com/cnoe-io/idpbuilder/pkg/registry/registry.go:222.2,227.3 1 1
github.com/cnoe-io/idpbuilder/pkg/registry/registry.go:231.47,236.29 3 1
github.com/cnoe-io/idpbuilder/pkg/registry/registry.go:236.29,238.57 1 1
github.com/cnoe-io/idpbuilder/pkg/registry/registry.go:238.57,240.4 1 1
github.com/cnoe-io/idpbuilder/pkg/registry/registry.go:241.3,241.22 1 1
github.com/cnoe-io/idpbuilder/pkg/registry/registry.go:241.22,242.79 1 1
github.com/cnoe-io/idpbuilder/pkg/registry/registry.go:242.79,244.5 1 1
github.com/cnoe-io/idpbuilder/pkg/registry/registry.go:248.2,248.17 1 1
github.com/cnoe-io/idpbuilder/pkg/registry/retry.go:28.39,36.2 1 1
github.com/cnoe-io/idpbuilder/pkg/registry/retry.go:46.85,48.28 1 1
github.com/cnoe-io/idpbuilder/pkg/registry/retry.go:48.28,50.3 1 1
github.com/cnoe-io/idpbuilder/pkg/registry/retry.go:51.2,51.30 1 1
github.com/cnoe-io/idpbuilder/pkg/registry/retry.go:51.30,53.3 1 1
github.com/cnoe-io/idpbuilder/pkg/registry/retry.go:54.2,54.26 1 1
github.com/cnoe-io/idpbuilder/pkg/registry/retry.go:54.26,56.3 1 1
github.com/cnoe-io/idpbuilder/pkg/registry/retry.go:57.2,57.35 1 1
github.com/cnoe-io/idpbuilder/pkg/registry/retry.go:57.35,59.3 1 1
github.com/cnoe-io/idpbuilder/pkg/registry/retry.go:61.2,64.3 1 1
github.com/cnoe-io/idpbuilder/pkg/registry/retry.go:69.127,72.62 2 1
github.com/cnoe-io/idpbuilder/pkg/registry/retry.go:72.62,74.10 1 1
github.com/cnoe-io/idpbuilder/pkg/registry/retry.go:75.21,80.5 1 0
github.com/cnoe-io/idpbuilder/pkg/registry/retry.go:81.11,81.11 0 1
github.com/cnoe-io/idpbuilder/pkg/registry/retry.go:85.3,86.17 2 1
github.com/cnoe-io/idpbuilder/pkg/registry/retry.go:86.17,88.4 1 1
github.com/cnoe-io/idpbuilder/pkg/registry/retry.go:91.3,91.26 1 1
github.com/cnoe-io/idpbuilder/pkg/registry/retry.go:91.26,93.4 1 1
github.com/cnoe-io/idpbuilder/pkg/registry/retry.go:96.3,96.37 1 1
github.com/cnoe-io/idpbuilder/pkg/registry/retry.go:96.37,98.9 2 1
github.com/cnoe-io/idpbuilder/pkg/registry/retry.go:102.3,105.33 2 1
github.com/cnoe-io/idpbuilder/pkg/registry/retry.go:105.33,107.4 1 1
github.com/cnoe-io/idpbuilder/pkg/registry/retry.go:110.3,110.10 1 1
github.com/cnoe-io/idpbuilder/pkg/registry/retry.go:111.21,116.5 1 1
github.com/cnoe-io/idpbuilder/pkg/registry/retry.go:117.28,117.28 0 1
github.com/cnoe-io/idpbuilder/pkg/registry/retry.go:121.3,121.16 1 1
github.com/cnoe-io/idpbuilder/pkg/registry/retry.go:125.2,129.3 1 1
github.com/cnoe-io/idpbuilder/pkg/registry/retry.go:134.55,135.16 1 1
github.com/cnoe-io/idpbuilder/pkg/registry/retry.go:135.16,137.3 1 1
github.com/cnoe-io/idpbuilder/pkg/registry/retry.go:140.2,141.30 2 1
github.com/cnoe-io/idpbuilder/pkg/registry/retry.go:141.30,143.3 1 1
github.com/cnoe-io/idpbuilder/pkg/registry/retry.go:146.2,147.29 2 1
github.com/cnoe-io/idpbuilder/pkg/registry/retry.go:147.29,149.3 1 1
github.com/cnoe-io/idpbuilder/pkg/registry/retry.go:152.2,159.44 3 1
github.com/cnoe-io/idpbuilder/pkg/registry/retry.go:159.44,160.42 1 1
github.com/cnoe-io/idpbuilder/pkg/registry/retry.go:160.42,162.4 1 1
github.com/cnoe-io/idpbuilder/pkg/registry/retry.go:165.2,165.14 1 0
github.com/cnoe-io/idpbuilder/pkg/registry/retry.go:171.69,173.40 2 1
github.com/cnoe-io/idpbuilder/pkg/registry/retry.go:173.40,175.3 1 1
github.com/cnoe-io/idpbuilder/pkg/registry/retry.go:176.2,176.29 1 1
github.com/cnoe-io/idpbuilder/pkg/registry/retry.go:181.91,182.59 1 1
github.com/cnoe-io/idpbuilder/pkg/registry/retry.go:182.59,185.3 2 1
github.com/cnoe-io/idpbuilder/pkg/registry/retry.go:189.53,191.2 1 1
github.com/cnoe-io/idpbuilder/pkg/registry/retry.go:194.43,196.2 1 1
github.com/cnoe-io/idpbuilder/pkg/registry/retry.go:199.48,200.48 1 1
github.com/cnoe-io/idpbuilder/pkg/registry/retry.go:200.48,202.39 2 1
github.com/cnoe-io/idpbuilder/pkg/registry/retry.go:202.39,203.32 1 1
github.com/cnoe-io/idpbuilder/pkg/registry/retry.go:203.32,205.10 2 1
github.com/cnoe-io/idpbuilder/pkg/registry/retry.go:208.3,208.12 1 1
github.com/cnoe-io/idpbuilder/pkg/registry/retry.go:208.12,210.4 1 1
github.com/cnoe-io/idpbuilder/pkg/registry/retry.go:212.2,212.14 1 1
github.com/cnoe-io/idpbuilder/pkg/registry/retry.go:217.31,219.30 2 1
github.com/cnoe-io/idpbuilder/pkg/registry/retry.go:219.30,221.27 2 1
github.com/cnoe-io/idpbuilder/pkg/registry/retry.go:221.27,223.4 1 1
github.com/cnoe-io/idpbuilder/pkg/registry/retry.go:223.9,225.4 1 1
github.com/cnoe-io/idpbuilder/pkg/registry/retry.go:227.2,227.23 1 1
github.com/cnoe-io/idpbuilder/pkg/daemon/client.go:66.38,67.20 1 1
github.com/cnoe-io/idpbuilder/pkg/daemon/client.go:67.20,69.3 1 1
github.com/cnoe-io/idpbuilder/pkg/daemon/client.go:70.2,70.18 1 0
github.com/cnoe-io/idpbuilder/pkg/daemon/client.go:74.38,76.2 1 1
github.com/cnoe-io/idpbuilder/pkg/daemon/client.go:85.45,87.2 1 1
github.com/cnoe-io/idpbuilder/pkg/daemon/daemon.go:23.55,27.50 2 1
github.com/cnoe-io/idpbuilder/pkg/daemon/daemon.go:27.50,29.3 1 1
github.com/cnoe-io/idpbuilder/pkg/daemon/daemon.go:32.2,32.58 1 1
github.com/cnoe-io/idpbuilder/pkg/daemon/daemon.go:32.58,34.3 1 1
github.com/cnoe-io/idpbuilder/pkg/daemon/daemon.go:36.2,36.20 1 1
github.com/cnoe-io/idpbuilder/pkg/daemon/daemon.go:40.112,43.16 2 1
github.com/cnoe-io/idpbuilder/pkg/daemon/daemon.go:43.16,45.3 1 0
github.com/cnoe-io/idpbuilder/pkg/daemon/daemon.go:48.2,49.16 2 1
github.com/cnoe-io/idpbuilder/pkg/daemon/daemon.go:49.16,50.27 1 1
github.com/cnoe-io/idpbuilder/pkg/daemon/daemon.go:50.27,52.4 1 1
github.com/cnoe-io/idpbuilder/pkg/daemon/daemon.go:53.3,53.31 1 0
github.com/cnoe-io/idpbuilder/pkg/daemon/daemon.go:53.31,59.4 1 0
github.com/cnoe-io/idpbuilder/pkg/daemon/daemon.go:60.3,63.4 1 0
github.com/cnoe-io/idpbuilder/pkg/daemon/daemon.go:67.2,68.16 2 1
github.com/cnoe-io/idpbuilder/pkg/daemon/daemon.go:68.16,70.3 1 0
github.com/cnoe-io/idpbuilder/pkg/daemon/daemon.go:72.2,73.16 2 1
github.com/cnoe-io/idpbuilder/pkg/daemon/daemon.go:73.16,75.3 1 0
github.com/cnoe-io/idpbuilder/pkg/daemon/daemon.go:78.2,79.31 2 1
github.com/cnoe-io/idpbuilder/pkg/daemon/daemon.go:79.31,82.3 2 1
github.com/cnoe-io/idpbuilder/pkg/daemon/daemon.go:84.2,93.12 3 1
github.com/cnoe-io/idpbuilder/pkg/daemon/daemon.go:93.12,95.53 2 1
github.com/cnoe-io/idpbuilder/pkg/daemon/daemon.go:95.53,97.4 1 0
github.com/cnoe-io/idpbuilder/pkg/daemon/daemon.go:100.2,100.35 1 1
github.com/cnoe-io/idpbuilder/pkg/daemon/daemon.go:104.96,106.16 2 1
github.com/cnoe-io/idpbuilder/pkg/daemon/daemon.go:106.16,108.3 1 0
github.com/cnoe-io/idpbuilder/pkg/daemon/daemon.go:110.2,111.16 2 1
github.com/cnoe-io/idpbuilder/pkg/daemon/daemon.go:111.16,112.27 1 1
github.com/cnoe-io/idpbuilder/pkg/daemon/daemon.go:112.27,114.4 1 1
github.com/cnoe-io/idpbuilder/pkg/daemon/daemon.go:115.3,115.31 1 0
github.com/cnoe-io/idpbuilder/pkg/daemon/daemon.go:115.31,121.4 1 0
github.com/cnoe-io/idpbuilder/pkg/daemon/daemon.go:122.3,125.4 1 0
github.com/cnoe-io/idpbuilder/pkg/daemon/daemon.go:128.2,128.18 1 1
github.com/cnoe-io/idpbuilder/pkg/daemon/daemon.go:132.63,137.16 3 1
github.com/cnoe-io/idpbuilder/pkg/daemon/daemon.go:137.16,140.3 1 0
github.com/cnoe-io/idpbuilder/pkg/daemon/daemon.go:142.2,142.30 1 1
github.com/cnoe-io/idpbuilder/pkg/daemon/daemon.go:142.30,148.3 1 1
github.com/cnoe-io/idpbuilder/pkg/daemon/daemon.go:151.2,151.12 1 1
github.com/cnoe-io/idpbuilder/pkg/daemon/daemon.go:159.56,161.2 1 0
github.com/cnoe-io/idpbuilder/pkg/daemon/daemon.go:163.36,165.2 1 1
github.com/cnoe-io/idpbuilder/pkg/daemon/daemon.go:168.38,169.16 1 1
github.com/cnoe-io/idpbuilder/pkg/daemon/daemon.go:169.16,171.3 1 0
github.com/cnoe-io/idpbuilder/pkg/daemon/daemon.go:172.2,175.47 2 1
github.com/cnoe-io/idpbuilder/pkg/daemon/daemon.go:179.42,180.16 1 1
github.com/cnoe-io/idpbuilder/pkg/daemon/daemon.go:180.16,182.3 1 0
github.com/cnoe-io/idpbuilder/pkg/daemon/daemon.go:183.2,188.43 2 1
