mode: set
github.com/cnoe-io/idpbuilder/pkg/certs/errors.go:15.43,17.21 2 1
github.com/cnoe-io/idpbuilder/pkg/certs/errors.go:17.21,19.3 1 1
github.com/cnoe-io/idpbuilder/pkg/certs/errors.go:20.2,20.12 1 1
github.com/cnoe-io/idpbuilder/pkg/certs/errors.go:23.43,25.2 1 1
github.com/cnoe-io/idpbuilder/pkg/certs/errors.go:28.113,35.2 1 1
github.com/cnoe-io/idpbuilder/pkg/certs/extractor.go:35.72,36.19 1 1
github.com/cnoe-io/idpbuilder/pkg/certs/extractor.go:36.19,38.3 1 1
github.com/cnoe-io/idpbuilder/pkg/certs/extractor.go:41.2,42.16 2 1
github.com/cnoe-io/idpbuilder/pkg/certs/extractor.go:42.16,48.3 1 1
github.com/cnoe-io/idpbuilder/pkg/certs/extractor.go:51.2,52.16 2 0
github.com/cnoe-io/idpbuilder/pkg/certs/extractor.go:52.16,58.3 1 0
github.com/cnoe-io/idpbuilder/pkg/certs/extractor.go:60.2,65.8 1 0
github.com/cnoe-io/idpbuilder/pkg/certs/extractor.go:69.90,75.16 3 0
github.com/cnoe-io/idpbuilder/pkg/certs/extractor.go:75.16,77.3 1 0
github.com/cnoe-io/idpbuilder/pkg/certs/extractor.go:79.2,83.16 3 0
github.com/cnoe-io/idpbuilder/pkg/certs/extractor.go:83.16,85.3 1 0
github.com/cnoe-io/idpbuilder/pkg/certs/extractor.go:88.2,89.16 2 0
github.com/cnoe-io/idpbuilder/pkg/certs/extractor.go:89.16,91.3 1 0
github.com/cnoe-io/idpbuilder/pkg/certs/extractor.go:94.2,94.52 1 0
github.com/cnoe-io/idpbuilder/pkg/certs/extractor.go:94.52,97.3 2 0
github.com/cnoe-io/idpbuilder/pkg/certs/extractor.go:100.2,100.59 1 0
github.com/cnoe-io/idpbuilder/pkg/certs/extractor.go:100.59,103.3 1 0
github.com/cnoe-io/idpbuilder/pkg/certs/extractor.go:105.2,108.18 2 0
github.com/cnoe-io/idpbuilder/pkg/certs/extractor.go:112.58,113.32 1 1
github.com/cnoe-io/idpbuilder/pkg/certs/extractor.go:113.32,116.3 1 1
github.com/cnoe-io/idpbuilder/pkg/certs/extractor.go:117.2,117.34 1 1
github.com/cnoe-io/idpbuilder/pkg/certs/extractor.go:121.75,122.17 1 1
github.com/cnoe-io/idpbuilder/pkg/certs/extractor.go:122.17,125.3 1 1
github.com/cnoe-io/idpbuilder/pkg/certs/extractor.go:127.2,130.30 2 1
github.com/cnoe-io/idpbuilder/pkg/certs/extractor.go:130.30,133.3 1 1
github.com/cnoe-io/idpbuilder/pkg/certs/extractor.go:136.2,136.32 1 1
github.com/cnoe-io/idpbuilder/pkg/certs/extractor.go:136.32,142.3 1 1
github.com/cnoe-io/idpbuilder/pkg/certs/extractor.go:145.2,145.55 1 1
github.com/cnoe-io/idpbuilder/pkg/certs/extractor.go:145.55,148.3 1 1
github.com/cnoe-io/idpbuilder/pkg/certs/extractor.go:150.2,150.12 1 1
github.com/cnoe-io/idpbuilder/pkg/certs/extractor.go:154.80,158.16 2 1
github.com/cnoe-io/idpbuilder/pkg/certs/extractor.go:158.16,164.3 1 0
github.com/cnoe-io/idpbuilder/pkg/certs/extractor.go:166.2,166.26 1 1
github.com/cnoe-io/idpbuilder/pkg/certs/extractor.go:166.26,168.3 1 1
github.com/cnoe-io/idpbuilder/pkg/certs/extractor.go:171.2,171.33 1 1
github.com/cnoe-io/idpbuilder/pkg/certs/extractor.go:171.33,172.44 1 1
github.com/cnoe-io/idpbuilder/pkg/certs/extractor.go:172.44,174.4 1 1
github.com/cnoe-io/idpbuilder/pkg/certs/extractor.go:177.2,181.5 1 1
github.com/cnoe-io/idpbuilder/pkg/certs/extractor.go:185.98,200.16 4 0
github.com/cnoe-io/idpbuilder/pkg/certs/extractor.go:200.16,206.3 1 0
github.com/cnoe-io/idpbuilder/pkg/certs/extractor.go:209.2,215.16 3 0
github.com/cnoe-io/idpbuilder/pkg/certs/extractor.go:215.16,217.94 2 0
github.com/cnoe-io/idpbuilder/pkg/certs/extractor.go:217.94,219.4 1 0
github.com/cnoe-io/idpbuilder/pkg/certs/extractor.go:220.3,224.6 1 0
github.com/cnoe-io/idpbuilder/pkg/certs/extractor.go:227.2,228.20 2 0
github.com/cnoe-io/idpbuilder/pkg/certs/extractor.go:228.20,234.3 1 0
github.com/cnoe-io/idpbuilder/pkg/certs/extractor.go:236.2,236.30 1 0
github.com/cnoe-io/idpbuilder/pkg/certs/extractor.go:240.82,242.18 2 1
github.com/cnoe-io/idpbuilder/pkg/certs/extractor.go:242.18,248.3 1 1
github.com/cnoe-io/idpbuilder/pkg/certs/extractor.go:250.2,250.33 1 1
github.com/cnoe-io/idpbuilder/pkg/certs/extractor.go:250.33,257.3 1 0
github.com/cnoe-io/idpbuilder/pkg/certs/extractor.go:259.2,260.16 2 1
github.com/cnoe-io/idpbuilder/pkg/certs/extractor.go:260.16,266.3 1 0
github.com/cnoe-io/idpbuilder/pkg/certs/extractor.go:268.2,268.18 1 1
github.com/cnoe-io/idpbuilder/pkg/certs/extractor.go:272.85,276.41 2 1
github.com/cnoe-io/idpbuilder/pkg/certs/extractor.go:276.41,278.17 2 0
github.com/cnoe-io/idpbuilder/pkg/certs/extractor.go:278.17,284.4 1 0
github.com/cnoe-io/idpbuilder/pkg/certs/extractor.go:285.3,285.53 1 0
github.com/cnoe-io/idpbuilder/pkg/certs/extractor.go:289.2,290.47 2 1
github.com/cnoe-io/idpbuilder/pkg/certs/extractor.go:290.47,296.3 1 0
github.com/cnoe-io/idpbuilder/pkg/certs/extractor.go:299.2,299.62 1 1
github.com/cnoe-io/idpbuilder/pkg/certs/extractor.go:299.62,301.3 1 0
github.com/cnoe-io/idpbuilder/pkg/certs/extractor.go:303.2,304.12 2 1
github.com/cnoe-io/idpbuilder/pkg/certs/extractor.go:308.62,315.23 3 1
github.com/cnoe-io/idpbuilder/pkg/certs/extractor.go:315.23,317.3 1 1
github.com/cnoe-io/idpbuilder/pkg/certs/extractor.go:319.2,320.30 2 1
github.com/cnoe-io/idpbuilder/pkg/certs/types.go:59.48,68.2 1 1
github.com/cnoe-io/idpbuilder/pkg/certs/validator.go:21.54,26.2 1 1
github.com/cnoe-io/idpbuilder/pkg/certs/validator.go:29.65,30.17 1 1
github.com/cnoe-io/idpbuilder/pkg/certs/validator.go:30.17,35.3 1 1
github.com/cnoe-io/idpbuilder/pkg/certs/validator.go:39.2,39.51 1 1
github.com/cnoe-io/idpbuilder/pkg/certs/validator.go:39.51,43.3 2 1
github.com/cnoe-io/idpbuilder/pkg/certs/validator.go:47.2,50.12 2 0
github.com/cnoe-io/idpbuilder/pkg/certs/validator.go:54.81,55.17 1 1
github.com/cnoe-io/idpbuilder/pkg/certs/validator.go:55.17,60.3 1 1
github.com/cnoe-io/idpbuilder/pkg/certs/validator.go:62.2,65.30 2 1
github.com/cnoe-io/idpbuilder/pkg/certs/validator.go:65.30,71.3 1 1
github.com/cnoe-io/idpbuilder/pkg/certs/validator.go:74.2,74.32 1 1
github.com/cnoe-io/idpbuilder/pkg/certs/validator.go:74.32,80.3 1 1
github.com/cnoe-io/idpbuilder/pkg/certs/validator.go:83.2,86.39 2 1
github.com/cnoe-io/idpbuilder/pkg/certs/validator.go:86.39,90.3 1 1
github.com/cnoe-io/idpbuilder/pkg/certs/validator.go:92.2,92.30 1 1
github.com/cnoe-io/idpbuilder/pkg/certs/validator.go:96.83,97.17 1 1
github.com/cnoe-io/idpbuilder/pkg/certs/validator.go:97.17,102.3 1 1
github.com/cnoe-io/idpbuilder/pkg/certs/validator.go:104.2,104.20 1 1
github.com/cnoe-io/idpbuilder/pkg/certs/validator.go:104.20,109.3 1 1
github.com/cnoe-io/idpbuilder/pkg/certs/validator.go:112.2,113.16 2 1
github.com/cnoe-io/idpbuilder/pkg/certs/validator.go:113.16,120.3 1 1
github.com/cnoe-io/idpbuilder/pkg/certs/validator.go:122.2,123.12 2 1
github.com/cnoe-io/idpbuilder/pkg/certs/validator.go:127.69,128.19 1 1
github.com/cnoe-io/idpbuilder/pkg/certs/validator.go:128.19,133.3 1 1
github.com/cnoe-io/idpbuilder/pkg/certs/validator.go:135.2,150.30 4 1
github.com/cnoe-io/idpbuilder/pkg/certs/validator.go:150.30,156.3 3 1
github.com/cnoe-io/idpbuilder/pkg/certs/validator.go:156.8,156.39 1 1
github.com/cnoe-io/idpbuilder/pkg/certs/validator.go:156.39,162.3 3 1
github.com/cnoe-io/idpbuilder/pkg/certs/validator.go:165.2,165.73 1 1
github.com/cnoe-io/idpbuilder/pkg/certs/validator.go:165.73,170.3 2 1
github.com/cnoe-io/idpbuilder/pkg/certs/validator.go:173.2,173.51 1 1
github.com/cnoe-io/idpbuilder/pkg/certs/validator.go:173.51,176.3 1 1
github.com/cnoe-io/idpbuilder/pkg/certs/validator.go:179.2,179.29 1 1
github.com/cnoe-io/idpbuilder/pkg/certs/validator.go:179.29,184.3 2 0
github.com/cnoe-io/idpbuilder/pkg/certs/validator.go:186.2,191.25 2 1
github.com/cnoe-io/idpbuilder/pkg/certs/validator.go:195.92,197.46 1 1
github.com/cnoe-io/idpbuilder/pkg/certs/validator.go:197.46,199.3 1 0
github.com/cnoe-io/idpbuilder/pkg/certs/validator.go:202.2,202.47 1 1
github.com/cnoe-io/idpbuilder/pkg/certs/validator.go:202.47,204.3 1 1
github.com/cnoe-io/idpbuilder/pkg/certs/validator.go:207.2,207.24 1 1
github.com/cnoe-io/idpbuilder/pkg/certs/validator.go:207.24,208.62 1 1
github.com/cnoe-io/idpbuilder/pkg/certs/validator.go:208.62,213.4 1 1
github.com/cnoe-io/idpbuilder/pkg/certs/validator.go:216.2,216.12 1 1
