mode: set
github.com/cnoe-io/idpbuilder/pkg/docker/client.go:37.34,43.16 2 1
github.com/cnoe-io/idpbuilder/pkg/docker/client.go:43.16,47.3 1 0
github.com/cnoe-io/idpbuilder/pkg/docker/client.go:50.2,52.16 3 1
github.com/cnoe-io/idpbuilder/pkg/docker/client.go:52.16,56.3 1 0
github.com/cnoe-io/idpbuilder/pkg/docker/client.go:58.2,60.8 1 1
github.com/cnoe-io/idpbuilder/pkg/docker/client.go:87.89,89.55 1 1
github.com/cnoe-io/idpbuilder/pkg/docker/client.go:89.55,91.3 1 1
github.com/cnoe-io/idpbuilder/pkg/docker/client.go:94.2,95.16 2 1
github.com/cnoe-io/idpbuilder/pkg/docker/client.go:95.16,97.30 1 1
github.com/cnoe-io/idpbuilder/pkg/docker/client.go:97.30,99.4 1 1
github.com/cnoe-io/idpbuilder/pkg/docker/client.go:101.3,101.51 1 1
github.com/cnoe-io/idpbuilder/pkg/docker/client.go:104.2,104.18 1 1
github.com/cnoe-io/idpbuilder/pkg/docker/client.go:131.90,133.55 1 1
github.com/cnoe-io/idpbuilder/pkg/docker/client.go:133.55,135.3 1 1
github.com/cnoe-io/idpbuilder/pkg/docker/client.go:138.2,139.16 2 1
github.com/cnoe-io/idpbuilder/pkg/docker/client.go:139.16,141.3 1 0
github.com/cnoe-io/idpbuilder/pkg/docker/client.go:142.2,142.13 1 1
github.com/cnoe-io/idpbuilder/pkg/docker/client.go:142.13,146.3 1 1
github.com/cnoe-io/idpbuilder/pkg/docker/client.go:149.2,150.16 2 1
github.com/cnoe-io/idpbuilder/pkg/docker/client.go:150.16,155.3 1 0
github.com/cnoe-io/idpbuilder/pkg/docker/client.go:158.2,159.16 2 1
github.com/cnoe-io/idpbuilder/pkg/docker/client.go:159.16,164.3 1 0
github.com/cnoe-io/idpbuilder/pkg/docker/client.go:166.2,166.17 1 1
github.com/cnoe-io/idpbuilder/pkg/docker/client.go:190.66,192.21 1 1
github.com/cnoe-io/idpbuilder/pkg/docker/client.go:192.21,197.3 1 1
github.com/cnoe-io/idpbuilder/pkg/docker/client.go:200.2,213.38 2 1
github.com/cnoe-io/idpbuilder/pkg/docker/client.go:213.38,214.38 1 1
github.com/cnoe-io/idpbuilder/pkg/docker/client.go:214.38,219.4 1 1
github.com/cnoe-io/idpbuilder/pkg/docker/client.go:223.2,223.12 1 1
github.com/cnoe-io/idpbuilder/pkg/docker/client.go:241.38,242.18 1 1
github.com/cnoe-io/idpbuilder/pkg/docker/client.go:242.18,244.3 1 1
github.com/cnoe-io/idpbuilder/pkg/docker/client.go:245.2,245.12 1 0
github.com/cnoe-io/idpbuilder/pkg/docker/client.go:249.44,250.30 1 1
github.com/cnoe-io/idpbuilder/pkg/docker/client.go:250.30,251.62 1 1
github.com/cnoe-io/idpbuilder/pkg/docker/client.go:251.62,253.4 1 1
github.com/cnoe-io/idpbuilder/pkg/docker/client.go:255.2,255.14 1 1
github.com/cnoe-io/idpbuilder/pkg/docker/errors.go:10.48,12.2 1 0
github.com/cnoe-io/idpbuilder/pkg/docker/errors.go:14.48,16.2 1 0
github.com/cnoe-io/idpbuilder/pkg/docker/errors.go:23.45,25.2 1 0
github.com/cnoe-io/idpbuilder/pkg/docker/errors.go:33.47,35.2 1 0
github.com/cnoe-io/idpbuilder/pkg/docker/errors.go:37.47,39.2 1 0
github.com/cnoe-io/idpbuilder/pkg/docker/errors.go:47.42,49.2 1 0
