mode: set
github.com/jessesanford/idpbuilder/pkg/docker/client.go:27.34,33.16 2 1
github.com/jessesanford/idpbuilder/pkg/docker/client.go:33.16,35.3 1 0
github.com/jessesanford/idpbuilder/pkg/docker/client.go:38.2,40.16 3 1
github.com/jessesanford/idpbuilder/pkg/docker/client.go:40.16,43.3 2 0
github.com/jessesanford/idpbuilder/pkg/docker/client.go:45.2,45.37 1 1
github.com/jessesanford/idpbuilder/pkg/docker/client.go:62.89,64.55 1 1
github.com/jessesanford/idpbuilder/pkg/docker/client.go:64.55,66.3 1 1
github.com/jessesanford/idpbuilder/pkg/docker/client.go:69.2,70.16 2 1
github.com/jessesanford/idpbuilder/pkg/docker/client.go:70.16,72.32 1 1
github.com/jessesanford/idpbuilder/pkg/docker/client.go:72.32,74.4 1 1
github.com/jessesanford/idpbuilder/pkg/docker/client.go:76.3,76.51 1 1
github.com/jessesanford/idpbuilder/pkg/docker/client.go:79.2,79.18 1 0
github.com/jessesanford/idpbuilder/pkg/docker/client.go:96.90,99.16 2 1
github.com/jessesanford/idpbuilder/pkg/docker/client.go:99.16,102.3 1 1
github.com/jessesanford/idpbuilder/pkg/docker/client.go:103.2,103.13 1 1
github.com/jessesanford/idpbuilder/pkg/docker/client.go:103.13,105.3 1 1
github.com/jessesanford/idpbuilder/pkg/docker/client.go:108.2,109.16 2 0
github.com/jessesanford/idpbuilder/pkg/docker/client.go:109.16,114.3 1 0
github.com/jessesanford/idpbuilder/pkg/docker/client.go:117.2,118.16 2 0
github.com/jessesanford/idpbuilder/pkg/docker/client.go:118.16,123.3 1 0
github.com/jessesanford/idpbuilder/pkg/docker/client.go:125.2,125.17 1 0
github.com/jessesanford/idpbuilder/pkg/docker/client.go:140.66,142.21 1 1
github.com/jessesanford/idpbuilder/pkg/docker/client.go:142.21,147.3 1 1
github.com/jessesanford/idpbuilder/pkg/docker/client.go:151.2,152.44 2 1
github.com/jessesanford/idpbuilder/pkg/docker/client.go:152.44,157.3 1 1
github.com/jessesanford/idpbuilder/pkg/docker/client.go:161.2,161.33 1 1
github.com/jessesanford/idpbuilder/pkg/docker/client.go:161.33,162.30 1 1
github.com/jessesanford/idpbuilder/pkg/docker/client.go:162.30,167.4 1 0
github.com/jessesanford/idpbuilder/pkg/docker/client.go:170.2,170.12 1 1
github.com/jessesanford/idpbuilder/pkg/docker/client.go:180.38,181.18 1 1
github.com/jessesanford/idpbuilder/pkg/docker/client.go:181.18,183.3 1 0
github.com/jessesanford/idpbuilder/pkg/docker/client.go:184.2,184.22 1 1
github.com/jessesanford/idpbuilder/pkg/docker/client.go:190.51,191.33 1 1
github.com/jessesanford/idpbuilder/pkg/docker/client.go:191.33,192.34 1 1
github.com/jessesanford/idpbuilder/pkg/docker/client.go:192.34,194.4 1 1
github.com/jessesanford/idpbuilder/pkg/docker/client.go:196.2,196.14 1 1
github.com/jessesanford/idpbuilder/pkg/docker/client.go:201.36,210.2 1 1
github.com/jessesanford/idpbuilder/pkg/docker/errors.go:10.48,12.2 1 1
github.com/jessesanford/idpbuilder/pkg/docker/errors.go:14.48,16.2 1 0
github.com/jessesanford/idpbuilder/pkg/docker/errors.go:23.45,25.2 1 0
github.com/jessesanford/idpbuilder/pkg/docker/errors.go:33.47,35.2 1 0
github.com/jessesanford/idpbuilder/pkg/docker/errors.go:37.47,39.2 1 0
github.com/jessesanford/idpbuilder/pkg/docker/errors.go:47.42,49.2 1 1
