mode: atomic
github.com/cnoe-io/idpbuilder/globals/project.go:18.46,20.2 1 0
github.com/cnoe-io/idpbuilder/main.go:13.13,21.12 6 0
github.com/cnoe-io/idpbuilder/main.go:21.12,22.10 1 0
github.com/cnoe-io/idpbuilder/main.go:23.22,24.45 1 0
github.com/cnoe-io/idpbuilder/main.go:28.2,28.18 1 0
github.com/cnoe-io/idpbuilder/api/v1alpha1/groupversion_info.go:21.13,25.2 3 0
github.com/cnoe-io/idpbuilder/api/v1alpha1/localbuild_types.go:113.50,115.2 1 0
github.com/cnoe-io/idpbuilder/api/v1alpha1/localbuild_types.go:117.65,119.2 1 0
github.com/cnoe-io/idpbuilder/api/v1alpha1/zz_generated.deepcopy.go:28.67,30.2 1 0
github.com/cnoe-io/idpbuilder/api/v1alpha1/zz_generated.deepcopy.go:33.60,34.15 1 0
github.com/cnoe-io/idpbuilder/api/v1alpha1/zz_generated.deepcopy.go:34.15,36.3 1 0
github.com/cnoe-io/idpbuilder/api/v1alpha1/zz_generated.deepcopy.go:37.2,39.12 3 0
github.com/cnoe-io/idpbuilder/api/v1alpha1/zz_generated.deepcopy.go:43.57,45.2 1 0
github.com/cnoe-io/idpbuilder/api/v1alpha1/zz_generated.deepcopy.go:48.50,49.15 1 0
github.com/cnoe-io/idpbuilder/api/v1alpha1/zz_generated.deepcopy.go:49.15,51.3 1 0
github.com/cnoe-io/idpbuilder/api/v1alpha1/zz_generated.deepcopy.go:52.2,54.12 3 0
github.com/cnoe-io/idpbuilder/api/v1alpha1/zz_generated.deepcopy.go:58.75,60.2 1 0
github.com/cnoe-io/idpbuilder/api/v1alpha1/zz_generated.deepcopy.go:63.68,64.15 1 0
github.com/cnoe-io/idpbuilder/api/v1alpha1/zz_generated.deepcopy.go:64.15,66.3 1 0
github.com/cnoe-io/idpbuilder/api/v1alpha1/zz_generated.deepcopy.go:67.2,69.12 3 0
github.com/cnoe-io/idpbuilder/api/v1alpha1/zz_generated.deepcopy.go:73.77,75.2 1 0
github.com/cnoe-io/idpbuilder/api/v1alpha1/zz_generated.deepcopy.go:78.70,79.15 1 0
github.com/cnoe-io/idpbuilder/api/v1alpha1/zz_generated.deepcopy.go:79.15,81.3 1 0
github.com/cnoe-io/idpbuilder/api/v1alpha1/zz_generated.deepcopy.go:82.2,84.12 3 0
github.com/cnoe-io/idpbuilder/api/v1alpha1/zz_generated.deepcopy.go:88.45,90.2 1 0
github.com/cnoe-io/idpbuilder/api/v1alpha1/zz_generated.deepcopy.go:93.38,94.15 1 0
github.com/cnoe-io/idpbuilder/api/v1alpha1/zz_generated.deepcopy.go:94.15,96.3 1 0
github.com/cnoe-io/idpbuilder/api/v1alpha1/zz_generated.deepcopy.go:97.2,99.12 3 0
github.com/cnoe-io/idpbuilder/api/v1alpha1/zz_generated.deepcopy.go:103.59,109.2 5 0
github.com/cnoe-io/idpbuilder/api/v1alpha1/zz_generated.deepcopy.go:112.52,113.15 1 0
github.com/cnoe-io/idpbuilder/api/v1alpha1/zz_generated.deepcopy.go:113.15,115.3 1 0
github.com/cnoe-io/idpbuilder/api/v1alpha1/zz_generated.deepcopy.go:116.2,118.12 3 0
github.com/cnoe-io/idpbuilder/api/v1alpha1/zz_generated.deepcopy.go:122.58,123.34 1 0
github.com/cnoe-io/idpbuilder/api/v1alpha1/zz_generated.deepcopy.go:123.34,125.3 1 0
github.com/cnoe-io/idpbuilder/api/v1alpha1/zz_generated.deepcopy.go:126.2,126.12 1 0
github.com/cnoe-io/idpbuilder/api/v1alpha1/zz_generated.deepcopy.go:130.67,134.21 4 0
github.com/cnoe-io/idpbuilder/api/v1alpha1/zz_generated.deepcopy.go:134.21,137.22 3 0
github.com/cnoe-io/idpbuilder/api/v1alpha1/zz_generated.deepcopy.go:137.22,139.4 1 0
github.com/cnoe-io/idpbuilder/api/v1alpha1/zz_generated.deepcopy.go:144.60,145.15 1 0
github.com/cnoe-io/idpbuilder/api/v1alpha1/zz_generated.deepcopy.go:145.15,147.3 1 0
github.com/cnoe-io/idpbuilder/api/v1alpha1/zz_generated.deepcopy.go:148.2,150.12 3 0
github.com/cnoe-io/idpbuilder/api/v1alpha1/zz_generated.deepcopy.go:154.62,155.34 1 0
github.com/cnoe-io/idpbuilder/api/v1alpha1/zz_generated.deepcopy.go:155.34,157.3 1 0
github.com/cnoe-io/idpbuilder/api/v1alpha1/zz_generated.deepcopy.go:158.2,158.12 1 0
github.com/cnoe-io/idpbuilder/api/v1alpha1/zz_generated.deepcopy.go:162.67,167.2 4 0
github.com/cnoe-io/idpbuilder/api/v1alpha1/zz_generated.deepcopy.go:170.60,171.15 1 0
github.com/cnoe-io/idpbuilder/api/v1alpha1/zz_generated.deepcopy.go:171.15,173.3 1 0
github.com/cnoe-io/idpbuilder/api/v1alpha1/zz_generated.deepcopy.go:174.2,176.12 3 0
github.com/cnoe-io/idpbuilder/api/v1alpha1/zz_generated.deepcopy.go:180.71,182.33 2 0
github.com/cnoe-io/idpbuilder/api/v1alpha1/zz_generated.deepcopy.go:182.33,186.3 3 0
github.com/cnoe-io/idpbuilder/api/v1alpha1/zz_generated.deepcopy.go:190.64,191.15 1 0
github.com/cnoe-io/idpbuilder/api/v1alpha1/zz_generated.deepcopy.go:191.15,193.3 1 0
github.com/cnoe-io/idpbuilder/api/v1alpha1/zz_generated.deepcopy.go:194.2,196.12 3 0
github.com/cnoe-io/idpbuilder/api/v1alpha1/zz_generated.deepcopy.go:200.115,202.2 1 0
github.com/cnoe-io/idpbuilder/api/v1alpha1/zz_generated.deepcopy.go:205.108,206.15 1 0
github.com/cnoe-io/idpbuilder/api/v1alpha1/zz_generated.deepcopy.go:206.15,208.3 1 0
github.com/cnoe-io/idpbuilder/api/v1alpha1/zz_generated.deepcopy.go:209.2,211.12 3 0
github.com/cnoe-io/idpbuilder/api/v1alpha1/zz_generated.deepcopy.go:215.59,221.2 5 0
github.com/cnoe-io/idpbuilder/api/v1alpha1/zz_generated.deepcopy.go:224.52,225.15 1 0
github.com/cnoe-io/idpbuilder/api/v1alpha1/zz_generated.deepcopy.go:225.15,227.3 1 0
github.com/cnoe-io/idpbuilder/api/v1alpha1/zz_generated.deepcopy.go:228.2,230.12 3 0
github.com/cnoe-io/idpbuilder/api/v1alpha1/zz_generated.deepcopy.go:234.58,235.34 1 0
github.com/cnoe-io/idpbuilder/api/v1alpha1/zz_generated.deepcopy.go:235.34,237.3 1 0
github.com/cnoe-io/idpbuilder/api/v1alpha1/zz_generated.deepcopy.go:238.2,238.12 1 0
github.com/cnoe-io/idpbuilder/api/v1alpha1/zz_generated.deepcopy.go:242.67,246.21 4 0
github.com/cnoe-io/idpbuilder/api/v1alpha1/zz_generated.deepcopy.go:246.21,249.22 3 0
github.com/cnoe-io/idpbuilder/api/v1alpha1/zz_generated.deepcopy.go:249.22,251.4 1 0
github.com/cnoe-io/idpbuilder/api/v1alpha1/zz_generated.deepcopy.go:256.60,257.15 1 0
github.com/cnoe-io/idpbuilder/api/v1alpha1/zz_generated.deepcopy.go:257.15,259.3 1 0
github.com/cnoe-io/idpbuilder/api/v1alpha1/zz_generated.deepcopy.go:260.2,262.12 3 0
github.com/cnoe-io/idpbuilder/api/v1alpha1/zz_generated.deepcopy.go:266.62,267.34 1 0
github.com/cnoe-io/idpbuilder/api/v1alpha1/zz_generated.deepcopy.go:267.34,269.3 1 0
github.com/cnoe-io/idpbuilder/api/v1alpha1/zz_generated.deepcopy.go:270.2,270.12 1 0
github.com/cnoe-io/idpbuilder/api/v1alpha1/zz_generated.deepcopy.go:274.71,277.2 2 0
github.com/cnoe-io/idpbuilder/api/v1alpha1/zz_generated.deepcopy.go:280.64,281.15 1 0
github.com/cnoe-io/idpbuilder/api/v1alpha1/zz_generated.deepcopy.go:281.15,283.3 1 0
github.com/cnoe-io/idpbuilder/api/v1alpha1/zz_generated.deepcopy.go:284.2,286.12 3 0
github.com/cnoe-io/idpbuilder/api/v1alpha1/zz_generated.deepcopy.go:290.67,296.2 5 0
github.com/cnoe-io/idpbuilder/api/v1alpha1/zz_generated.deepcopy.go:299.60,300.15 1 0
github.com/cnoe-io/idpbuilder/api/v1alpha1/zz_generated.deepcopy.go:300.15,302.3 1 0
github.com/cnoe-io/idpbuilder/api/v1alpha1/zz_generated.deepcopy.go:303.2,305.12 3 0
github.com/cnoe-io/idpbuilder/api/v1alpha1/zz_generated.deepcopy.go:309.71,312.2 2 0
github.com/cnoe-io/idpbuilder/api/v1alpha1/zz_generated.deepcopy.go:315.64,316.15 1 0
github.com/cnoe-io/idpbuilder/api/v1alpha1/zz_generated.deepcopy.go:316.15,318.3 1 0
github.com/cnoe-io/idpbuilder/api/v1alpha1/zz_generated.deepcopy.go:319.2,321.12 3 0
github.com/cnoe-io/idpbuilder/api/v1alpha1/zz_generated.deepcopy.go:325.55,327.2 1 0
github.com/cnoe-io/idpbuilder/api/v1alpha1/zz_generated.deepcopy.go:330.48,331.15 1 0
github.com/cnoe-io/idpbuilder/api/v1alpha1/zz_generated.deepcopy.go:331.15,333.3 1 0
github.com/cnoe-io/idpbuilder/api/v1alpha1/zz_generated.deepcopy.go:334.2,336.12 3 0
github.com/cnoe-io/idpbuilder/api/v1alpha1/zz_generated.deepcopy.go:340.53,346.2 5 0
github.com/cnoe-io/idpbuilder/api/v1alpha1/zz_generated.deepcopy.go:349.46,350.15 1 0
github.com/cnoe-io/idpbuilder/api/v1alpha1/zz_generated.deepcopy.go:350.15,352.3 1 0
github.com/cnoe-io/idpbuilder/api/v1alpha1/zz_generated.deepcopy.go:353.2,355.12 3 0
github.com/cnoe-io/idpbuilder/api/v1alpha1/zz_generated.deepcopy.go:359.55,360.34 1 0
github.com/cnoe-io/idpbuilder/api/v1alpha1/zz_generated.deepcopy.go:360.34,362.3 1 0
github.com/cnoe-io/idpbuilder/api/v1alpha1/zz_generated.deepcopy.go:363.2,363.12 1 0
github.com/cnoe-io/idpbuilder/api/v1alpha1/zz_generated.deepcopy.go:367.61,371.21 4 0
github.com/cnoe-io/idpbuilder/api/v1alpha1/zz_generated.deepcopy.go:371.21,374.22 3 0
github.com/cnoe-io/idpbuilder/api/v1alpha1/zz_generated.deepcopy.go:374.22,376.4 1 0
github.com/cnoe-io/idpbuilder/api/v1alpha1/zz_generated.deepcopy.go:381.54,382.15 1 0
github.com/cnoe-io/idpbuilder/api/v1alpha1/zz_generated.deepcopy.go:382.15,384.3 1 0
github.com/cnoe-io/idpbuilder/api/v1alpha1/zz_generated.deepcopy.go:385.2,387.12 3 0
github.com/cnoe-io/idpbuilder/api/v1alpha1/zz_generated.deepcopy.go:391.59,392.34 1 0
github.com/cnoe-io/idpbuilder/api/v1alpha1/zz_generated.deepcopy.go:392.34,394.3 1 0
github.com/cnoe-io/idpbuilder/api/v1alpha1/zz_generated.deepcopy.go:395.2,395.12 1 0
github.com/cnoe-io/idpbuilder/api/v1alpha1/zz_generated.deepcopy.go:399.61,403.2 3 0
github.com/cnoe-io/idpbuilder/api/v1alpha1/zz_generated.deepcopy.go:406.54,407.15 1 0
github.com/cnoe-io/idpbuilder/api/v1alpha1/zz_generated.deepcopy.go:407.15,409.3 1 0
github.com/cnoe-io/idpbuilder/api/v1alpha1/zz_generated.deepcopy.go:410.2,412.12 3 0
github.com/cnoe-io/idpbuilder/api/v1alpha1/zz_generated.deepcopy.go:416.65,421.2 4 0
github.com/cnoe-io/idpbuilder/api/v1alpha1/zz_generated.deepcopy.go:424.58,425.15 1 0
github.com/cnoe-io/idpbuilder/api/v1alpha1/zz_generated.deepcopy.go:425.15,427.3 1 0
github.com/cnoe-io/idpbuilder/api/v1alpha1/zz_generated.deepcopy.go:428.2,430.12 3 0
github.com/cnoe-io/idpbuilder/api/v1alpha1/zz_generated.deepcopy.go:434.55,436.2 1 0
github.com/cnoe-io/idpbuilder/api/v1alpha1/zz_generated.deepcopy.go:439.48,440.15 1 0
github.com/cnoe-io/idpbuilder/api/v1alpha1/zz_generated.deepcopy.go:440.15,442.3 1 0
github.com/cnoe-io/idpbuilder/api/v1alpha1/zz_generated.deepcopy.go:443.2,445.12 3 0
github.com/cnoe-io/idpbuilder/api/v1alpha1/zz_generated.deepcopy.go:449.51,451.2 1 0
github.com/cnoe-io/idpbuilder/api/v1alpha1/zz_generated.deepcopy.go:454.44,455.15 1 0
github.com/cnoe-io/idpbuilder/api/v1alpha1/zz_generated.deepcopy.go:455.15,457.3 1 0
github.com/cnoe-io/idpbuilder/api/v1alpha1/zz_generated.deepcopy.go:458.2,460.12 3 0
github.com/cnoe-io/idpbuilder/api/v1alpha1/zz_generated.deepcopy.go:464.69,468.34 4 0
github.com/cnoe-io/idpbuilder/api/v1alpha1/zz_generated.deepcopy.go:468.34,472.3 3 0
github.com/cnoe-io/idpbuilder/api/v1alpha1/zz_generated.deepcopy.go:473.2,473.33 1 0
github.com/cnoe-io/idpbuilder/api/v1alpha1/zz_generated.deepcopy.go:473.33,477.3 3 0
github.com/cnoe-io/idpbuilder/api/v1alpha1/zz_generated.deepcopy.go:478.2,478.33 1 0
github.com/cnoe-io/idpbuilder/api/v1alpha1/zz_generated.deepcopy.go:478.33,482.3 3 0
github.com/cnoe-io/idpbuilder/api/v1alpha1/zz_generated.deepcopy.go:483.2,483.40 1 0
github.com/cnoe-io/idpbuilder/api/v1alpha1/zz_generated.deepcopy.go:483.40,486.29 3 0
github.com/cnoe-io/idpbuilder/api/v1alpha1/zz_generated.deepcopy.go:486.29,488.4 1 0
github.com/cnoe-io/idpbuilder/api/v1alpha1/zz_generated.deepcopy.go:493.62,494.15 1 0
github.com/cnoe-io/idpbuilder/api/v1alpha1/zz_generated.deepcopy.go:494.15,496.3 1 0
github.com/cnoe-io/idpbuilder/api/v1alpha1/zz_generated.deepcopy.go:497.2,499.12 3 0
github.com/cnoe-io/idpbuilder/api/v1alpha1/zz_generated.deepcopy.go:503.73,505.2 1 0
github.com/cnoe-io/idpbuilder/api/v1alpha1/zz_generated.deepcopy.go:508.66,509.15 1 0
github.com/cnoe-io/idpbuilder/api/v1alpha1/zz_generated.deepcopy.go:509.15,511.3 1 0
github.com/cnoe-io/idpbuilder/api/v1alpha1/zz_generated.deepcopy.go:512.2,514.12 3 0
github.com/cnoe-io/idpbuilder/api/v1alpha1/zz_generated.deepcopy.go:518.49,520.2 1 0
github.com/cnoe-io/idpbuilder/api/v1alpha1/zz_generated.deepcopy.go:523.42,524.15 1 0
github.com/cnoe-io/idpbuilder/api/v1alpha1/zz_generated.deepcopy.go:524.15,526.3 1 0
github.com/cnoe-io/idpbuilder/api/v1alpha1/zz_generated.deepcopy.go:527.2,529.12 3 0
github.com/cnoe-io/idpbuilder/api/v1alpha1/zz_generated.deepcopy.go:533.73,535.2 1 0
github.com/cnoe-io/idpbuilder/api/v1alpha1/zz_generated.deepcopy.go:538.66,539.15 1 0
github.com/cnoe-io/idpbuilder/api/v1alpha1/zz_generated.deepcopy.go:539.15,541.3 1 0
github.com/cnoe-io/idpbuilder/api/v1alpha1/zz_generated.deepcopy.go:542.2,544.12 3 0
github.com/cnoe-io/idpbuilder/api/v1alpha1/zz_generated.deepcopy.go:548.63,550.2 1 0
github.com/cnoe-io/idpbuilder/api/v1alpha1/zz_generated.deepcopy.go:553.56,554.15 1 0
github.com/cnoe-io/idpbuilder/api/v1alpha1/zz_generated.deepcopy.go:554.15,556.3 1 0
github.com/cnoe-io/idpbuilder/api/v1alpha1/zz_generated.deepcopy.go:557.2,559.12 3 0
github.com/cnoe-io/idpbuilder/pkg/cmd/root.go:27.13,35.2 7 0
github.com/cnoe-io/idpbuilder/pkg/cmd/root.go:37.35,38.52 1 0
github.com/cnoe-io/idpbuilder/pkg/cmd/root.go:38.52,41.3 2 0
github.com/cnoe-io/idpbuilder/pkg/cmd/delete/root.go:27.13,29.2 1 0
github.com/cnoe-io/idpbuilder/pkg/cmd/delete/root.go:31.58,33.2 1 0
github.com/cnoe-io/idpbuilder/pkg/cmd/delete/root.go:35.55,39.16 4 0
github.com/cnoe-io/idpbuilder/pkg/cmd/delete/root.go:39.16,41.3 1 0
github.com/cnoe-io/idpbuilder/pkg/cmd/delete/root.go:43.2,44.50 2 0
github.com/cnoe-io/idpbuilder/pkg/cmd/delete/root.go:44.50,46.3 1 0
github.com/cnoe-io/idpbuilder/pkg/cmd/delete/root.go:47.2,47.12 1 0
github.com/cnoe-io/idpbuilder/pkg/cmd/create/root.go:69.13,92.2 18 0
github.com/cnoe-io/idpbuilder/pkg/cmd/create/root.go:94.58,96.2 1 0
github.com/cnoe-io/idpbuilder/pkg/cmd/create/root.go:98.54,107.23 6 0
github.com/cnoe-io/idpbuilder/pkg/cmd/create/root.go:107.23,109.3 1 0
github.com/cnoe-io/idpbuilder/pkg/cmd/create/root.go:111.2,112.16 2 0
github.com/cnoe-io/idpbuilder/pkg/cmd/create/root.go:112.16,114.3 1 0
github.com/cnoe-io/idpbuilder/pkg/cmd/create/root.go:116.2,120.28 4 0
github.com/cnoe-io/idpbuilder/pkg/cmd/create/root.go:120.28,122.18 2 0
github.com/cnoe-io/idpbuilder/pkg/cmd/create/root.go:122.18,124.4 1 0
github.com/cnoe-io/idpbuilder/pkg/cmd/create/root.go:125.3,127.18 3 0
github.com/cnoe-io/idpbuilder/pkg/cmd/create/root.go:130.2,131.43 2 0
github.com/cnoe-io/idpbuilder/pkg/cmd/create/root.go:131.43,133.18 2 0
github.com/cnoe-io/idpbuilder/pkg/cmd/create/root.go:133.18,135.4 1 0
github.com/cnoe-io/idpbuilder/pkg/cmd/create/root.go:136.3,136.16 1 0
github.com/cnoe-io/idpbuilder/pkg/cmd/create/root.go:139.2,140.36 2 0
github.com/cnoe-io/idpbuilder/pkg/cmd/create/root.go:140.36,142.3 1 0
github.com/cnoe-io/idpbuilder/pkg/cmd/create/root.go:147.2,148.44 2 0
github.com/cnoe-io/idpbuilder/pkg/cmd/create/root.go:148.44,150.3 1 0
github.com/cnoe-io/idpbuilder/pkg/cmd/create/root.go:152.2,181.52 3 0
github.com/cnoe-io/idpbuilder/pkg/cmd/create/root.go:181.52,183.3 1 0
github.com/cnoe-io/idpbuilder/pkg/cmd/create/root.go:185.2,185.32 1 0
github.com/cnoe-io/idpbuilder/pkg/cmd/create/root.go:185.32,187.3 1 0
github.com/cnoe-io/idpbuilder/pkg/cmd/create/root.go:189.2,190.12 2 0
github.com/cnoe-io/idpbuilder/pkg/cmd/create/root.go:193.23,194.21 1 0
github.com/cnoe-io/idpbuilder/pkg/cmd/create/root.go:194.21,196.3 1 0
github.com/cnoe-io/idpbuilder/pkg/cmd/create/root.go:198.2,199.16 2 0
github.com/cnoe-io/idpbuilder/pkg/cmd/create/root.go:199.16,201.3 1 0
github.com/cnoe-io/idpbuilder/pkg/cmd/create/root.go:203.2,203.43 1 0
github.com/cnoe-io/idpbuilder/pkg/cmd/create/root.go:203.43,205.18 2 0
github.com/cnoe-io/idpbuilder/pkg/cmd/create/root.go:205.18,207.4 1 0
github.com/cnoe-io/idpbuilder/pkg/cmd/create/root.go:210.2,211.12 2 0
github.com/cnoe-io/idpbuilder/pkg/cmd/create/root.go:214.80,217.17 2 0
github.com/cnoe-io/idpbuilder/pkg/cmd/create/root.go:217.17,219.3 1 0
github.com/cnoe-io/idpbuilder/pkg/cmd/create/root.go:221.2,222.16 2 0
github.com/cnoe-io/idpbuilder/pkg/cmd/create/root.go:222.16,224.3 1 0
github.com/cnoe-io/idpbuilder/pkg/cmd/create/root.go:226.2,227.16 2 0
github.com/cnoe-io/idpbuilder/pkg/cmd/create/root.go:227.16,229.3 1 0
github.com/cnoe-io/idpbuilder/pkg/cmd/create/root.go:231.2,234.9 4 0
github.com/cnoe-io/idpbuilder/pkg/cmd/create/root.go:234.9,236.3 1 0
github.com/cnoe-io/idpbuilder/pkg/cmd/create/root.go:237.2,240.8 1 0
github.com/cnoe-io/idpbuilder/pkg/cmd/create/root.go:243.24,247.25 3 0
github.com/cnoe-io/idpbuilder/pkg/cmd/create/root.go:247.25,250.3 2 0
github.com/cnoe-io/idpbuilder/pkg/cmd/create/root.go:252.2,255.11 3 0
github.com/cnoe-io/idpbuilder/pkg/cmd/create/root.go:255.11,257.3 1 0
github.com/cnoe-io/idpbuilder/pkg/cmd/create/root.go:257.8,259.3 1 0
github.com/cnoe-io/idpbuilder/pkg/cmd/create/root.go:261.2,263.91 3 0
github.com/cnoe-io/idpbuilder/pkg/cmd/create/root.go:266.25,270.2 2 0
github.com/cnoe-io/idpbuilder/pkg/cmd/version/root.go:24.13,26.2 1 0
github.com/cnoe-io/idpbuilder/pkg/cmd/version/root.go:46.55,47.22 1 0
github.com/cnoe-io/idpbuilder/pkg/cmd/version/root.go:48.14,56.6 1 0
github.com/cnoe-io/idpbuilder/pkg/cmd/version/root.go:57.14,59.17 2 0
github.com/cnoe-io/idpbuilder/pkg/cmd/version/root.go:59.17,61.4 1 0
github.com/cnoe-io/idpbuilder/pkg/cmd/version/root.go:62.3,62.24 1 0
github.com/cnoe-io/idpbuilder/pkg/cmd/version/root.go:63.14,65.17 2 0
github.com/cnoe-io/idpbuilder/pkg/cmd/version/root.go:65.17,67.4 1 0
github.com/cnoe-io/idpbuilder/pkg/cmd/version/root.go:68.3,68.24 1 0
github.com/cnoe-io/idpbuilder/pkg/cmd/version/root.go:69.10,74.12 1 0
github.com/cnoe-io/idpbuilder/pkg/cmd/version/root.go:75.10,76.63 1 0
github.com/cnoe-io/idpbuilder/pkg/cmd/version/root.go:79.2,79.12 1 0
github.com/cnoe-io/idpbuilder/pkg/cmd/version/root.go:82.33,92.16 3 0
github.com/cnoe-io/idpbuilder/pkg/cmd/version/root.go:92.16,94.3 1 0
github.com/cnoe-io/idpbuilder/pkg/cmd/version/root.go:95.2,95.27 1 0
github.com/cnoe-io/idpbuilder/pkg/cmd/version/root.go:98.33,108.16 3 0
github.com/cnoe-io/idpbuilder/pkg/cmd/version/root.go:108.16,110.3 1 0
github.com/cnoe-io/idpbuilder/pkg/cmd/version/root.go:111.2,111.27 1 0
github.com/cnoe-io/idpbuilder/pkg/controllers/crd.go:22.89,24.16 2 0
github.com/cnoe-io/idpbuilder/pkg/controllers/crd.go:24.16,26.3 1 0
github.com/cnoe-io/idpbuilder/pkg/controllers/crd.go:28.2,28.63 1 0
github.com/cnoe-io/idpbuilder/pkg/controllers/crd.go:31.112,36.9 3 0
github.com/cnoe-io/idpbuilder/pkg/controllers/crd.go:36.9,38.3 1 0
github.com/cnoe-io/idpbuilder/pkg/controllers/crd.go:39.2,45.9 3 0
github.com/cnoe-io/idpbuilder/pkg/controllers/crd.go:46.33,47.53 1 0
github.com/cnoe-io/idpbuilder/pkg/controllers/crd.go:47.53,50.4 2 0
github.com/cnoe-io/idpbuilder/pkg/controllers/crd.go:51.18,53.13 2 0
github.com/cnoe-io/idpbuilder/pkg/controllers/crd.go:54.10,56.52 2 0
github.com/cnoe-io/idpbuilder/pkg/controllers/crd.go:56.52,59.4 2 0
github.com/cnoe-io/idpbuilder/pkg/controllers/crd.go:63.2,63.6 1 0
github.com/cnoe-io/idpbuilder/pkg/controllers/crd.go:63.6,68.17 1 0
github.com/cnoe-io/idpbuilder/pkg/controllers/crd.go:68.17,71.4 2 0
github.com/cnoe-io/idpbuilder/pkg/controllers/crd.go:72.3,73.49 2 0
github.com/cnoe-io/idpbuilder/pkg/controllers/crd.go:73.49,74.48 1 0
github.com/cnoe-io/idpbuilder/pkg/controllers/crd.go:74.48,75.53 1 0
github.com/cnoe-io/idpbuilder/pkg/controllers/crd.go:75.53,77.6 1 0
github.com/cnoe-io/idpbuilder/pkg/controllers/crd.go:80.3,80.21 1 0
github.com/cnoe-io/idpbuilder/pkg/controllers/crd.go:80.21,81.9 1 0
github.com/cnoe-io/idpbuilder/pkg/controllers/crd.go:82.9,84.4 1 0
github.com/cnoe-io/idpbuilder/pkg/controllers/crd.go:85.3,85.61 1 0
github.com/cnoe-io/idpbuilder/pkg/controllers/crd.go:87.2,87.12 1 0
github.com/cnoe-io/idpbuilder/pkg/controllers/crd.go:90.112,92.16 2 0
github.com/cnoe-io/idpbuilder/pkg/controllers/crd.go:92.16,94.3 1 0
github.com/cnoe-io/idpbuilder/pkg/controllers/crd.go:96.2,96.34 1 0
github.com/cnoe-io/idpbuilder/pkg/controllers/crd.go:96.34,97.64 1 0
github.com/cnoe-io/idpbuilder/pkg/controllers/crd.go:97.64,99.4 1 0
github.com/cnoe-io/idpbuilder/pkg/controllers/crd.go:102.2,102.12 1 0
github.com/cnoe-io/idpbuilder/pkg/controllers/run.go:24.9,38.39 3 0
github.com/cnoe-io/idpbuilder/pkg/controllers/run.go:38.39,41.3 2 0
github.com/cnoe-io/idpbuilder/pkg/controllers/run.go:43.2,52.16 2 0
github.com/cnoe-io/idpbuilder/pkg/controllers/run.go:52.16,54.3 1 0
github.com/cnoe-io/idpbuilder/pkg/controllers/run.go:56.2,63.16 2 0
github.com/cnoe-io/idpbuilder/pkg/controllers/run.go:63.16,65.3 1 0
github.com/cnoe-io/idpbuilder/pkg/controllers/run.go:67.2,69.12 2 0
github.com/cnoe-io/idpbuilder/pkg/controllers/run.go:69.12,72.3 2 0
github.com/cnoe-io/idpbuilder/pkg/controllers/run.go:74.2,74.12 1 0
github.com/cnoe-io/idpbuilder/pkg/cmd/push/config.go:25.39,26.11 1 6
github.com/cnoe-io/idpbuilder/pkg/cmd/push/config.go:27.21,28.19 1 0
github.com/cnoe-io/idpbuilder/pkg/cmd/push/config.go:29.17,30.23 1 2
github.com/cnoe-io/idpbuilder/pkg/cmd/push/config.go:31.18,32.16 1 4
github.com/cnoe-io/idpbuilder/pkg/cmd/push/config.go:33.10,34.19 1 0
github.com/cnoe-io/idpbuilder/pkg/cmd/push/config.go:68.89,69.19 1 21
github.com/cnoe-io/idpbuilder/pkg/cmd/push/config.go:69.19,71.3 1 0
github.com/cnoe-io/idpbuilder/pkg/cmd/push/config.go:73.2,90.20 7 21
github.com/cnoe-io/idpbuilder/pkg/cmd/push/config.go:95.98,98.33 2 63
github.com/cnoe-io/idpbuilder/pkg/cmd/push/config.go:98.33,103.3 1 12
github.com/cnoe-io/idpbuilder/pkg/cmd/push/config.go:106.2,106.52 1 51
github.com/cnoe-io/idpbuilder/pkg/cmd/push/config.go:106.52,111.3 1 35
github.com/cnoe-io/idpbuilder/pkg/cmd/push/config.go:114.2,117.3 1 16
github.com/cnoe-io/idpbuilder/pkg/cmd/push/config.go:123.101,126.33 2 42
github.com/cnoe-io/idpbuilder/pkg/cmd/push/config.go:126.33,131.3 1 8
github.com/cnoe-io/idpbuilder/pkg/cmd/push/config.go:134.2,134.52 1 34
github.com/cnoe-io/idpbuilder/pkg/cmd/push/config.go:134.52,138.21 2 15
github.com/cnoe-io/idpbuilder/pkg/cmd/push/config.go:139.27,143.5 1 9
github.com/cnoe-io/idpbuilder/pkg/cmd/push/config.go:144.27,148.5 1 5
github.com/cnoe-io/idpbuilder/pkg/cmd/push/config.go:149.11,154.5 1 1
github.com/cnoe-io/idpbuilder/pkg/cmd/push/config.go:159.2,162.3 1 19
github.com/cnoe-io/idpbuilder/pkg/cmd/push/config.go:166.51,175.2 1 19
github.com/cnoe-io/idpbuilder/pkg/cmd/push/config.go:178.39,179.29 1 21
github.com/cnoe-io/idpbuilder/pkg/cmd/push/config.go:179.29,181.3 1 0
github.com/cnoe-io/idpbuilder/pkg/cmd/push/config.go:182.2,182.28 1 21
github.com/cnoe-io/idpbuilder/pkg/cmd/push/config.go:182.28,184.3 1 2
github.com/cnoe-io/idpbuilder/pkg/cmd/push/config.go:185.2,185.28 1 19
github.com/cnoe-io/idpbuilder/pkg/cmd/push/config.go:185.28,187.3 1 0
github.com/cnoe-io/idpbuilder/pkg/cmd/push/config.go:188.2,188.28 1 19
github.com/cnoe-io/idpbuilder/pkg/cmd/push/config.go:188.28,190.3 1 0
github.com/cnoe-io/idpbuilder/pkg/cmd/push/config.go:191.2,191.12 1 19
github.com/cnoe-io/idpbuilder/pkg/cmd/push/config.go:195.39,203.2 7 1
github.com/cnoe-io/idpbuilder/pkg/cmd/push/push.go:13.52,41.55 1 31
github.com/cnoe-io/idpbuilder/pkg/cmd/push/push.go:41.55,44.18 2 21
github.com/cnoe-io/idpbuilder/pkg/cmd/push/push.go:44.18,46.5 1 0
github.com/cnoe-io/idpbuilder/pkg/cmd/push/push.go:49.4,49.44 1 21
github.com/cnoe-io/idpbuilder/pkg/cmd/push/push.go:49.44,51.5 1 2
github.com/cnoe-io/idpbuilder/pkg/cmd/push/push.go:54.4,54.38 1 19
github.com/cnoe-io/idpbuilder/pkg/cmd/push/push.go:54.38,57.5 2 1
github.com/cnoe-io/idpbuilder/pkg/cmd/push/push.go:60.4,63.39 2 19
github.com/cnoe-io/idpbuilder/pkg/cmd/push/push.go:68.2,79.12 6 31
github.com/cnoe-io/idpbuilder/pkg/cmd/push/push.go:84.60,86.40 1 20
github.com/cnoe-io/idpbuilder/pkg/cmd/push/push.go:86.40,88.3 1 1
github.com/cnoe-io/idpbuilder/pkg/cmd/push/push.go:97.2,97.70 1 19
github.com/cnoe-io/idpbuilder/pkg/cmd/push/push.go:101.70,103.2 1 1
github.com/cnoe-io/idpbuilder/pkg/cmd/push/types.go:27.40,28.23 1 24
github.com/cnoe-io/idpbuilder/pkg/cmd/push/types.go:28.23,30.3 1 2
github.com/cnoe-io/idpbuilder/pkg/cmd/push/types.go:31.2,31.22 1 22
github.com/cnoe-io/idpbuilder/pkg/cmd/push/types.go:31.22,33.3 1 1
github.com/cnoe-io/idpbuilder/pkg/cmd/push/types.go:34.2,34.22 1 21
github.com/cnoe-io/idpbuilder/pkg/cmd/push/types.go:34.22,36.3 1 1
github.com/cnoe-io/idpbuilder/pkg/cmd/push/types.go:37.2,37.22 1 20
github.com/cnoe-io/idpbuilder/pkg/cmd/push/types.go:37.22,39.3 1 0
github.com/cnoe-io/idpbuilder/pkg/cmd/push/types.go:40.2,40.12 1 20
github.com/cnoe-io/idpbuilder/api/v1alpha1/groupversion_info.go:21.13,25.2 3 1
github.com/cnoe-io/idpbuilder/api/v1alpha1/localbuild_types.go:113.50,115.2 1 0
github.com/cnoe-io/idpbuilder/api/v1alpha1/localbuild_types.go:117.65,119.2 1 0
github.com/cnoe-io/idpbuilder/api/v1alpha1/zz_generated.deepcopy.go:28.67,30.2 1 0
github.com/cnoe-io/idpbuilder/api/v1alpha1/zz_generated.deepcopy.go:33.60,34.15 1 0
github.com/cnoe-io/idpbuilder/api/v1alpha1/zz_generated.deepcopy.go:34.15,36.3 1 0
github.com/cnoe-io/idpbuilder/api/v1alpha1/zz_generated.deepcopy.go:37.2,39.12 3 0
github.com/cnoe-io/idpbuilder/api/v1alpha1/zz_generated.deepcopy.go:43.57,45.2 1 0
github.com/cnoe-io/idpbuilder/api/v1alpha1/zz_generated.deepcopy.go:48.50,49.15 1 0
github.com/cnoe-io/idpbuilder/api/v1alpha1/zz_generated.deepcopy.go:49.15,51.3 1 0
github.com/cnoe-io/idpbuilder/api/v1alpha1/zz_generated.deepcopy.go:52.2,54.12 3 0
github.com/cnoe-io/idpbuilder/api/v1alpha1/zz_generated.deepcopy.go:58.75,60.2 1 0
github.com/cnoe-io/idpbuilder/api/v1alpha1/zz_generated.deepcopy.go:63.68,64.15 1 0
github.com/cnoe-io/idpbuilder/api/v1alpha1/zz_generated.deepcopy.go:64.15,66.3 1 0
github.com/cnoe-io/idpbuilder/api/v1alpha1/zz_generated.deepcopy.go:67.2,69.12 3 0
github.com/cnoe-io/idpbuilder/api/v1alpha1/zz_generated.deepcopy.go:73.77,75.2 1 0
github.com/cnoe-io/idpbuilder/api/v1alpha1/zz_generated.deepcopy.go:78.70,79.15 1 0
github.com/cnoe-io/idpbuilder/api/v1alpha1/zz_generated.deepcopy.go:79.15,81.3 1 0
github.com/cnoe-io/idpbuilder/api/v1alpha1/zz_generated.deepcopy.go:82.2,84.12 3 0
github.com/cnoe-io/idpbuilder/api/v1alpha1/zz_generated.deepcopy.go:88.45,90.2 1 0
github.com/cnoe-io/idpbuilder/api/v1alpha1/zz_generated.deepcopy.go:93.38,94.15 1 0
github.com/cnoe-io/idpbuilder/api/v1alpha1/zz_generated.deepcopy.go:94.15,96.3 1 0
github.com/cnoe-io/idpbuilder/api/v1alpha1/zz_generated.deepcopy.go:97.2,99.12 3 0
github.com/cnoe-io/idpbuilder/api/v1alpha1/zz_generated.deepcopy.go:103.59,109.2 5 0
github.com/cnoe-io/idpbuilder/api/v1alpha1/zz_generated.deepcopy.go:112.52,113.15 1 0
github.com/cnoe-io/idpbuilder/api/v1alpha1/zz_generated.deepcopy.go:113.15,115.3 1 0
github.com/cnoe-io/idpbuilder/api/v1alpha1/zz_generated.deepcopy.go:116.2,118.12 3 0
github.com/cnoe-io/idpbuilder/api/v1alpha1/zz_generated.deepcopy.go:122.58,123.34 1 0
github.com/cnoe-io/idpbuilder/api/v1alpha1/zz_generated.deepcopy.go:123.34,125.3 1 0
github.com/cnoe-io/idpbuilder/api/v1alpha1/zz_generated.deepcopy.go:126.2,126.12 1 0
github.com/cnoe-io/idpbuilder/api/v1alpha1/zz_generated.deepcopy.go:130.67,134.21 4 0
github.com/cnoe-io/idpbuilder/api/v1alpha1/zz_generated.deepcopy.go:134.21,137.22 3 0
github.com/cnoe-io/idpbuilder/api/v1alpha1/zz_generated.deepcopy.go:137.22,139.4 1 0
github.com/cnoe-io/idpbuilder/api/v1alpha1/zz_generated.deepcopy.go:144.60,145.15 1 0
github.com/cnoe-io/idpbuilder/api/v1alpha1/zz_generated.deepcopy.go:145.15,147.3 1 0
github.com/cnoe-io/idpbuilder/api/v1alpha1/zz_generated.deepcopy.go:148.2,150.12 3 0
github.com/cnoe-io/idpbuilder/api/v1alpha1/zz_generated.deepcopy.go:154.62,155.34 1 0
github.com/cnoe-io/idpbuilder/api/v1alpha1/zz_generated.deepcopy.go:155.34,157.3 1 0
github.com/cnoe-io/idpbuilder/api/v1alpha1/zz_generated.deepcopy.go:158.2,158.12 1 0
github.com/cnoe-io/idpbuilder/api/v1alpha1/zz_generated.deepcopy.go:162.67,167.2 4 0
github.com/cnoe-io/idpbuilder/api/v1alpha1/zz_generated.deepcopy.go:170.60,171.15 1 0
github.com/cnoe-io/idpbuilder/api/v1alpha1/zz_generated.deepcopy.go:171.15,173.3 1 0
github.com/cnoe-io/idpbuilder/api/v1alpha1/zz_generated.deepcopy.go:174.2,176.12 3 0
github.com/cnoe-io/idpbuilder/api/v1alpha1/zz_generated.deepcopy.go:180.71,182.33 2 0
github.com/cnoe-io/idpbuilder/api/v1alpha1/zz_generated.deepcopy.go:182.33,186.3 3 0
github.com/cnoe-io/idpbuilder/api/v1alpha1/zz_generated.deepcopy.go:190.64,191.15 1 0
github.com/cnoe-io/idpbuilder/api/v1alpha1/zz_generated.deepcopy.go:191.15,193.3 1 0
github.com/cnoe-io/idpbuilder/api/v1alpha1/zz_generated.deepcopy.go:194.2,196.12 3 0
github.com/cnoe-io/idpbuilder/api/v1alpha1/zz_generated.deepcopy.go:200.115,202.2 1 0
github.com/cnoe-io/idpbuilder/api/v1alpha1/zz_generated.deepcopy.go:205.108,206.15 1 0
github.com/cnoe-io/idpbuilder/api/v1alpha1/zz_generated.deepcopy.go:206.15,208.3 1 0
github.com/cnoe-io/idpbuilder/api/v1alpha1/zz_generated.deepcopy.go:209.2,211.12 3 0
github.com/cnoe-io/idpbuilder/api/v1alpha1/zz_generated.deepcopy.go:215.59,221.2 5 0
github.com/cnoe-io/idpbuilder/api/v1alpha1/zz_generated.deepcopy.go:224.52,225.15 1 0
github.com/cnoe-io/idpbuilder/api/v1alpha1/zz_generated.deepcopy.go:225.15,227.3 1 0
github.com/cnoe-io/idpbuilder/api/v1alpha1/zz_generated.deepcopy.go:228.2,230.12 3 0
github.com/cnoe-io/idpbuilder/api/v1alpha1/zz_generated.deepcopy.go:234.58,235.34 1 0
github.com/cnoe-io/idpbuilder/api/v1alpha1/zz_generated.deepcopy.go:235.34,237.3 1 0
github.com/cnoe-io/idpbuilder/api/v1alpha1/zz_generated.deepcopy.go:238.2,238.12 1 0
github.com/cnoe-io/idpbuilder/api/v1alpha1/zz_generated.deepcopy.go:242.67,246.21 4 0
github.com/cnoe-io/idpbuilder/api/v1alpha1/zz_generated.deepcopy.go:246.21,249.22 3 0
github.com/cnoe-io/idpbuilder/api/v1alpha1/zz_generated.deepcopy.go:249.22,251.4 1 0
github.com/cnoe-io/idpbuilder/api/v1alpha1/zz_generated.deepcopy.go:256.60,257.15 1 0
github.com/cnoe-io/idpbuilder/api/v1alpha1/zz_generated.deepcopy.go:257.15,259.3 1 0
github.com/cnoe-io/idpbuilder/api/v1alpha1/zz_generated.deepcopy.go:260.2,262.12 3 0
github.com/cnoe-io/idpbuilder/api/v1alpha1/zz_generated.deepcopy.go:266.62,267.34 1 0
github.com/cnoe-io/idpbuilder/api/v1alpha1/zz_generated.deepcopy.go:267.34,269.3 1 0
github.com/cnoe-io/idpbuilder/api/v1alpha1/zz_generated.deepcopy.go:270.2,270.12 1 0
github.com/cnoe-io/idpbuilder/api/v1alpha1/zz_generated.deepcopy.go:274.71,277.2 2 0
github.com/cnoe-io/idpbuilder/api/v1alpha1/zz_generated.deepcopy.go:280.64,281.15 1 0
github.com/cnoe-io/idpbuilder/api/v1alpha1/zz_generated.deepcopy.go:281.15,283.3 1 0
github.com/cnoe-io/idpbuilder/api/v1alpha1/zz_generated.deepcopy.go:284.2,286.12 3 0
github.com/cnoe-io/idpbuilder/api/v1alpha1/zz_generated.deepcopy.go:290.67,296.2 5 0
github.com/cnoe-io/idpbuilder/api/v1alpha1/zz_generated.deepcopy.go:299.60,300.15 1 0
github.com/cnoe-io/idpbuilder/api/v1alpha1/zz_generated.deepcopy.go:300.15,302.3 1 0
github.com/cnoe-io/idpbuilder/api/v1alpha1/zz_generated.deepcopy.go:303.2,305.12 3 0
github.com/cnoe-io/idpbuilder/api/v1alpha1/zz_generated.deepcopy.go:309.71,312.2 2 0
github.com/cnoe-io/idpbuilder/api/v1alpha1/zz_generated.deepcopy.go:315.64,316.15 1 0
github.com/cnoe-io/idpbuilder/api/v1alpha1/zz_generated.deepcopy.go:316.15,318.3 1 0
github.com/cnoe-io/idpbuilder/api/v1alpha1/zz_generated.deepcopy.go:319.2,321.12 3 0
github.com/cnoe-io/idpbuilder/api/v1alpha1/zz_generated.deepcopy.go:325.55,327.2 1 0
github.com/cnoe-io/idpbuilder/api/v1alpha1/zz_generated.deepcopy.go:330.48,331.15 1 0
github.com/cnoe-io/idpbuilder/api/v1alpha1/zz_generated.deepcopy.go:331.15,333.3 1 0
github.com/cnoe-io/idpbuilder/api/v1alpha1/zz_generated.deepcopy.go:334.2,336.12 3 0
github.com/cnoe-io/idpbuilder/api/v1alpha1/zz_generated.deepcopy.go:340.53,346.2 5 0
github.com/cnoe-io/idpbuilder/api/v1alpha1/zz_generated.deepcopy.go:349.46,350.15 1 0
github.com/cnoe-io/idpbuilder/api/v1alpha1/zz_generated.deepcopy.go:350.15,352.3 1 0
github.com/cnoe-io/idpbuilder/api/v1alpha1/zz_generated.deepcopy.go:353.2,355.12 3 0
github.com/cnoe-io/idpbuilder/api/v1alpha1/zz_generated.deepcopy.go:359.55,360.34 1 0
github.com/cnoe-io/idpbuilder/api/v1alpha1/zz_generated.deepcopy.go:360.34,362.3 1 0
github.com/cnoe-io/idpbuilder/api/v1alpha1/zz_generated.deepcopy.go:363.2,363.12 1 0
github.com/cnoe-io/idpbuilder/api/v1alpha1/zz_generated.deepcopy.go:367.61,371.21 4 0
github.com/cnoe-io/idpbuilder/api/v1alpha1/zz_generated.deepcopy.go:371.21,374.22 3 0
github.com/cnoe-io/idpbuilder/api/v1alpha1/zz_generated.deepcopy.go:374.22,376.4 1 0
github.com/cnoe-io/idpbuilder/api/v1alpha1/zz_generated.deepcopy.go:381.54,382.15 1 0
github.com/cnoe-io/idpbuilder/api/v1alpha1/zz_generated.deepcopy.go:382.15,384.3 1 0
github.com/cnoe-io/idpbuilder/api/v1alpha1/zz_generated.deepcopy.go:385.2,387.12 3 0
github.com/cnoe-io/idpbuilder/api/v1alpha1/zz_generated.deepcopy.go:391.59,392.34 1 0
github.com/cnoe-io/idpbuilder/api/v1alpha1/zz_generated.deepcopy.go:392.34,394.3 1 0
github.com/cnoe-io/idpbuilder/api/v1alpha1/zz_generated.deepcopy.go:395.2,395.12 1 0
github.com/cnoe-io/idpbuilder/api/v1alpha1/zz_generated.deepcopy.go:399.61,403.2 3 0
github.com/cnoe-io/idpbuilder/api/v1alpha1/zz_generated.deepcopy.go:406.54,407.15 1 0
github.com/cnoe-io/idpbuilder/api/v1alpha1/zz_generated.deepcopy.go:407.15,409.3 1 0
github.com/cnoe-io/idpbuilder/api/v1alpha1/zz_generated.deepcopy.go:410.2,412.12 3 0
github.com/cnoe-io/idpbuilder/api/v1alpha1/zz_generated.deepcopy.go:416.65,421.2 4 0
github.com/cnoe-io/idpbuilder/api/v1alpha1/zz_generated.deepcopy.go:424.58,425.15 1 0
github.com/cnoe-io/idpbuilder/api/v1alpha1/zz_generated.deepcopy.go:425.15,427.3 1 0
github.com/cnoe-io/idpbuilder/api/v1alpha1/zz_generated.deepcopy.go:428.2,430.12 3 0
github.com/cnoe-io/idpbuilder/api/v1alpha1/zz_generated.deepcopy.go:434.55,436.2 1 0
github.com/cnoe-io/idpbuilder/api/v1alpha1/zz_generated.deepcopy.go:439.48,440.15 1 0
github.com/cnoe-io/idpbuilder/api/v1alpha1/zz_generated.deepcopy.go:440.15,442.3 1 0
github.com/cnoe-io/idpbuilder/api/v1alpha1/zz_generated.deepcopy.go:443.2,445.12 3 0
github.com/cnoe-io/idpbuilder/api/v1alpha1/zz_generated.deepcopy.go:449.51,451.2 1 0
github.com/cnoe-io/idpbuilder/api/v1alpha1/zz_generated.deepcopy.go:454.44,455.15 1 0
github.com/cnoe-io/idpbuilder/api/v1alpha1/zz_generated.deepcopy.go:455.15,457.3 1 0
github.com/cnoe-io/idpbuilder/api/v1alpha1/zz_generated.deepcopy.go:458.2,460.12 3 0
github.com/cnoe-io/idpbuilder/api/v1alpha1/zz_generated.deepcopy.go:464.69,468.34 4 0
github.com/cnoe-io/idpbuilder/api/v1alpha1/zz_generated.deepcopy.go:468.34,472.3 3 0
github.com/cnoe-io/idpbuilder/api/v1alpha1/zz_generated.deepcopy.go:473.2,473.33 1 0
github.com/cnoe-io/idpbuilder/api/v1alpha1/zz_generated.deepcopy.go:473.33,477.3 3 0
github.com/cnoe-io/idpbuilder/api/v1alpha1/zz_generated.deepcopy.go:478.2,478.33 1 0
github.com/cnoe-io/idpbuilder/api/v1alpha1/zz_generated.deepcopy.go:478.33,482.3 3 0
github.com/cnoe-io/idpbuilder/api/v1alpha1/zz_generated.deepcopy.go:483.2,483.40 1 0
github.com/cnoe-io/idpbuilder/api/v1alpha1/zz_generated.deepcopy.go:483.40,486.29 3 0
github.com/cnoe-io/idpbuilder/api/v1alpha1/zz_generated.deepcopy.go:486.29,488.4 1 0
github.com/cnoe-io/idpbuilder/api/v1alpha1/zz_generated.deepcopy.go:493.62,494.15 1 0
github.com/cnoe-io/idpbuilder/api/v1alpha1/zz_generated.deepcopy.go:494.15,496.3 1 0
github.com/cnoe-io/idpbuilder/api/v1alpha1/zz_generated.deepcopy.go:497.2,499.12 3 0
github.com/cnoe-io/idpbuilder/api/v1alpha1/zz_generated.deepcopy.go:503.73,505.2 1 0
github.com/cnoe-io/idpbuilder/api/v1alpha1/zz_generated.deepcopy.go:508.66,509.15 1 0
github.com/cnoe-io/idpbuilder/api/v1alpha1/zz_generated.deepcopy.go:509.15,511.3 1 0
github.com/cnoe-io/idpbuilder/api/v1alpha1/zz_generated.deepcopy.go:512.2,514.12 3 0
github.com/cnoe-io/idpbuilder/api/v1alpha1/zz_generated.deepcopy.go:518.49,520.2 1 0
github.com/cnoe-io/idpbuilder/api/v1alpha1/zz_generated.deepcopy.go:523.42,524.15 1 0
github.com/cnoe-io/idpbuilder/api/v1alpha1/zz_generated.deepcopy.go:524.15,526.3 1 0
github.com/cnoe-io/idpbuilder/api/v1alpha1/zz_generated.deepcopy.go:527.2,529.12 3 0
github.com/cnoe-io/idpbuilder/api/v1alpha1/zz_generated.deepcopy.go:533.73,535.2 1 0
github.com/cnoe-io/idpbuilder/api/v1alpha1/zz_generated.deepcopy.go:538.66,539.15 1 0
github.com/cnoe-io/idpbuilder/api/v1alpha1/zz_generated.deepcopy.go:539.15,541.3 1 0
github.com/cnoe-io/idpbuilder/api/v1alpha1/zz_generated.deepcopy.go:542.2,544.12 3 0
github.com/cnoe-io/idpbuilder/api/v1alpha1/zz_generated.deepcopy.go:548.63,550.2 1 0
github.com/cnoe-io/idpbuilder/api/v1alpha1/zz_generated.deepcopy.go:553.56,554.15 1 0
github.com/cnoe-io/idpbuilder/api/v1alpha1/zz_generated.deepcopy.go:554.15,556.3 1 0
github.com/cnoe-io/idpbuilder/api/v1alpha1/zz_generated.deepcopy.go:557.2,559.12 3 0
github.com/cnoe-io/idpbuilder/globals/project.go:18.46,20.2 1 0
github.com/cnoe-io/idpbuilder/pkg/cmd/helpers/logger.go:23.24,25.16 2 0
github.com/cnoe-io/idpbuilder/pkg/cmd/helpers/logger.go:25.16,27.3 1 0
github.com/cnoe-io/idpbuilder/pkg/cmd/helpers/logger.go:29.2,37.12 8 0
github.com/cnoe-io/idpbuilder/pkg/cmd/helpers/logger.go:40.49,41.28 1 0
github.com/cnoe-io/idpbuilder/pkg/cmd/helpers/logger.go:42.15,43.30 1 0
github.com/cnoe-io/idpbuilder/pkg/cmd/helpers/logger.go:44.14,45.29 1 0
github.com/cnoe-io/idpbuilder/pkg/cmd/helpers/logger.go:46.14,47.29 1 0
github.com/cnoe-io/idpbuilder/pkg/cmd/helpers/logger.go:48.15,49.30 1 0
github.com/cnoe-io/idpbuilder/pkg/cmd/helpers/logger.go:50.10,51.71 1 0
github.com/cnoe-io/idpbuilder/pkg/cmd/helpers/logger.go:56.44,57.24 1 0
github.com/cnoe-io/idpbuilder/pkg/cmd/helpers/logger.go:57.24,59.3 1 0
github.com/cnoe-io/idpbuilder/pkg/cmd/helpers/logger.go:60.2,60.24 1 0
github.com/cnoe-io/idpbuilder/pkg/cmd/helpers/validation.go:12.55,13.30 1 5
github.com/cnoe-io/idpbuilder/pkg/cmd/helpers/validation.go:13.30,15.3 1 1
github.com/cnoe-io/idpbuilder/pkg/cmd/helpers/validation.go:16.2,17.16 2 4
github.com/cnoe-io/idpbuilder/pkg/cmd/helpers/validation.go:17.16,19.3 1 1
github.com/cnoe-io/idpbuilder/pkg/cmd/helpers/validation.go:20.2,21.16 2 3
github.com/cnoe-io/idpbuilder/pkg/cmd/helpers/validation.go:21.16,23.3 1 1
github.com/cnoe-io/idpbuilder/pkg/cmd/helpers/validation.go:25.2,25.19 1 2
github.com/cnoe-io/idpbuilder/pkg/cmd/helpers/validation.go:25.19,27.25 2 4
github.com/cnoe-io/idpbuilder/pkg/cmd/helpers/validation.go:27.25,29.4 1 0
github.com/cnoe-io/idpbuilder/pkg/cmd/helpers/validation.go:30.3,30.55 1 4
github.com/cnoe-io/idpbuilder/pkg/cmd/helpers/validation.go:30.55,32.4 1 1
github.com/cnoe-io/idpbuilder/pkg/cmd/helpers/validation.go:35.2,35.12 1 1
github.com/cnoe-io/idpbuilder/pkg/cmd/helpers/validation.go:38.85,40.28 2 6
github.com/cnoe-io/idpbuilder/pkg/cmd/helpers/validation.go:40.28,43.17 3 10
github.com/cnoe-io/idpbuilder/pkg/cmd/helpers/validation.go:43.17,45.12 2 3
github.com/cnoe-io/idpbuilder/pkg/cmd/helpers/validation.go:48.3,49.17 2 7
github.com/cnoe-io/idpbuilder/pkg/cmd/helpers/validation.go:49.17,51.12 2 3
github.com/cnoe-io/idpbuilder/pkg/cmd/helpers/validation.go:54.3,55.17 2 4
github.com/cnoe-io/idpbuilder/pkg/cmd/helpers/validation.go:55.17,57.12 2 2
github.com/cnoe-io/idpbuilder/pkg/cmd/helpers/validation.go:60.3,60.28 1 2
github.com/cnoe-io/idpbuilder/pkg/cmd/helpers/validation.go:63.2,63.33 1 4
github.com/cnoe-io/idpbuilder/pkg/cmd/helpers/validation.go:66.58,68.16 2 11
github.com/cnoe-io/idpbuilder/pkg/cmd/helpers/validation.go:68.16,70.3 1 0
github.com/cnoe-io/idpbuilder/pkg/cmd/helpers/validation.go:71.2,72.16 2 11
github.com/cnoe-io/idpbuilder/pkg/cmd/helpers/validation.go:72.16,74.3 1 4
github.com/cnoe-io/idpbuilder/pkg/cmd/helpers/validation.go:76.2,76.25 1 7
github.com/cnoe-io/idpbuilder/pkg/cmd/helpers/validation.go:76.25,78.3 1 2
github.com/cnoe-io/idpbuilder/pkg/cmd/helpers/validation.go:80.2,80.37 1 5
github.com/cnoe-io/idpbuilder/pkg/cmd/helpers/validation.go:80.37,82.3 1 0
github.com/cnoe-io/idpbuilder/pkg/cmd/helpers/validation.go:83.2,83.21 1 5
github.com/cnoe-io/idpbuilder/pkg/cmd/helpers/validation.go:86.68,88.23 2 0
github.com/cnoe-io/idpbuilder/pkg/cmd/helpers/validation.go:88.23,90.17 2 0
github.com/cnoe-io/idpbuilder/pkg/cmd/helpers/validation.go:90.17,92.4 1 0
github.com/cnoe-io/idpbuilder/pkg/cmd/helpers/validation.go:93.3,93.19 1 0
github.com/cnoe-io/idpbuilder/pkg/cmd/helpers/validation.go:95.2,95.17 1 0
github.com/cnoe-io/idpbuilder/pkg/logger/handler.go:32.18,35.3 2 0
github.com/cnoe-io/idpbuilder/pkg/logger/handler.go:58.55,67.2 1 0
github.com/cnoe-io/idpbuilder/pkg/logger/handler.go:69.36,80.2 1 0
github.com/cnoe-io/idpbuilder/pkg/logger/handler.go:82.69,84.25 2 0
github.com/cnoe-io/idpbuilder/pkg/logger/handler.go:84.25,86.3 1 0
github.com/cnoe-io/idpbuilder/pkg/logger/handler.go:87.2,87.26 1 0
github.com/cnoe-io/idpbuilder/pkg/logger/handler.go:90.55,91.16 1 0
github.com/cnoe-io/idpbuilder/pkg/logger/handler.go:91.16,93.3 1 0
github.com/cnoe-io/idpbuilder/pkg/logger/handler.go:94.2,98.11 5 0
github.com/cnoe-io/idpbuilder/pkg/logger/handler.go:101.58,102.18 1 0
github.com/cnoe-io/idpbuilder/pkg/logger/handler.go:102.18,104.3 1 0
github.com/cnoe-io/idpbuilder/pkg/logger/handler.go:105.2,109.23 4 0
github.com/cnoe-io/idpbuilder/pkg/logger/handler.go:109.23,111.3 1 0
github.com/cnoe-io/idpbuilder/pkg/logger/handler.go:112.2,112.11 1 0
github.com/cnoe-io/idpbuilder/pkg/logger/handler.go:115.59,116.37 1 0
github.com/cnoe-io/idpbuilder/pkg/logger/handler.go:116.37,118.3 1 0
github.com/cnoe-io/idpbuilder/pkg/logger/handler.go:119.2,119.12 1 0
github.com/cnoe-io/idpbuilder/pkg/logger/handler.go:122.62,124.26 2 0
github.com/cnoe-io/idpbuilder/pkg/logger/handler.go:124.26,126.3 1 0
github.com/cnoe-io/idpbuilder/pkg/logger/handler.go:128.2,128.24 1 0
github.com/cnoe-io/idpbuilder/pkg/logger/handler.go:129.22,131.22 2 0
github.com/cnoe-io/idpbuilder/pkg/logger/handler.go:131.22,133.4 1 0
github.com/cnoe-io/idpbuilder/pkg/logger/handler.go:134.3,134.18 1 0
github.com/cnoe-io/idpbuilder/pkg/logger/handler.go:134.18,135.29 1 0
github.com/cnoe-io/idpbuilder/pkg/logger/handler.go:135.29,137.5 1 0
github.com/cnoe-io/idpbuilder/pkg/logger/handler.go:139.10,140.44 1 0
github.com/cnoe-io/idpbuilder/pkg/logger/handler.go:140.44,142.4 1 0
github.com/cnoe-io/idpbuilder/pkg/logger/handler.go:143.3,143.37 1 0
github.com/cnoe-io/idpbuilder/pkg/logger/handler.go:145.2,145.12 1 0
github.com/cnoe-io/idpbuilder/pkg/logger/handler.go:148.73,152.15 3 0
github.com/cnoe-io/idpbuilder/pkg/logger/handler.go:152.15,155.3 2 0
github.com/cnoe-io/idpbuilder/pkg/logger/handler.go:158.2,158.20 1 0
github.com/cnoe-io/idpbuilder/pkg/logger/handler.go:158.20,163.23 4 0
github.com/cnoe-io/idpbuilder/pkg/logger/handler.go:164.24,165.19 1 0
github.com/cnoe-io/idpbuilder/pkg/logger/handler.go:166.23,167.17 1 0
github.com/cnoe-io/idpbuilder/pkg/logger/handler.go:168.23,169.24 1 0
github.com/cnoe-io/idpbuilder/pkg/logger/handler.go:170.24,171.21 1 0
github.com/cnoe-io/idpbuilder/pkg/logger/handler.go:172.11,173.19 1 0
github.com/cnoe-io/idpbuilder/pkg/logger/handler.go:175.3,177.65 2 0
github.com/cnoe-io/idpbuilder/pkg/logger/handler.go:178.8,182.3 3 0
github.com/cnoe-io/idpbuilder/pkg/logger/handler.go:184.2,184.22 1 0
github.com/cnoe-io/idpbuilder/pkg/logger/handler.go:184.22,186.3 1 0
github.com/cnoe-io/idpbuilder/pkg/logger/handler.go:188.2,189.27 2 0
github.com/cnoe-io/idpbuilder/pkg/logger/handler.go:189.27,191.39 2 0
github.com/cnoe-io/idpbuilder/pkg/logger/handler.go:191.39,194.4 2 0
github.com/cnoe-io/idpbuilder/pkg/logger/handler.go:196.2,200.12 5 0
github.com/cnoe-io/idpbuilder/pkg/logger/handler.go:203.70,204.20 1 0
github.com/cnoe-io/idpbuilder/pkg/logger/handler.go:204.20,205.21 1 0
github.com/cnoe-io/idpbuilder/pkg/logger/handler.go:205.21,207.4 1 0
github.com/cnoe-io/idpbuilder/pkg/logger/handler.go:208.3,208.100 1 0
github.com/cnoe-io/idpbuilder/pkg/logger/handler.go:210.2,210.60 1 0
github.com/cnoe-io/idpbuilder/pkg/logger/handler.go:213.22,214.30 1 0
github.com/cnoe-io/idpbuilder/pkg/logger/handler.go:214.30,217.3 2 0
github.com/cnoe-io/idpbuilder/pkg/logger/handler.go:220.41,228.2 3 0
github.com/cnoe-io/idpbuilder/pkg/util/files/files.go:13.47,15.16 2 0
github.com/cnoe-io/idpbuilder/pkg/util/files/files.go:15.16,17.3 1 0
github.com/cnoe-io/idpbuilder/pkg/util/files/files.go:18.2,18.32 1 0
github.com/cnoe-io/idpbuilder/pkg/util/files/files.go:18.32,23.17 4 0
github.com/cnoe-io/idpbuilder/pkg/util/files/files.go:23.17,25.4 1 0
github.com/cnoe-io/idpbuilder/pkg/util/files/files.go:27.3,27.40 1 0
github.com/cnoe-io/idpbuilder/pkg/util/files/files.go:28.19,29.60 1 0
github.com/cnoe-io/idpbuilder/pkg/util/files/files.go:29.60,31.5 1 0
github.com/cnoe-io/idpbuilder/pkg/util/files/files.go:32.4,32.62 1 0
github.com/cnoe-io/idpbuilder/pkg/util/files/files.go:32.62,34.5 1 0
github.com/cnoe-io/idpbuilder/pkg/util/files/files.go:35.23,36.12 1 0
github.com/cnoe-io/idpbuilder/pkg/util/files/files.go:37.11,38.53 1 0
github.com/cnoe-io/idpbuilder/pkg/util/files/files.go:38.53,40.5 1 0
github.com/cnoe-io/idpbuilder/pkg/util/files/files.go:43.3,44.17 2 0
github.com/cnoe-io/idpbuilder/pkg/util/files/files.go:44.17,46.4 1 0
github.com/cnoe-io/idpbuilder/pkg/util/files/files.go:47.3,47.58 1 0
github.com/cnoe-io/idpbuilder/pkg/util/files/files.go:47.58,49.4 1 0
github.com/cnoe-io/idpbuilder/pkg/util/files/files.go:51.2,51.12 1 0
github.com/cnoe-io/idpbuilder/pkg/util/files/files.go:54.42,56.16 2 0
github.com/cnoe-io/idpbuilder/pkg/util/files/files.go:56.16,58.3 1 0
github.com/cnoe-io/idpbuilder/pkg/util/files/files.go:60.2,63.16 3 0
github.com/cnoe-io/idpbuilder/pkg/util/files/files.go:63.16,65.3 1 0
github.com/cnoe-io/idpbuilder/pkg/util/files/files.go:67.2,70.16 3 0
github.com/cnoe-io/idpbuilder/pkg/util/files/files.go:70.16,72.3 1 0
github.com/cnoe-io/idpbuilder/pkg/util/files/files.go:74.2,74.12 1 0
github.com/cnoe-io/idpbuilder/pkg/util/files/files.go:77.35,78.53 1 0
github.com/cnoe-io/idpbuilder/pkg/util/files/files.go:78.53,80.3 1 0
github.com/cnoe-io/idpbuilder/pkg/util/files/files.go:82.2,82.13 1 0
github.com/cnoe-io/idpbuilder/pkg/util/files/files.go:85.60,86.17 1 0
github.com/cnoe-io/idpbuilder/pkg/util/files/files.go:86.17,88.3 1 0
github.com/cnoe-io/idpbuilder/pkg/util/files/files.go:90.2,90.47 1 0
github.com/cnoe-io/idpbuilder/pkg/util/files/files.go:90.47,92.3 1 0
github.com/cnoe-io/idpbuilder/pkg/util/files/files.go:94.2,94.12 1 0
github.com/cnoe-io/idpbuilder/pkg/util/files/files.go:97.65,102.16 3 0
github.com/cnoe-io/idpbuilder/pkg/util/files/files.go:102.16,104.3 1 0
github.com/cnoe-io/idpbuilder/pkg/util/files/files.go:107.2,109.16 3 0
github.com/cnoe-io/idpbuilder/pkg/util/files/files.go:109.16,111.3 1 0
github.com/cnoe-io/idpbuilder/pkg/util/files/files.go:113.2,113.25 1 0
github.com/cnoe-io/idpbuilder/pkg/util/files/files.go:117.55,119.2 1 0
github.com/cnoe-io/idpbuilder/api/v1alpha1/groupversion_info.go:21.13,25.2 3 1
github.com/cnoe-io/idpbuilder/api/v1alpha1/localbuild_types.go:113.50,115.2 1 0
github.com/cnoe-io/idpbuilder/api/v1alpha1/localbuild_types.go:117.65,119.2 1 0
github.com/cnoe-io/idpbuilder/api/v1alpha1/zz_generated.deepcopy.go:28.67,30.2 1 0
github.com/cnoe-io/idpbuilder/api/v1alpha1/zz_generated.deepcopy.go:33.60,34.15 1 0
github.com/cnoe-io/idpbuilder/api/v1alpha1/zz_generated.deepcopy.go:34.15,36.3 1 0
github.com/cnoe-io/idpbuilder/api/v1alpha1/zz_generated.deepcopy.go:37.2,39.12 3 0
github.com/cnoe-io/idpbuilder/api/v1alpha1/zz_generated.deepcopy.go:43.57,45.2 1 0
github.com/cnoe-io/idpbuilder/api/v1alpha1/zz_generated.deepcopy.go:48.50,49.15 1 0
github.com/cnoe-io/idpbuilder/api/v1alpha1/zz_generated.deepcopy.go:49.15,51.3 1 0
github.com/cnoe-io/idpbuilder/api/v1alpha1/zz_generated.deepcopy.go:52.2,54.12 3 0
github.com/cnoe-io/idpbuilder/api/v1alpha1/zz_generated.deepcopy.go:58.75,60.2 1 0
github.com/cnoe-io/idpbuilder/api/v1alpha1/zz_generated.deepcopy.go:63.68,64.15 1 0
github.com/cnoe-io/idpbuilder/api/v1alpha1/zz_generated.deepcopy.go:64.15,66.3 1 0
github.com/cnoe-io/idpbuilder/api/v1alpha1/zz_generated.deepcopy.go:67.2,69.12 3 0
github.com/cnoe-io/idpbuilder/api/v1alpha1/zz_generated.deepcopy.go:73.77,75.2 1 0
github.com/cnoe-io/idpbuilder/api/v1alpha1/zz_generated.deepcopy.go:78.70,79.15 1 0
github.com/cnoe-io/idpbuilder/api/v1alpha1/zz_generated.deepcopy.go:79.15,81.3 1 0
github.com/cnoe-io/idpbuilder/api/v1alpha1/zz_generated.deepcopy.go:82.2,84.12 3 0
github.com/cnoe-io/idpbuilder/api/v1alpha1/zz_generated.deepcopy.go:88.45,90.2 1 0
github.com/cnoe-io/idpbuilder/api/v1alpha1/zz_generated.deepcopy.go:93.38,94.15 1 0
github.com/cnoe-io/idpbuilder/api/v1alpha1/zz_generated.deepcopy.go:94.15,96.3 1 0
github.com/cnoe-io/idpbuilder/api/v1alpha1/zz_generated.deepcopy.go:97.2,99.12 3 0
github.com/cnoe-io/idpbuilder/api/v1alpha1/zz_generated.deepcopy.go:103.59,109.2 5 0
github.com/cnoe-io/idpbuilder/api/v1alpha1/zz_generated.deepcopy.go:112.52,113.15 1 0
github.com/cnoe-io/idpbuilder/api/v1alpha1/zz_generated.deepcopy.go:113.15,115.3 1 0
github.com/cnoe-io/idpbuilder/api/v1alpha1/zz_generated.deepcopy.go:116.2,118.12 3 0
github.com/cnoe-io/idpbuilder/api/v1alpha1/zz_generated.deepcopy.go:122.58,123.34 1 0
github.com/cnoe-io/idpbuilder/api/v1alpha1/zz_generated.deepcopy.go:123.34,125.3 1 0
github.com/cnoe-io/idpbuilder/api/v1alpha1/zz_generated.deepcopy.go:126.2,126.12 1 0
github.com/cnoe-io/idpbuilder/api/v1alpha1/zz_generated.deepcopy.go:130.67,134.21 4 0
github.com/cnoe-io/idpbuilder/api/v1alpha1/zz_generated.deepcopy.go:134.21,137.22 3 0
github.com/cnoe-io/idpbuilder/api/v1alpha1/zz_generated.deepcopy.go:137.22,139.4 1 0
github.com/cnoe-io/idpbuilder/api/v1alpha1/zz_generated.deepcopy.go:144.60,145.15 1 0
github.com/cnoe-io/idpbuilder/api/v1alpha1/zz_generated.deepcopy.go:145.15,147.3 1 0
github.com/cnoe-io/idpbuilder/api/v1alpha1/zz_generated.deepcopy.go:148.2,150.12 3 0
github.com/cnoe-io/idpbuilder/api/v1alpha1/zz_generated.deepcopy.go:154.62,155.34 1 0
github.com/cnoe-io/idpbuilder/api/v1alpha1/zz_generated.deepcopy.go:155.34,157.3 1 0
github.com/cnoe-io/idpbuilder/api/v1alpha1/zz_generated.deepcopy.go:158.2,158.12 1 0
github.com/cnoe-io/idpbuilder/api/v1alpha1/zz_generated.deepcopy.go:162.67,167.2 4 0
github.com/cnoe-io/idpbuilder/api/v1alpha1/zz_generated.deepcopy.go:170.60,171.15 1 0
github.com/cnoe-io/idpbuilder/api/v1alpha1/zz_generated.deepcopy.go:171.15,173.3 1 0
github.com/cnoe-io/idpbuilder/api/v1alpha1/zz_generated.deepcopy.go:174.2,176.12 3 0
github.com/cnoe-io/idpbuilder/api/v1alpha1/zz_generated.deepcopy.go:180.71,182.33 2 0
github.com/cnoe-io/idpbuilder/api/v1alpha1/zz_generated.deepcopy.go:182.33,186.3 3 0
github.com/cnoe-io/idpbuilder/api/v1alpha1/zz_generated.deepcopy.go:190.64,191.15 1 0
github.com/cnoe-io/idpbuilder/api/v1alpha1/zz_generated.deepcopy.go:191.15,193.3 1 0
github.com/cnoe-io/idpbuilder/api/v1alpha1/zz_generated.deepcopy.go:194.2,196.12 3 0
github.com/cnoe-io/idpbuilder/api/v1alpha1/zz_generated.deepcopy.go:200.115,202.2 1 0
github.com/cnoe-io/idpbuilder/api/v1alpha1/zz_generated.deepcopy.go:205.108,206.15 1 0
github.com/cnoe-io/idpbuilder/api/v1alpha1/zz_generated.deepcopy.go:206.15,208.3 1 0
github.com/cnoe-io/idpbuilder/api/v1alpha1/zz_generated.deepcopy.go:209.2,211.12 3 0
github.com/cnoe-io/idpbuilder/api/v1alpha1/zz_generated.deepcopy.go:215.59,221.2 5 0
github.com/cnoe-io/idpbuilder/api/v1alpha1/zz_generated.deepcopy.go:224.52,225.15 1 0
github.com/cnoe-io/idpbuilder/api/v1alpha1/zz_generated.deepcopy.go:225.15,227.3 1 0
github.com/cnoe-io/idpbuilder/api/v1alpha1/zz_generated.deepcopy.go:228.2,230.12 3 0
github.com/cnoe-io/idpbuilder/api/v1alpha1/zz_generated.deepcopy.go:234.58,235.34 1 0
github.com/cnoe-io/idpbuilder/api/v1alpha1/zz_generated.deepcopy.go:235.34,237.3 1 0
github.com/cnoe-io/idpbuilder/api/v1alpha1/zz_generated.deepcopy.go:238.2,238.12 1 0
github.com/cnoe-io/idpbuilder/api/v1alpha1/zz_generated.deepcopy.go:242.67,246.21 4 0
github.com/cnoe-io/idpbuilder/api/v1alpha1/zz_generated.deepcopy.go:246.21,249.22 3 0
github.com/cnoe-io/idpbuilder/api/v1alpha1/zz_generated.deepcopy.go:249.22,251.4 1 0
github.com/cnoe-io/idpbuilder/api/v1alpha1/zz_generated.deepcopy.go:256.60,257.15 1 0
github.com/cnoe-io/idpbuilder/api/v1alpha1/zz_generated.deepcopy.go:257.15,259.3 1 0
github.com/cnoe-io/idpbuilder/api/v1alpha1/zz_generated.deepcopy.go:260.2,262.12 3 0
github.com/cnoe-io/idpbuilder/api/v1alpha1/zz_generated.deepcopy.go:266.62,267.34 1 0
github.com/cnoe-io/idpbuilder/api/v1alpha1/zz_generated.deepcopy.go:267.34,269.3 1 0
github.com/cnoe-io/idpbuilder/api/v1alpha1/zz_generated.deepcopy.go:270.2,270.12 1 0
github.com/cnoe-io/idpbuilder/api/v1alpha1/zz_generated.deepcopy.go:274.71,277.2 2 0
github.com/cnoe-io/idpbuilder/api/v1alpha1/zz_generated.deepcopy.go:280.64,281.15 1 0
github.com/cnoe-io/idpbuilder/api/v1alpha1/zz_generated.deepcopy.go:281.15,283.3 1 0
github.com/cnoe-io/idpbuilder/api/v1alpha1/zz_generated.deepcopy.go:284.2,286.12 3 0
github.com/cnoe-io/idpbuilder/api/v1alpha1/zz_generated.deepcopy.go:290.67,296.2 5 0
github.com/cnoe-io/idpbuilder/api/v1alpha1/zz_generated.deepcopy.go:299.60,300.15 1 0
github.com/cnoe-io/idpbuilder/api/v1alpha1/zz_generated.deepcopy.go:300.15,302.3 1 0
github.com/cnoe-io/idpbuilder/api/v1alpha1/zz_generated.deepcopy.go:303.2,305.12 3 0
github.com/cnoe-io/idpbuilder/api/v1alpha1/zz_generated.deepcopy.go:309.71,312.2 2 0
github.com/cnoe-io/idpbuilder/api/v1alpha1/zz_generated.deepcopy.go:315.64,316.15 1 0
github.com/cnoe-io/idpbuilder/api/v1alpha1/zz_generated.deepcopy.go:316.15,318.3 1 0
github.com/cnoe-io/idpbuilder/api/v1alpha1/zz_generated.deepcopy.go:319.2,321.12 3 0
github.com/cnoe-io/idpbuilder/api/v1alpha1/zz_generated.deepcopy.go:325.55,327.2 1 0
github.com/cnoe-io/idpbuilder/api/v1alpha1/zz_generated.deepcopy.go:330.48,331.15 1 0
github.com/cnoe-io/idpbuilder/api/v1alpha1/zz_generated.deepcopy.go:331.15,333.3 1 0
github.com/cnoe-io/idpbuilder/api/v1alpha1/zz_generated.deepcopy.go:334.2,336.12 3 0
github.com/cnoe-io/idpbuilder/api/v1alpha1/zz_generated.deepcopy.go:340.53,346.2 5 0
github.com/cnoe-io/idpbuilder/api/v1alpha1/zz_generated.deepcopy.go:349.46,350.15 1 0
github.com/cnoe-io/idpbuilder/api/v1alpha1/zz_generated.deepcopy.go:350.15,352.3 1 0
github.com/cnoe-io/idpbuilder/api/v1alpha1/zz_generated.deepcopy.go:353.2,355.12 3 0
github.com/cnoe-io/idpbuilder/api/v1alpha1/zz_generated.deepcopy.go:359.55,360.34 1 0
github.com/cnoe-io/idpbuilder/api/v1alpha1/zz_generated.deepcopy.go:360.34,362.3 1 0
github.com/cnoe-io/idpbuilder/api/v1alpha1/zz_generated.deepcopy.go:363.2,363.12 1 0
github.com/cnoe-io/idpbuilder/api/v1alpha1/zz_generated.deepcopy.go:367.61,371.21 4 0
github.com/cnoe-io/idpbuilder/api/v1alpha1/zz_generated.deepcopy.go:371.21,374.22 3 0
github.com/cnoe-io/idpbuilder/api/v1alpha1/zz_generated.deepcopy.go:374.22,376.4 1 0
github.com/cnoe-io/idpbuilder/api/v1alpha1/zz_generated.deepcopy.go:381.54,382.15 1 0
github.com/cnoe-io/idpbuilder/api/v1alpha1/zz_generated.deepcopy.go:382.15,384.3 1 0
github.com/cnoe-io/idpbuilder/api/v1alpha1/zz_generated.deepcopy.go:385.2,387.12 3 0
github.com/cnoe-io/idpbuilder/api/v1alpha1/zz_generated.deepcopy.go:391.59,392.34 1 0
github.com/cnoe-io/idpbuilder/api/v1alpha1/zz_generated.deepcopy.go:392.34,394.3 1 0
github.com/cnoe-io/idpbuilder/api/v1alpha1/zz_generated.deepcopy.go:395.2,395.12 1 0
github.com/cnoe-io/idpbuilder/api/v1alpha1/zz_generated.deepcopy.go:399.61,403.2 3 0
github.com/cnoe-io/idpbuilder/api/v1alpha1/zz_generated.deepcopy.go:406.54,407.15 1 0
github.com/cnoe-io/idpbuilder/api/v1alpha1/zz_generated.deepcopy.go:407.15,409.3 1 0
github.com/cnoe-io/idpbuilder/api/v1alpha1/zz_generated.deepcopy.go:410.2,412.12 3 0
github.com/cnoe-io/idpbuilder/api/v1alpha1/zz_generated.deepcopy.go:416.65,421.2 4 0
github.com/cnoe-io/idpbuilder/api/v1alpha1/zz_generated.deepcopy.go:424.58,425.15 1 0
github.com/cnoe-io/idpbuilder/api/v1alpha1/zz_generated.deepcopy.go:425.15,427.3 1 0
github.com/cnoe-io/idpbuilder/api/v1alpha1/zz_generated.deepcopy.go:428.2,430.12 3 0
github.com/cnoe-io/idpbuilder/api/v1alpha1/zz_generated.deepcopy.go:434.55,436.2 1 0
github.com/cnoe-io/idpbuilder/api/v1alpha1/zz_generated.deepcopy.go:439.48,440.15 1 0
github.com/cnoe-io/idpbuilder/api/v1alpha1/zz_generated.deepcopy.go:440.15,442.3 1 0
github.com/cnoe-io/idpbuilder/api/v1alpha1/zz_generated.deepcopy.go:443.2,445.12 3 0
github.com/cnoe-io/idpbuilder/api/v1alpha1/zz_generated.deepcopy.go:449.51,451.2 1 0
github.com/cnoe-io/idpbuilder/api/v1alpha1/zz_generated.deepcopy.go:454.44,455.15 1 0
github.com/cnoe-io/idpbuilder/api/v1alpha1/zz_generated.deepcopy.go:455.15,457.3 1 0
github.com/cnoe-io/idpbuilder/api/v1alpha1/zz_generated.deepcopy.go:458.2,460.12 3 0
github.com/cnoe-io/idpbuilder/api/v1alpha1/zz_generated.deepcopy.go:464.69,468.34 4 0
github.com/cnoe-io/idpbuilder/api/v1alpha1/zz_generated.deepcopy.go:468.34,472.3 3 0
github.com/cnoe-io/idpbuilder/api/v1alpha1/zz_generated.deepcopy.go:473.2,473.33 1 0
github.com/cnoe-io/idpbuilder/api/v1alpha1/zz_generated.deepcopy.go:473.33,477.3 3 0
github.com/cnoe-io/idpbuilder/api/v1alpha1/zz_generated.deepcopy.go:478.2,478.33 1 0
github.com/cnoe-io/idpbuilder/api/v1alpha1/zz_generated.deepcopy.go:478.33,482.3 3 0
github.com/cnoe-io/idpbuilder/api/v1alpha1/zz_generated.deepcopy.go:483.2,483.40 1 0
github.com/cnoe-io/idpbuilder/api/v1alpha1/zz_generated.deepcopy.go:483.40,486.29 3 0
github.com/cnoe-io/idpbuilder/api/v1alpha1/zz_generated.deepcopy.go:486.29,488.4 1 0
github.com/cnoe-io/idpbuilder/api/v1alpha1/zz_generated.deepcopy.go:493.62,494.15 1 0
github.com/cnoe-io/idpbuilder/api/v1alpha1/zz_generated.deepcopy.go:494.15,496.3 1 0
github.com/cnoe-io/idpbuilder/api/v1alpha1/zz_generated.deepcopy.go:497.2,499.12 3 0
github.com/cnoe-io/idpbuilder/api/v1alpha1/zz_generated.deepcopy.go:503.73,505.2 1 0
github.com/cnoe-io/idpbuilder/api/v1alpha1/zz_generated.deepcopy.go:508.66,509.15 1 0
github.com/cnoe-io/idpbuilder/api/v1alpha1/zz_generated.deepcopy.go:509.15,511.3 1 0
github.com/cnoe-io/idpbuilder/api/v1alpha1/zz_generated.deepcopy.go:512.2,514.12 3 0
github.com/cnoe-io/idpbuilder/api/v1alpha1/zz_generated.deepcopy.go:518.49,520.2 1 0
github.com/cnoe-io/idpbuilder/api/v1alpha1/zz_generated.deepcopy.go:523.42,524.15 1 0
github.com/cnoe-io/idpbuilder/api/v1alpha1/zz_generated.deepcopy.go:524.15,526.3 1 0
github.com/cnoe-io/idpbuilder/api/v1alpha1/zz_generated.deepcopy.go:527.2,529.12 3 0
github.com/cnoe-io/idpbuilder/api/v1alpha1/zz_generated.deepcopy.go:533.73,535.2 1 0
github.com/cnoe-io/idpbuilder/api/v1alpha1/zz_generated.deepcopy.go:538.66,539.15 1 0
github.com/cnoe-io/idpbuilder/api/v1alpha1/zz_generated.deepcopy.go:539.15,541.3 1 0
github.com/cnoe-io/idpbuilder/api/v1alpha1/zz_generated.deepcopy.go:542.2,544.12 3 0
github.com/cnoe-io/idpbuilder/api/v1alpha1/zz_generated.deepcopy.go:548.63,550.2 1 0
github.com/cnoe-io/idpbuilder/api/v1alpha1/zz_generated.deepcopy.go:553.56,554.15 1 0
github.com/cnoe-io/idpbuilder/api/v1alpha1/zz_generated.deepcopy.go:554.15,556.3 1 0
github.com/cnoe-io/idpbuilder/api/v1alpha1/zz_generated.deepcopy.go:557.2,559.12 3 0
github.com/cnoe-io/idpbuilder/globals/project.go:18.46,20.2 1 0
github.com/cnoe-io/idpbuilder/pkg/build/build.go:63.44,80.2 1 0
github.com/cnoe-io/idpbuilder/pkg/build/build.go:82.87,85.16 2 0
github.com/cnoe-io/idpbuilder/pkg/build/build.go:85.16,88.3 2 0
github.com/cnoe-io/idpbuilder/pkg/build/build.go:91.2,91.64 1 0
github.com/cnoe-io/idpbuilder/pkg/build/build.go:91.64,94.3 2 0
github.com/cnoe-io/idpbuilder/pkg/build/build.go:97.2,97.64 1 0
github.com/cnoe-io/idpbuilder/pkg/build/build.go:97.64,100.3 2 0
github.com/cnoe-io/idpbuilder/pkg/build/build.go:101.2,101.12 1 0
github.com/cnoe-io/idpbuilder/pkg/build/build.go:104.55,106.16 2 0
github.com/cnoe-io/idpbuilder/pkg/build/build.go:106.16,109.3 2 0
github.com/cnoe-io/idpbuilder/pkg/build/build.go:110.2,110.24 1 0
github.com/cnoe-io/idpbuilder/pkg/build/build.go:113.79,115.16 2 0
github.com/cnoe-io/idpbuilder/pkg/build/build.go:115.16,118.3 2 0
github.com/cnoe-io/idpbuilder/pkg/build/build.go:119.2,119.24 1 0
github.com/cnoe-io/idpbuilder/pkg/build/build.go:122.84,124.81 1 0
github.com/cnoe-io/idpbuilder/pkg/build/build.go:124.81,127.3 2 0
github.com/cnoe-io/idpbuilder/pkg/build/build.go:128.2,128.12 1 0
github.com/cnoe-io/idpbuilder/pkg/build/build.go:131.114,133.2 1 0
github.com/cnoe-io/idpbuilder/pkg/build/build.go:135.91,143.16 3 3
github.com/cnoe-io/idpbuilder/pkg/build/build.go:143.16,144.32 1 1
github.com/cnoe-io/idpbuilder/pkg/build/build.go:144.32,146.4 1 1
github.com/cnoe-io/idpbuilder/pkg/build/build.go:147.3,147.20 1 0
github.com/cnoe-io/idpbuilder/pkg/build/build.go:150.2,152.8 2 2
github.com/cnoe-io/idpbuilder/pkg/build/build.go:152.8,154.3 1 1
github.com/cnoe-io/idpbuilder/pkg/build/build.go:156.2,162.19 4 1
github.com/cnoe-io/idpbuilder/pkg/build/build.go:165.70,167.69 2 0
github.com/cnoe-io/idpbuilder/pkg/build/build.go:167.69,169.3 1 0
github.com/cnoe-io/idpbuilder/pkg/build/build.go:171.2,173.16 3 0
github.com/cnoe-io/idpbuilder/pkg/build/build.go:173.16,175.3 1 0
github.com/cnoe-io/idpbuilder/pkg/build/build.go:177.2,179.16 3 0
github.com/cnoe-io/idpbuilder/pkg/build/build.go:179.16,181.3 1 0
github.com/cnoe-io/idpbuilder/pkg/build/build.go:183.2,184.57 2 0
github.com/cnoe-io/idpbuilder/pkg/build/build.go:184.57,186.3 1 0
github.com/cnoe-io/idpbuilder/pkg/build/build.go:188.2,196.16 3 0
github.com/cnoe-io/idpbuilder/pkg/build/build.go:196.16,199.3 2 0
github.com/cnoe-io/idpbuilder/pkg/build/build.go:201.2,202.16 2 0
github.com/cnoe-io/idpbuilder/pkg/build/build.go:202.16,205.3 2 0
github.com/cnoe-io/idpbuilder/pkg/build/build.go:206.2,211.16 5 0
github.com/cnoe-io/idpbuilder/pkg/build/build.go:211.16,213.3 1 0
github.com/cnoe-io/idpbuilder/pkg/build/build.go:215.2,217.16 3 0
github.com/cnoe-io/idpbuilder/pkg/build/build.go:217.16,219.3 1 0
github.com/cnoe-io/idpbuilder/pkg/build/build.go:220.2,224.16 4 0
github.com/cnoe-io/idpbuilder/pkg/build/build.go:224.16,227.3 2 0
github.com/cnoe-io/idpbuilder/pkg/build/build.go:228.2,228.9 1 0
github.com/cnoe-io/idpbuilder/pkg/build/build.go:228.9,230.3 1 0
github.com/cnoe-io/idpbuilder/pkg/build/build.go:232.2,235.69 3 0
github.com/cnoe-io/idpbuilder/pkg/build/build.go:235.69,238.3 2 0
github.com/cnoe-io/idpbuilder/pkg/build/build.go:240.2,249.84 4 0
github.com/cnoe-io/idpbuilder/pkg/build/build.go:249.84,250.47 1 0
github.com/cnoe-io/idpbuilder/pkg/build/build.go:250.47,252.4 1 0
github.com/cnoe-io/idpbuilder/pkg/build/build.go:253.3,270.13 3 0
github.com/cnoe-io/idpbuilder/pkg/build/build.go:272.2,272.16 1 0
github.com/cnoe-io/idpbuilder/pkg/build/build.go:272.16,274.3 1 0
github.com/cnoe-io/idpbuilder/pkg/build/build.go:276.2,276.9 1 0
github.com/cnoe-io/idpbuilder/pkg/build/build.go:277.31,278.20 1 0
github.com/cnoe-io/idpbuilder/pkg/build/build.go:278.20,280.4 1 0
github.com/cnoe-io/idpbuilder/pkg/build/build.go:281.20,282.13 1 0
github.com/cnoe-io/idpbuilder/pkg/build/build.go:284.2,284.12 1 0
github.com/cnoe-io/idpbuilder/pkg/build/build.go:287.81,296.2 1 2
github.com/cnoe-io/idpbuilder/pkg/build/coredns.go:25.142,33.16 3 0
github.com/cnoe-io/idpbuilder/pkg/build/coredns.go:33.16,35.3 1 0
github.com/cnoe-io/idpbuilder/pkg/build/coredns.go:37.2,38.16 2 0
github.com/cnoe-io/idpbuilder/pkg/build/coredns.go:38.16,40.3 1 0
github.com/cnoe-io/idpbuilder/pkg/build/coredns.go:42.2,42.22 1 0
github.com/cnoe-io/idpbuilder/pkg/build/coredns.go:42.22,44.26 2 0
github.com/cnoe-io/idpbuilder/pkg/build/coredns.go:45.27,52.78 2 0
github.com/cnoe-io/idpbuilder/pkg/build/coredns.go:52.78,55.5 2 0
github.com/cnoe-io/idpbuilder/pkg/build/coredns.go:56.4,56.18 1 0
github.com/cnoe-io/idpbuilder/pkg/build/coredns.go:56.18,58.5 1 0
github.com/cnoe-io/idpbuilder/pkg/build/coredns.go:59.26,66.77 2 0
github.com/cnoe-io/idpbuilder/pkg/build/coredns.go:66.77,69.5 2 0
github.com/cnoe-io/idpbuilder/pkg/build/coredns.go:70.4,70.18 1 0
github.com/cnoe-io/idpbuilder/pkg/build/coredns.go:70.18,72.5 1 0
github.com/cnoe-io/idpbuilder/pkg/build/coredns.go:75.2,75.12 1 0
github.com/cnoe-io/idpbuilder/pkg/build/tls.go:33.131,46.16 3 1
github.com/cnoe-io/idpbuilder/pkg/build/tls.go:46.16,47.37 1 0
github.com/cnoe-io/idpbuilder/pkg/build/tls.go:47.37,49.4 1 0
github.com/cnoe-io/idpbuilder/pkg/build/tls.go:50.3,50.13 1 0
github.com/cnoe-io/idpbuilder/pkg/build/tls.go:52.2,52.12 1 1
github.com/cnoe-io/idpbuilder/pkg/build/tls.go:55.103,66.16 3 0
github.com/cnoe-io/idpbuilder/pkg/build/tls.go:66.16,67.37 1 0
github.com/cnoe-io/idpbuilder/pkg/build/tls.go:67.37,69.4 1 0
github.com/cnoe-io/idpbuilder/pkg/build/tls.go:70.3,70.67 1 0
github.com/cnoe-io/idpbuilder/pkg/build/tls.go:72.2,72.12 1 0
github.com/cnoe-io/idpbuilder/pkg/build/tls.go:75.129,85.16 3 2
github.com/cnoe-io/idpbuilder/pkg/build/tls.go:85.16,87.3 1 1
github.com/cnoe-io/idpbuilder/pkg/build/tls.go:88.2,89.9 2 1
github.com/cnoe-io/idpbuilder/pkg/build/tls.go:89.9,91.3 1 0
github.com/cnoe-io/idpbuilder/pkg/build/tls.go:92.2,93.9 2 1
github.com/cnoe-io/idpbuilder/pkg/build/tls.go:93.9,95.3 1 0
github.com/cnoe-io/idpbuilder/pkg/build/tls.go:97.2,97.30 1 1
github.com/cnoe-io/idpbuilder/pkg/build/tls.go:100.152,102.16 2 2
github.com/cnoe-io/idpbuilder/pkg/build/tls.go:102.16,103.32 1 1
github.com/cnoe-io/idpbuilder/pkg/build/tls.go:103.32,105.19 2 1
github.com/cnoe-io/idpbuilder/pkg/build/tls.go:105.19,107.5 1 0
github.com/cnoe-io/idpbuilder/pkg/build/tls.go:109.4,110.19 2 1
github.com/cnoe-io/idpbuilder/pkg/build/tls.go:110.19,112.5 1 0
github.com/cnoe-io/idpbuilder/pkg/build/tls.go:113.4,113.32 1 1
github.com/cnoe-io/idpbuilder/pkg/build/tls.go:114.9,116.4 1 0
github.com/cnoe-io/idpbuilder/pkg/build/tls.go:118.2,118.18 1 1
github.com/cnoe-io/idpbuilder/pkg/build/tls.go:121.73,123.16 2 2
github.com/cnoe-io/idpbuilder/pkg/build/tls.go:123.16,125.3 1 0
github.com/cnoe-io/idpbuilder/pkg/build/tls.go:127.2,133.16 6 2
github.com/cnoe-io/idpbuilder/pkg/build/tls.go:133.16,135.3 1 0
github.com/cnoe-io/idpbuilder/pkg/build/tls.go:137.2,152.16 3 2
github.com/cnoe-io/idpbuilder/pkg/build/tls.go:152.16,154.3 1 0
github.com/cnoe-io/idpbuilder/pkg/build/tls.go:156.2,159.16 4 2
github.com/cnoe-io/idpbuilder/pkg/build/tls.go:159.16,161.3 1 0
github.com/cnoe-io/idpbuilder/pkg/build/tls.go:163.2,164.16 2 2
github.com/cnoe-io/idpbuilder/pkg/build/tls.go:164.16,166.3 1 0
github.com/cnoe-io/idpbuilder/pkg/build/tls.go:168.2,169.16 2 2
github.com/cnoe-io/idpbuilder/pkg/build/tls.go:169.16,171.3 1 0
github.com/cnoe-io/idpbuilder/pkg/build/tls.go:173.2,174.16 2 2
github.com/cnoe-io/idpbuilder/pkg/build/tls.go:174.16,176.3 1 0
github.com/cnoe-io/idpbuilder/pkg/build/tls.go:177.2,178.16 2 2
github.com/cnoe-io/idpbuilder/pkg/build/tls.go:178.16,180.3 1 0
github.com/cnoe-io/idpbuilder/pkg/build/tls.go:182.2,182.36 1 2
github.com/cnoe-io/idpbuilder/pkg/build/tls.go:185.156,186.85 1 0
github.com/cnoe-io/idpbuilder/pkg/build/tls.go:186.85,188.3 1 0
github.com/cnoe-io/idpbuilder/pkg/build/tls.go:190.2,190.86 1 0
github.com/cnoe-io/idpbuilder/pkg/build/tls.go:190.86,192.3 1 0
github.com/cnoe-io/idpbuilder/pkg/build/tls.go:194.2,198.44 2 0
github.com/cnoe-io/idpbuilder/pkg/build/tls.go:198.44,203.3 1 0
github.com/cnoe-io/idpbuilder/pkg/build/tls.go:204.2,204.39 1 0
github.com/cnoe-io/idpbuilder/pkg/build/tls.go:204.39,206.3 1 0
github.com/cnoe-io/idpbuilder/pkg/build/tls.go:208.2,210.16 3 0
github.com/cnoe-io/idpbuilder/pkg/build/tls.go:210.16,212.3 1 0
github.com/cnoe-io/idpbuilder/pkg/build/tls.go:214.2,216.16 3 0
github.com/cnoe-io/idpbuilder/pkg/build/tls.go:216.16,218.3 1 0
github.com/cnoe-io/idpbuilder/pkg/build/tls.go:220.2,222.16 3 0
github.com/cnoe-io/idpbuilder/pkg/build/tls.go:222.16,224.3 1 0
github.com/cnoe-io/idpbuilder/pkg/build/tls.go:225.2,225.18 1 0
github.com/cnoe-io/idpbuilder/pkg/controllers/crd.go:22.89,24.16 2 0
github.com/cnoe-io/idpbuilder/pkg/controllers/crd.go:24.16,26.3 1 0
github.com/cnoe-io/idpbuilder/pkg/controllers/crd.go:28.2,28.63 1 0
github.com/cnoe-io/idpbuilder/pkg/controllers/crd.go:31.112,36.9 3 0
github.com/cnoe-io/idpbuilder/pkg/controllers/crd.go:36.9,38.3 1 0
github.com/cnoe-io/idpbuilder/pkg/controllers/crd.go:39.2,45.9 3 0
github.com/cnoe-io/idpbuilder/pkg/controllers/crd.go:46.33,47.53 1 0
github.com/cnoe-io/idpbuilder/pkg/controllers/crd.go:47.53,50.4 2 0
github.com/cnoe-io/idpbuilder/pkg/controllers/crd.go:51.18,53.13 2 0
github.com/cnoe-io/idpbuilder/pkg/controllers/crd.go:54.10,56.52 2 0
github.com/cnoe-io/idpbuilder/pkg/controllers/crd.go:56.52,59.4 2 0
github.com/cnoe-io/idpbuilder/pkg/controllers/crd.go:63.2,63.6 1 0
github.com/cnoe-io/idpbuilder/pkg/controllers/crd.go:63.6,68.17 1 0
github.com/cnoe-io/idpbuilder/pkg/controllers/crd.go:68.17,71.4 2 0
github.com/cnoe-io/idpbuilder/pkg/controllers/crd.go:72.3,73.49 2 0
github.com/cnoe-io/idpbuilder/pkg/controllers/crd.go:73.49,74.48 1 0
github.com/cnoe-io/idpbuilder/pkg/controllers/crd.go:74.48,75.53 1 0
github.com/cnoe-io/idpbuilder/pkg/controllers/crd.go:75.53,77.6 1 0
github.com/cnoe-io/idpbuilder/pkg/controllers/crd.go:80.3,80.21 1 0
github.com/cnoe-io/idpbuilder/pkg/controllers/crd.go:80.21,81.9 1 0
github.com/cnoe-io/idpbuilder/pkg/controllers/crd.go:82.9,84.4 1 0
github.com/cnoe-io/idpbuilder/pkg/controllers/crd.go:85.3,85.61 1 0
github.com/cnoe-io/idpbuilder/pkg/controllers/crd.go:87.2,87.12 1 0
github.com/cnoe-io/idpbuilder/pkg/controllers/crd.go:90.112,92.16 2 0
github.com/cnoe-io/idpbuilder/pkg/controllers/crd.go:92.16,94.3 1 0
github.com/cnoe-io/idpbuilder/pkg/controllers/crd.go:96.2,96.34 1 0
github.com/cnoe-io/idpbuilder/pkg/controllers/crd.go:96.34,97.64 1 0
github.com/cnoe-io/idpbuilder/pkg/controllers/crd.go:97.64,99.4 1 0
github.com/cnoe-io/idpbuilder/pkg/controllers/crd.go:102.2,102.12 1 0
github.com/cnoe-io/idpbuilder/pkg/controllers/run.go:24.9,38.39 3 0
github.com/cnoe-io/idpbuilder/pkg/controllers/run.go:38.39,41.3 2 0
github.com/cnoe-io/idpbuilder/pkg/controllers/run.go:43.2,52.16 2 0
github.com/cnoe-io/idpbuilder/pkg/controllers/run.go:52.16,54.3 1 0
github.com/cnoe-io/idpbuilder/pkg/controllers/run.go:56.2,63.16 2 0
github.com/cnoe-io/idpbuilder/pkg/controllers/run.go:63.16,65.3 1 0
github.com/cnoe-io/idpbuilder/pkg/controllers/run.go:67.2,69.12 2 0
github.com/cnoe-io/idpbuilder/pkg/controllers/run.go:69.12,72.3 2 0
github.com/cnoe-io/idpbuilder/pkg/controllers/run.go:74.2,74.12 1 0
github.com/cnoe-io/idpbuilder/pkg/resources/localbuild/application.go:8.55,29.2 5 0
github.com/cnoe-io/idpbuilder/pkg/resources/localbuild/application.go:31.118,33.27 2 0
github.com/cnoe-io/idpbuilder/pkg/resources/localbuild/application.go:33.27,35.3 1 0
github.com/cnoe-io/idpbuilder/pkg/resources/localbuild/application.go:37.2,57.3 4 0
github.com/cnoe-io/idpbuilder/pkg/util/files/files.go:13.47,15.16 2 0
github.com/cnoe-io/idpbuilder/pkg/util/files/files.go:15.16,17.3 1 0
github.com/cnoe-io/idpbuilder/pkg/util/files/files.go:18.2,18.32 1 0
github.com/cnoe-io/idpbuilder/pkg/util/files/files.go:18.32,23.17 4 0
github.com/cnoe-io/idpbuilder/pkg/util/files/files.go:23.17,25.4 1 0
github.com/cnoe-io/idpbuilder/pkg/util/files/files.go:27.3,27.40 1 0
github.com/cnoe-io/idpbuilder/pkg/util/files/files.go:28.19,29.60 1 0
github.com/cnoe-io/idpbuilder/pkg/util/files/files.go:29.60,31.5 1 0
github.com/cnoe-io/idpbuilder/pkg/util/files/files.go:32.4,32.62 1 0
github.com/cnoe-io/idpbuilder/pkg/util/files/files.go:32.62,34.5 1 0
github.com/cnoe-io/idpbuilder/pkg/util/files/files.go:35.23,36.12 1 0
github.com/cnoe-io/idpbuilder/pkg/util/files/files.go:37.11,38.53 1 0
github.com/cnoe-io/idpbuilder/pkg/util/files/files.go:38.53,40.5 1 0
github.com/cnoe-io/idpbuilder/pkg/util/files/files.go:43.3,44.17 2 0
github.com/cnoe-io/idpbuilder/pkg/util/files/files.go:44.17,46.4 1 0
github.com/cnoe-io/idpbuilder/pkg/util/files/files.go:47.3,47.58 1 0
github.com/cnoe-io/idpbuilder/pkg/util/files/files.go:47.58,49.4 1 0
github.com/cnoe-io/idpbuilder/pkg/util/files/files.go:51.2,51.12 1 0
github.com/cnoe-io/idpbuilder/pkg/util/files/files.go:54.42,56.16 2 0
github.com/cnoe-io/idpbuilder/pkg/util/files/files.go:56.16,58.3 1 0
github.com/cnoe-io/idpbuilder/pkg/util/files/files.go:60.2,63.16 3 0
github.com/cnoe-io/idpbuilder/pkg/util/files/files.go:63.16,65.3 1 0
github.com/cnoe-io/idpbuilder/pkg/util/files/files.go:67.2,70.16 3 0
github.com/cnoe-io/idpbuilder/pkg/util/files/files.go:70.16,72.3 1 0
github.com/cnoe-io/idpbuilder/pkg/util/files/files.go:74.2,74.12 1 0
github.com/cnoe-io/idpbuilder/pkg/util/files/files.go:77.35,78.53 1 0
github.com/cnoe-io/idpbuilder/pkg/util/files/files.go:78.53,80.3 1 0
github.com/cnoe-io/idpbuilder/pkg/util/files/files.go:82.2,82.13 1 0
github.com/cnoe-io/idpbuilder/pkg/util/files/files.go:85.60,86.17 1 0
github.com/cnoe-io/idpbuilder/pkg/util/files/files.go:86.17,88.3 1 0
github.com/cnoe-io/idpbuilder/pkg/util/files/files.go:90.2,90.47 1 0
github.com/cnoe-io/idpbuilder/pkg/util/files/files.go:90.47,92.3 1 0
github.com/cnoe-io/idpbuilder/pkg/util/files/files.go:94.2,94.12 1 0
github.com/cnoe-io/idpbuilder/pkg/util/files/files.go:97.65,102.16 3 0
github.com/cnoe-io/idpbuilder/pkg/util/files/files.go:102.16,104.3 1 0
github.com/cnoe-io/idpbuilder/pkg/util/files/files.go:107.2,109.16 3 0
github.com/cnoe-io/idpbuilder/pkg/util/files/files.go:109.16,111.3 1 0
github.com/cnoe-io/idpbuilder/pkg/util/files/files.go:113.2,113.25 1 0
github.com/cnoe-io/idpbuilder/pkg/util/files/files.go:117.55,119.2 1 0
github.com/cnoe-io/idpbuilder/api/v1alpha1/groupversion_info.go:21.13,25.2 3 1
github.com/cnoe-io/idpbuilder/api/v1alpha1/localbuild_types.go:113.50,115.2 1 0
github.com/cnoe-io/idpbuilder/api/v1alpha1/localbuild_types.go:117.65,119.2 1 0
github.com/cnoe-io/idpbuilder/api/v1alpha1/zz_generated.deepcopy.go:28.67,30.2 1 0
github.com/cnoe-io/idpbuilder/api/v1alpha1/zz_generated.deepcopy.go:33.60,34.15 1 0
github.com/cnoe-io/idpbuilder/api/v1alpha1/zz_generated.deepcopy.go:34.15,36.3 1 0
github.com/cnoe-io/idpbuilder/api/v1alpha1/zz_generated.deepcopy.go:37.2,39.12 3 0
github.com/cnoe-io/idpbuilder/api/v1alpha1/zz_generated.deepcopy.go:43.57,45.2 1 0
github.com/cnoe-io/idpbuilder/api/v1alpha1/zz_generated.deepcopy.go:48.50,49.15 1 0
github.com/cnoe-io/idpbuilder/api/v1alpha1/zz_generated.deepcopy.go:49.15,51.3 1 0
github.com/cnoe-io/idpbuilder/api/v1alpha1/zz_generated.deepcopy.go:52.2,54.12 3 0
github.com/cnoe-io/idpbuilder/api/v1alpha1/zz_generated.deepcopy.go:58.75,60.2 1 0
github.com/cnoe-io/idpbuilder/api/v1alpha1/zz_generated.deepcopy.go:63.68,64.15 1 0
github.com/cnoe-io/idpbuilder/api/v1alpha1/zz_generated.deepcopy.go:64.15,66.3 1 0
github.com/cnoe-io/idpbuilder/api/v1alpha1/zz_generated.deepcopy.go:67.2,69.12 3 0
github.com/cnoe-io/idpbuilder/api/v1alpha1/zz_generated.deepcopy.go:73.77,75.2 1 0
github.com/cnoe-io/idpbuilder/api/v1alpha1/zz_generated.deepcopy.go:78.70,79.15 1 0
github.com/cnoe-io/idpbuilder/api/v1alpha1/zz_generated.deepcopy.go:79.15,81.3 1 0
github.com/cnoe-io/idpbuilder/api/v1alpha1/zz_generated.deepcopy.go:82.2,84.12 3 0
github.com/cnoe-io/idpbuilder/api/v1alpha1/zz_generated.deepcopy.go:88.45,90.2 1 0
github.com/cnoe-io/idpbuilder/api/v1alpha1/zz_generated.deepcopy.go:93.38,94.15 1 0
github.com/cnoe-io/idpbuilder/api/v1alpha1/zz_generated.deepcopy.go:94.15,96.3 1 0
github.com/cnoe-io/idpbuilder/api/v1alpha1/zz_generated.deepcopy.go:97.2,99.12 3 0
github.com/cnoe-io/idpbuilder/api/v1alpha1/zz_generated.deepcopy.go:103.59,109.2 5 0
github.com/cnoe-io/idpbuilder/api/v1alpha1/zz_generated.deepcopy.go:112.52,113.15 1 0
github.com/cnoe-io/idpbuilder/api/v1alpha1/zz_generated.deepcopy.go:113.15,115.3 1 0
github.com/cnoe-io/idpbuilder/api/v1alpha1/zz_generated.deepcopy.go:116.2,118.12 3 0
github.com/cnoe-io/idpbuilder/api/v1alpha1/zz_generated.deepcopy.go:122.58,123.34 1 0
github.com/cnoe-io/idpbuilder/api/v1alpha1/zz_generated.deepcopy.go:123.34,125.3 1 0
github.com/cnoe-io/idpbuilder/api/v1alpha1/zz_generated.deepcopy.go:126.2,126.12 1 0
github.com/cnoe-io/idpbuilder/api/v1alpha1/zz_generated.deepcopy.go:130.67,134.21 4 0
github.com/cnoe-io/idpbuilder/api/v1alpha1/zz_generated.deepcopy.go:134.21,137.22 3 0
github.com/cnoe-io/idpbuilder/api/v1alpha1/zz_generated.deepcopy.go:137.22,139.4 1 0
github.com/cnoe-io/idpbuilder/api/v1alpha1/zz_generated.deepcopy.go:144.60,145.15 1 0
github.com/cnoe-io/idpbuilder/api/v1alpha1/zz_generated.deepcopy.go:145.15,147.3 1 0
github.com/cnoe-io/idpbuilder/api/v1alpha1/zz_generated.deepcopy.go:148.2,150.12 3 0
github.com/cnoe-io/idpbuilder/api/v1alpha1/zz_generated.deepcopy.go:154.62,155.34 1 0
github.com/cnoe-io/idpbuilder/api/v1alpha1/zz_generated.deepcopy.go:155.34,157.3 1 0
github.com/cnoe-io/idpbuilder/api/v1alpha1/zz_generated.deepcopy.go:158.2,158.12 1 0
github.com/cnoe-io/idpbuilder/api/v1alpha1/zz_generated.deepcopy.go:162.67,167.2 4 0
github.com/cnoe-io/idpbuilder/api/v1alpha1/zz_generated.deepcopy.go:170.60,171.15 1 0
github.com/cnoe-io/idpbuilder/api/v1alpha1/zz_generated.deepcopy.go:171.15,173.3 1 0
github.com/cnoe-io/idpbuilder/api/v1alpha1/zz_generated.deepcopy.go:174.2,176.12 3 0
github.com/cnoe-io/idpbuilder/api/v1alpha1/zz_generated.deepcopy.go:180.71,182.33 2 0
github.com/cnoe-io/idpbuilder/api/v1alpha1/zz_generated.deepcopy.go:182.33,186.3 3 0
github.com/cnoe-io/idpbuilder/api/v1alpha1/zz_generated.deepcopy.go:190.64,191.15 1 0
github.com/cnoe-io/idpbuilder/api/v1alpha1/zz_generated.deepcopy.go:191.15,193.3 1 0
github.com/cnoe-io/idpbuilder/api/v1alpha1/zz_generated.deepcopy.go:194.2,196.12 3 0
github.com/cnoe-io/idpbuilder/api/v1alpha1/zz_generated.deepcopy.go:200.115,202.2 1 0
github.com/cnoe-io/idpbuilder/api/v1alpha1/zz_generated.deepcopy.go:205.108,206.15 1 0
github.com/cnoe-io/idpbuilder/api/v1alpha1/zz_generated.deepcopy.go:206.15,208.3 1 0
github.com/cnoe-io/idpbuilder/api/v1alpha1/zz_generated.deepcopy.go:209.2,211.12 3 0
github.com/cnoe-io/idpbuilder/api/v1alpha1/zz_generated.deepcopy.go:215.59,221.2 5 0
github.com/cnoe-io/idpbuilder/api/v1alpha1/zz_generated.deepcopy.go:224.52,225.15 1 0
github.com/cnoe-io/idpbuilder/api/v1alpha1/zz_generated.deepcopy.go:225.15,227.3 1 0
github.com/cnoe-io/idpbuilder/api/v1alpha1/zz_generated.deepcopy.go:228.2,230.12 3 0
github.com/cnoe-io/idpbuilder/api/v1alpha1/zz_generated.deepcopy.go:234.58,235.34 1 0
github.com/cnoe-io/idpbuilder/api/v1alpha1/zz_generated.deepcopy.go:235.34,237.3 1 0
github.com/cnoe-io/idpbuilder/api/v1alpha1/zz_generated.deepcopy.go:238.2,238.12 1 0
github.com/cnoe-io/idpbuilder/api/v1alpha1/zz_generated.deepcopy.go:242.67,246.21 4 0
github.com/cnoe-io/idpbuilder/api/v1alpha1/zz_generated.deepcopy.go:246.21,249.22 3 0
github.com/cnoe-io/idpbuilder/api/v1alpha1/zz_generated.deepcopy.go:249.22,251.4 1 0
github.com/cnoe-io/idpbuilder/api/v1alpha1/zz_generated.deepcopy.go:256.60,257.15 1 0
github.com/cnoe-io/idpbuilder/api/v1alpha1/zz_generated.deepcopy.go:257.15,259.3 1 0
github.com/cnoe-io/idpbuilder/api/v1alpha1/zz_generated.deepcopy.go:260.2,262.12 3 0
github.com/cnoe-io/idpbuilder/api/v1alpha1/zz_generated.deepcopy.go:266.62,267.34 1 0
github.com/cnoe-io/idpbuilder/api/v1alpha1/zz_generated.deepcopy.go:267.34,269.3 1 0
github.com/cnoe-io/idpbuilder/api/v1alpha1/zz_generated.deepcopy.go:270.2,270.12 1 0
github.com/cnoe-io/idpbuilder/api/v1alpha1/zz_generated.deepcopy.go:274.71,277.2 2 0
github.com/cnoe-io/idpbuilder/api/v1alpha1/zz_generated.deepcopy.go:280.64,281.15 1 0
github.com/cnoe-io/idpbuilder/api/v1alpha1/zz_generated.deepcopy.go:281.15,283.3 1 0
github.com/cnoe-io/idpbuilder/api/v1alpha1/zz_generated.deepcopy.go:284.2,286.12 3 0
github.com/cnoe-io/idpbuilder/api/v1alpha1/zz_generated.deepcopy.go:290.67,296.2 5 0
github.com/cnoe-io/idpbuilder/api/v1alpha1/zz_generated.deepcopy.go:299.60,300.15 1 0
github.com/cnoe-io/idpbuilder/api/v1alpha1/zz_generated.deepcopy.go:300.15,302.3 1 0
github.com/cnoe-io/idpbuilder/api/v1alpha1/zz_generated.deepcopy.go:303.2,305.12 3 0
github.com/cnoe-io/idpbuilder/api/v1alpha1/zz_generated.deepcopy.go:309.71,312.2 2 0
github.com/cnoe-io/idpbuilder/api/v1alpha1/zz_generated.deepcopy.go:315.64,316.15 1 0
github.com/cnoe-io/idpbuilder/api/v1alpha1/zz_generated.deepcopy.go:316.15,318.3 1 0
github.com/cnoe-io/idpbuilder/api/v1alpha1/zz_generated.deepcopy.go:319.2,321.12 3 0
github.com/cnoe-io/idpbuilder/api/v1alpha1/zz_generated.deepcopy.go:325.55,327.2 1 0
github.com/cnoe-io/idpbuilder/api/v1alpha1/zz_generated.deepcopy.go:330.48,331.15 1 0
github.com/cnoe-io/idpbuilder/api/v1alpha1/zz_generated.deepcopy.go:331.15,333.3 1 0
github.com/cnoe-io/idpbuilder/api/v1alpha1/zz_generated.deepcopy.go:334.2,336.12 3 0
github.com/cnoe-io/idpbuilder/api/v1alpha1/zz_generated.deepcopy.go:340.53,346.2 5 0
[...]
github.com/cnoe-io/idpbuilder/pkg/controllers/localbuild/controller.go:529.2,529.37 1 0
github.com/cnoe-io/idpbuilder/pkg/controllers/localbuild/controller.go:529.37,531.18 2 0
github.com/cnoe-io/idpbuilder/pkg/controllers/localbuild/controller.go:531.18,533.12 2 0
github.com/cnoe-io/idpbuilder/pkg/controllers/localbuild/controller.go:536.3,537.18 2 0
github.com/cnoe-io/idpbuilder/pkg/controllers/localbuild/controller.go:537.18,539.4 1 0
github.com/cnoe-io/idpbuilder/pkg/controllers/localbuild/controller.go:541.2,541.27 1 0
github.com/cnoe-io/idpbuilder/pkg/controllers/localbuild/controller.go:544.142,548.16 3 0
github.com/cnoe-io/idpbuilder/pkg/controllers/localbuild/controller.go:548.16,550.3 1 0
github.com/cnoe-io/idpbuilder/pkg/controllers/localbuild/controller.go:552.2,552.23 1 0
github.com/cnoe-io/idpbuilder/pkg/controllers/localbuild/controller.go:552.23,554.64 2 0
github.com/cnoe-io/idpbuilder/pkg/controllers/localbuild/controller.go:554.64,555.12 1 0
github.com/cnoe-io/idpbuilder/pkg/controllers/localbuild/controller.go:558.3,560.18 3 0
github.com/cnoe-io/idpbuilder/pkg/controllers/localbuild/controller.go:560.18,562.12 2 0
github.com/cnoe-io/idpbuilder/pkg/controllers/localbuild/controller.go:565.3,566.18 2 0
github.com/cnoe-io/idpbuilder/pkg/controllers/localbuild/controller.go:566.18,568.4 1 0
github.com/cnoe-io/idpbuilder/pkg/controllers/localbuild/controller.go:571.2,571.27 1 0
github.com/cnoe-io/idpbuilder/pkg/controllers/localbuild/controller.go:574.144,579.16 4 0
github.com/cnoe-io/idpbuilder/pkg/controllers/localbuild/controller.go:579.16,581.3 1 0
github.com/cnoe-io/idpbuilder/pkg/controllers/localbuild/controller.go:583.2,584.16 2 0
github.com/cnoe-io/idpbuilder/pkg/controllers/localbuild/controller.go:584.16,586.3 1 0
github.com/cnoe-io/idpbuilder/pkg/controllers/localbuild/controller.go:588.2,588.31 1 0
github.com/cnoe-io/idpbuilder/pkg/controllers/localbuild/controller.go:588.31,590.3 1 0
github.com/cnoe-io/idpbuilder/pkg/controllers/localbuild/controller.go:592.2,592.35 1 0
github.com/cnoe-io/idpbuilder/pkg/controllers/localbuild/controller.go:592.35,594.3 1 0
github.com/cnoe-io/idpbuilder/pkg/controllers/localbuild/controller.go:596.2,597.17 2 0
github.com/cnoe-io/idpbuilder/pkg/controllers/localbuild/controller.go:597.17,599.3 1 0
github.com/cnoe-io/idpbuilder/pkg/controllers/localbuild/controller.go:601.2,602.17 2 0
github.com/cnoe-io/idpbuilder/pkg/controllers/localbuild/controller.go:602.17,604.3 1 0
github.com/cnoe-io/idpbuilder/pkg/controllers/localbuild/controller.go:606.2,606.27 1 0
github.com/cnoe-io/idpbuilder/pkg/controllers/localbuild/controller.go:609.184,618.16 3 0
github.com/cnoe-io/idpbuilder/pkg/controllers/localbuild/controller.go:618.16,620.3 1 0
github.com/cnoe-io/idpbuilder/pkg/controllers/localbuild/controller.go:622.2,622.75 1 0
github.com/cnoe-io/idpbuilder/pkg/controllers/localbuild/controller.go:622.75,623.89 1 0
github.com/cnoe-io/idpbuilder/pkg/controllers/localbuild/controller.go:623.89,625.4 1 0
github.com/cnoe-io/idpbuilder/pkg/controllers/localbuild/controller.go:627.3,627.41 1 0
github.com/cnoe-io/idpbuilder/pkg/controllers/localbuild/controller.go:627.41,629.4 1 0
github.com/cnoe-io/idpbuilder/pkg/controllers/localbuild/controller.go:630.3,648.46 3 0
github.com/cnoe-io/idpbuilder/pkg/controllers/localbuild/controller.go:648.46,650.4 1 0
github.com/cnoe-io/idpbuilder/pkg/controllers/localbuild/controller.go:650.9,652.4 1 0
github.com/cnoe-io/idpbuilder/pkg/controllers/localbuild/controller.go:653.3,654.9 2 0
github.com/cnoe-io/idpbuilder/pkg/controllers/localbuild/controller.go:654.9,659.4 1 0
github.com/cnoe-io/idpbuilder/pkg/controllers/localbuild/controller.go:660.3,660.13 1 0
github.com/cnoe-io/idpbuilder/pkg/controllers/localbuild/controller.go:663.2,663.18 1 0
github.com/cnoe-io/idpbuilder/pkg/controllers/localbuild/controller.go:666.83,669.16 3 4
github.com/cnoe-io/idpbuilder/pkg/controllers/localbuild/controller.go:669.16,671.3 1 0
github.com/cnoe-io/idpbuilder/pkg/controllers/localbuild/controller.go:673.1,674.28 1 4
github.com/cnoe-io/idpbuilder/pkg/controllers/localbuild/controller.go:674.28,676.41 2 4
github.com/cnoe-io/idpbuilder/pkg/controllers/localbuild/controller.go:676.41,678.46 1 2
github.com/cnoe-io/idpbuilder/pkg/controllers/localbuild/controller.go:678.46,679.18 1 1
github.com/cnoe-io/idpbuilder/pkg/controllers/localbuild/controller.go:682.3,683.18 2 3
github.com/cnoe-io/idpbuilder/pkg/controllers/localbuild/controller.go:683.18,685.4 1 0
github.com/cnoe-io/idpbuilder/pkg/controllers/localbuild/controller.go:687.2,687.12 1 4
github.com/cnoe-io/idpbuilder/pkg/controllers/localbuild/controller.go:690.86,693.16 3 0
github.com/cnoe-io/idpbuilder/pkg/controllers/localbuild/controller.go:693.16,695.3 1 0
github.com/cnoe-io/idpbuilder/pkg/controllers/localbuild/controller.go:697.2,697.31 1 0
github.com/cnoe-io/idpbuilder/pkg/controllers/localbuild/controller.go:697.31,700.18 3 0
github.com/cnoe-io/idpbuilder/pkg/controllers/localbuild/controller.go:700.18,702.4 1 0
github.com/cnoe-io/idpbuilder/pkg/controllers/localbuild/controller.go:704.2,704.12 1 0
github.com/cnoe-io/idpbuilder/pkg/controllers/localbuild/controller.go:707.101,714.16 3 0
github.com/cnoe-io/idpbuilder/pkg/controllers/localbuild/controller.go:714.16,715.32 1 0
github.com/cnoe-io/idpbuilder/pkg/controllers/localbuild/controller.go:715.32,717.4 1 0
github.com/cnoe-io/idpbuilder/pkg/controllers/localbuild/controller.go:719.2,719.42 1 0
github.com/cnoe-io/idpbuilder/pkg/controllers/localbuild/controller.go:722.93,729.16 3 0
github.com/cnoe-io/idpbuilder/pkg/controllers/localbuild/controller.go:729.16,730.32 1 0
github.com/cnoe-io/idpbuilder/pkg/controllers/localbuild/controller.go:730.32,732.4 1 0
github.com/cnoe-io/idpbuilder/pkg/controllers/localbuild/controller.go:734.2,734.42 1 0
github.com/cnoe-io/idpbuilder/pkg/controllers/localbuild/controller.go:737.101,743.16 3 0
github.com/cnoe-io/idpbuilder/pkg/controllers/localbuild/controller.go:743.16,745.3 1 0
github.com/cnoe-io/idpbuilder/pkg/controllers/localbuild/controller.go:747.2,753.16 3 0
github.com/cnoe-io/idpbuilder/pkg/controllers/localbuild/controller.go:753.16,755.3 1 0
github.com/cnoe-io/idpbuilder/pkg/controllers/localbuild/controller.go:757.2,758.16 2 0
github.com/cnoe-io/idpbuilder/pkg/controllers/localbuild/controller.go:758.16,760.3 1 0
github.com/cnoe-io/idpbuilder/pkg/controllers/localbuild/controller.go:761.2,761.12 1 0
github.com/cnoe-io/idpbuilder/pkg/controllers/localbuild/controller.go:764.102,774.16 5 0
github.com/cnoe-io/idpbuilder/pkg/controllers/localbuild/controller.go:774.16,776.3 1 0
github.com/cnoe-io/idpbuilder/pkg/controllers/localbuild/controller.go:779.2,780.16 2 0
github.com/cnoe-io/idpbuilder/pkg/controllers/localbuild/controller.go:780.16,782.3 1 0
github.com/cnoe-io/idpbuilder/pkg/controllers/localbuild/controller.go:783.2,790.16 4 0
github.com/cnoe-io/idpbuilder/pkg/controllers/localbuild/controller.go:790.16,792.3 1 0
github.com/cnoe-io/idpbuilder/pkg/controllers/localbuild/controller.go:793.2,797.16 3 0
github.com/cnoe-io/idpbuilder/pkg/controllers/localbuild/controller.go:797.16,799.3 1 0
github.com/cnoe-io/idpbuilder/pkg/controllers/localbuild/controller.go:802.2,802.28 1 0
github.com/cnoe-io/idpbuilder/pkg/controllers/localbuild/controller.go:802.28,806.17 3 0
github.com/cnoe-io/idpbuilder/pkg/controllers/localbuild/controller.go:806.17,808.4 1 0
github.com/cnoe-io/idpbuilder/pkg/controllers/localbuild/controller.go:810.3,817.17 3 0
github.com/cnoe-io/idpbuilder/pkg/controllers/localbuild/controller.go:817.17,819.4 1 0
github.com/cnoe-io/idpbuilder/pkg/controllers/localbuild/controller.go:821.3,822.17 2 0
github.com/cnoe-io/idpbuilder/pkg/controllers/localbuild/controller.go:822.17,825.4 2 0
github.com/cnoe-io/idpbuilder/pkg/controllers/localbuild/controller.go:827.3,828.17 2 0
github.com/cnoe-io/idpbuilder/pkg/controllers/localbuild/controller.go:828.17,830.4 1 0
github.com/cnoe-io/idpbuilder/pkg/controllers/localbuild/controller.go:831.3,839.17 4 0
github.com/cnoe-io/idpbuilder/pkg/controllers/localbuild/controller.go:839.17,841.4 1 0
github.com/cnoe-io/idpbuilder/pkg/controllers/localbuild/controller.go:844.3,845.17 2 0
github.com/cnoe-io/idpbuilder/pkg/controllers/localbuild/controller.go:845.17,847.4 1 0
github.com/cnoe-io/idpbuilder/pkg/controllers/localbuild/controller.go:848.3,852.17 3 0
github.com/cnoe-io/idpbuilder/pkg/controllers/localbuild/controller.go:852.17,854.4 1 0
github.com/cnoe-io/idpbuilder/pkg/controllers/localbuild/controller.go:855.3,858.29 2 0
github.com/cnoe-io/idpbuilder/pkg/controllers/localbuild/controller.go:858.29,861.18 2 0
github.com/cnoe-io/idpbuilder/pkg/controllers/localbuild/controller.go:861.18,863.5 1 0
github.com/cnoe-io/idpbuilder/pkg/controllers/localbuild/controller.go:864.4,864.14 1 0
github.com/cnoe-io/idpbuilder/pkg/controllers/localbuild/controller.go:868.2,868.12 1 0
github.com/cnoe-io/idpbuilder/pkg/controllers/localbuild/controller.go:871.151,873.24 2 3
github.com/cnoe-io/idpbuilder/pkg/controllers/localbuild/controller.go:873.24,875.10 2 1
github.com/cnoe-io/idpbuilder/pkg/controllers/localbuild/controller.go:875.10,878.18 3 1
github.com/cnoe-io/idpbuilder/pkg/controllers/localbuild/controller.go:878.18,880.5 1 0
github.com/cnoe-io/idpbuilder/pkg/controllers/localbuild/controller.go:882.8,887.17 3 2
github.com/cnoe-io/idpbuilder/pkg/controllers/localbuild/controller.go:887.17,889.4 1 0
github.com/cnoe-io/idpbuilder/pkg/controllers/localbuild/controller.go:891.2,891.12 1 3
github.com/cnoe-io/idpbuilder/pkg/controllers/localbuild/controller.go:894.60,897.2 2 0
github.com/cnoe-io/idpbuilder/pkg/controllers/localbuild/controller.go:899.64,900.16 1 0
github.com/cnoe-io/idpbuilder/pkg/controllers/localbuild/controller.go:900.16,902.3 1 0
github.com/cnoe-io/idpbuilder/pkg/controllers/localbuild/controller.go:903.2,903.124 1 0
github.com/cnoe-io/idpbuilder/pkg/controllers/localbuild/controller.go:906.148,907.14 1 0
github.com/cnoe-io/idpbuilder/pkg/controllers/localbuild/controller.go:908.34,909.65 1 0
github.com/cnoe-io/idpbuilder/pkg/controllers/localbuild/controller.go:910.33,911.64 1 0
github.com/cnoe-io/idpbuilder/pkg/controllers/localbuild/controller.go:912.40,913.64 1 0
github.com/cnoe-io/idpbuilder/pkg/controllers/localbuild/controller.go:914.10,915.67 1 0
github.com/cnoe-io/idpbuilder/pkg/controllers/localbuild/gitea.go:27.129,29.2 1 0
github.com/cnoe-io/idpbuilder/pkg/controllers/localbuild/gitea.go:31.83,38.2 3 0
github.com/cnoe-io/idpbuilder/pkg/controllers/localbuild/gitea.go:40.138,62.16 5 0
github.com/cnoe-io/idpbuilder/pkg/controllers/localbuild/gitea.go:62.16,63.32 1 0
github.com/cnoe-io/idpbuilder/pkg/controllers/localbuild/gitea.go:63.32,65.18 2 0
github.com/cnoe-io/idpbuilder/pkg/controllers/localbuild/gitea.go:65.18,67.5 1 0
github.com/cnoe-io/idpbuilder/pkg/controllers/localbuild/gitea.go:69.4,70.18 2 0
github.com/cnoe-io/idpbuilder/pkg/controllers/localbuild/gitea.go:70.18,72.5 1 0
github.com/cnoe-io/idpbuilder/pkg/controllers/localbuild/gitea.go:73.4,74.20 2 0
github.com/cnoe-io/idpbuilder/pkg/controllers/localbuild/gitea.go:75.9,77.4 1 0
github.com/cnoe-io/idpbuilder/pkg/controllers/localbuild/gitea.go:80.2,81.8 2 0
github.com/cnoe-io/idpbuilder/pkg/controllers/localbuild/gitea.go:81.8,83.3 1 0
github.com/cnoe-io/idpbuilder/pkg/controllers/localbuild/gitea.go:85.2,85.91 1 0
github.com/cnoe-io/idpbuilder/pkg/controllers/localbuild/gitea.go:85.91,87.3 1 0
github.com/cnoe-io/idpbuilder/pkg/controllers/localbuild/gitea.go:89.2,95.16 5 0
github.com/cnoe-io/idpbuilder/pkg/controllers/localbuild/gitea.go:95.16,97.3 1 0
github.com/cnoe-io/idpbuilder/pkg/controllers/localbuild/gitea.go:98.2,98.17 1 0
github.com/cnoe-io/idpbuilder/pkg/controllers/localbuild/gitea.go:98.17,100.39 2 0
github.com/cnoe-io/idpbuilder/pkg/controllers/localbuild/gitea.go:100.39,103.4 2 0
github.com/cnoe-io/idpbuilder/pkg/controllers/localbuild/gitea.go:106.2,107.16 2 0
github.com/cnoe-io/idpbuilder/pkg/controllers/localbuild/gitea.go:107.16,109.3 1 0
github.com/cnoe-io/idpbuilder/pkg/controllers/localbuild/gitea.go:111.2,116.27 6 0
github.com/cnoe-io/idpbuilder/pkg/controllers/localbuild/gitea.go:119.111,121.8 2 0
github.com/cnoe-io/idpbuilder/pkg/controllers/localbuild/gitea.go:121.8,123.3 1 0
github.com/cnoe-io/idpbuilder/pkg/controllers/localbuild/gitea.go:125.2,131.9 6 0
github.com/cnoe-io/idpbuilder/pkg/controllers/localbuild/gitea.go:131.9,133.3 1 0
github.com/cnoe-io/idpbuilder/pkg/controllers/localbuild/gitea.go:135.2,136.9 2 0
github.com/cnoe-io/idpbuilder/pkg/controllers/localbuild/gitea.go:136.9,138.3 1 0
github.com/cnoe-io/idpbuilder/pkg/controllers/localbuild/gitea.go:140.2,141.16 2 0
github.com/cnoe-io/idpbuilder/pkg/controllers/localbuild/gitea.go:141.16,143.3 1 0
github.com/cnoe-io/idpbuilder/pkg/controllers/localbuild/gitea.go:145.2,147.16 3 0
github.com/cnoe-io/idpbuilder/pkg/controllers/localbuild/gitea.go:147.16,149.3 1 0
github.com/cnoe-io/idpbuilder/pkg/controllers/localbuild/gitea.go:151.2,151.111 1 0
github.com/cnoe-io/idpbuilder/pkg/controllers/localbuild/installer.go:43.116,45.2 1 1
github.com/cnoe-io/idpbuilder/pkg/controllers/localbuild/installer.go:47.81,53.2 1 0
github.com/cnoe-io/idpbuilder/pkg/controllers/localbuild/installer.go:55.189,60.16 4 0
github.com/cnoe-io/idpbuilder/pkg/controllers/localbuild/installer.go:60.16,62.3 1 0
github.com/cnoe-io/idpbuilder/pkg/controllers/localbuild/installer.go:64.2,64.71 1 0
github.com/cnoe-io/idpbuilder/pkg/controllers/localbuild/installer.go:64.71,66.3 1 0
github.com/cnoe-io/idpbuilder/pkg/controllers/localbuild/installer.go:68.2,68.38 1 0
github.com/cnoe-io/idpbuilder/pkg/controllers/localbuild/installer.go:68.38,70.17 2 0
github.com/cnoe-io/idpbuilder/pkg/controllers/localbuild/installer.go:70.17,72.4 1 0
github.com/cnoe-io/idpbuilder/pkg/controllers/localbuild/installer.go:75.2,78.34 3 0
github.com/cnoe-io/idpbuilder/pkg/controllers/localbuild/installer.go:78.34,80.74 1 0
github.com/cnoe-io/idpbuilder/pkg/controllers/localbuild/installer.go:80.74,82.4 1 0
github.com/cnoe-io/idpbuilder/pkg/controllers/localbuild/installer.go:86.2,86.26 1 0
github.com/cnoe-io/idpbuilder/pkg/controllers/localbuild/installer.go:86.26,88.3 1 0
github.com/cnoe-io/idpbuilder/pkg/controllers/localbuild/installer.go:91.2,94.34 3 0
github.com/cnoe-io/idpbuilder/pkg/controllers/localbuild/installer.go:94.34,95.57 1 0
github.com/cnoe-io/idpbuilder/pkg/controllers/localbuild/installer.go:95.57,96.53 1 0
github.com/cnoe-io/idpbuilder/pkg/controllers/localbuild/installer.go:96.53,97.13 1 0
github.com/cnoe-io/idpbuilder/pkg/controllers/localbuild/installer.go:100.4,101.60 2 0
github.com/cnoe-io/idpbuilder/pkg/controllers/localbuild/installer.go:101.60,105.19 3 0
github.com/cnoe-io/idpbuilder/pkg/controllers/localbuild/installer.go:105.19,108.6 2 0
github.com/cnoe-io/idpbuilder/pkg/controllers/localbuild/installer.go:110.5,110.9 1 0
github.com/cnoe-io/idpbuilder/pkg/controllers/localbuild/installer.go:110.9,111.50 1 0
github.com/cnoe-io/idpbuilder/pkg/controllers/localbuild/installer.go:111.50,112.117 1 0
github.com/cnoe-io/idpbuilder/pkg/controllers/localbuild/installer.go:112.117,115.8 2 0
github.com/cnoe-io/idpbuilder/pkg/controllers/localbuild/installer.go:117.7,117.33 1 0
github.com/cnoe-io/idpbuilder/pkg/controllers/localbuild/installer.go:118.31,119.43 1 0
github.com/cnoe-io/idpbuilder/pkg/controllers/localbuild/installer.go:119.43,122.9 2 0
github.com/cnoe-io/idpbuilder/pkg/controllers/localbuild/installer.go:123.32,124.43 1 0
github.com/cnoe-io/idpbuilder/pkg/controllers/localbuild/installer.go:124.43,127.9 2 0
github.com/cnoe-io/idpbuilder/pkg/controllers/localbuild/installer.go:131.6,132.34 2 0
github.com/cnoe-io/idpbuilder/pkg/controllers/localbuild/installer.go:138.2,138.12 1 0
github.com/cnoe-io/idpbuilder/pkg/controllers/localbuild/installer.go:138.12,141.3 2 0
github.com/cnoe-io/idpbuilder/pkg/controllers/localbuild/installer.go:143.2,143.9 1 0
github.com/cnoe-io/idpbuilder/pkg/controllers/localbuild/installer.go:144.17,147.28 3 0
github.com/cnoe-io/idpbuilder/pkg/controllers/localbuild/installer.go:148.35,149.19 1 0
github.com/cnoe-io/idpbuilder/pkg/controllers/localbuild/installer.go:149.19,151.4 1 0
github.com/cnoe-io/idpbuilder/pkg/controllers/localbuild/installer.go:151.9,154.4 2 0
github.com/cnoe-io/idpbuilder/pkg/controllers/localbuild/installer.go:157.2,157.27 1 0
github.com/cnoe-io/idpbuilder/pkg/controllers/localbuild/nginx.go:18.129,20.2 1 0
github.com/cnoe-io/idpbuilder/pkg/controllers/localbuild/nginx.go:22.138,38.8 3 0
github.com/cnoe-io/idpbuilder/pkg/controllers/localbuild/nginx.go:38.8,40.3 1 0
github.com/cnoe-io/idpbuilder/pkg/controllers/localbuild/nginx.go:42.2,42.91 1 0
github.com/cnoe-io/idpbuilder/pkg/controllers/localbuild/nginx.go:42.91,44.3 1 0
github.com/cnoe-io/idpbuilder/pkg/controllers/localbuild/nginx.go:46.2,47.27 2 0
github.com/cnoe-io/idpbuilder/pkg/resources/localbuild/application.go:8.55,29.2 5 0
github.com/cnoe-io/idpbuilder/pkg/resources/localbuild/application.go:31.118,33.27 2 0
github.com/cnoe-io/idpbuilder/pkg/resources/localbuild/application.go:33.27,35.3 1 0
github.com/cnoe-io/idpbuilder/pkg/resources/localbuild/application.go:37.2,57.3 4 0
github.com/cnoe-io/idpbuilder/pkg/util/files/files.go:13.47,15.16 2 0
github.com/cnoe-io/idpbuilder/pkg/util/files/files.go:15.16,17.3 1 0
github.com/cnoe-io/idpbuilder/pkg/util/files/files.go:18.2,18.32 1 0
github.com/cnoe-io/idpbuilder/pkg/util/files/files.go:18.32,23.17 4 0
github.com/cnoe-io/idpbuilder/pkg/util/files/files.go:23.17,25.4 1 0
github.com/cnoe-io/idpbuilder/pkg/util/files/files.go:27.3,27.40 1 0
github.com/cnoe-io/idpbuilder/pkg/util/files/files.go:28.19,29.60 1 0
github.com/cnoe-io/idpbuilder/pkg/util/files/files.go:29.60,31.5 1 0
github.com/cnoe-io/idpbuilder/pkg/util/files/files.go:32.4,32.62 1 0
github.com/cnoe-io/idpbuilder/pkg/util/files/files.go:32.62,34.5 1 0
github.com/cnoe-io/idpbuilder/pkg/util/files/files.go:35.23,36.12 1 0
github.com/cnoe-io/idpbuilder/pkg/util/files/files.go:37.11,38.53 1 0
github.com/cnoe-io/idpbuilder/pkg/util/files/files.go:38.53,40.5 1 0
github.com/cnoe-io/idpbuilder/pkg/util/files/files.go:43.3,44.17 2 0
github.com/cnoe-io/idpbuilder/pkg/util/files/files.go:44.17,46.4 1 0
github.com/cnoe-io/idpbuilder/pkg/util/files/files.go:47.3,47.58 1 0
github.com/cnoe-io/idpbuilder/pkg/util/files/files.go:47.58,49.4 1 0
github.com/cnoe-io/idpbuilder/pkg/util/files/files.go:51.2,51.12 1 0
github.com/cnoe-io/idpbuilder/pkg/util/files/files.go:54.42,56.16 2 0
github.com/cnoe-io/idpbuilder/pkg/util/files/files.go:56.16,58.3 1 0
github.com/cnoe-io/idpbuilder/pkg/util/files/files.go:60.2,63.16 3 0
github.com/cnoe-io/idpbuilder/pkg/util/files/files.go:63.16,65.3 1 0
github.com/cnoe-io/idpbuilder/pkg/util/files/files.go:67.2,70.16 3 0
github.com/cnoe-io/idpbuilder/pkg/util/files/files.go:70.16,72.3 1 0
github.com/cnoe-io/idpbuilder/pkg/util/files/files.go:74.2,74.12 1 0
github.com/cnoe-io/idpbuilder/pkg/util/files/files.go:77.35,78.53 1 0
github.com/cnoe-io/idpbuilder/pkg/util/files/files.go:78.53,80.3 1 0
github.com/cnoe-io/idpbuilder/pkg/util/files/files.go:82.2,82.13 1 0
github.com/cnoe-io/idpbuilder/pkg/util/files/files.go:85.60,86.17 1 0
github.com/cnoe-io/idpbuilder/pkg/util/files/files.go:86.17,88.3 1 0
github.com/cnoe-io/idpbuilder/pkg/util/files/files.go:90.2,90.47 1 0
github.com/cnoe-io/idpbuilder/pkg/util/files/files.go:90.47,92.3 1 0
github.com/cnoe-io/idpbuilder/pkg/util/files/files.go:94.2,94.12 1 0
github.com/cnoe-io/idpbuilder/pkg/util/files/files.go:97.65,102.16 3 4
github.com/cnoe-io/idpbuilder/pkg/util/files/files.go:102.16,104.3 1 0
github.com/cnoe-io/idpbuilder/pkg/util/files/files.go:107.2,109.16 3 4
github.com/cnoe-io/idpbuilder/pkg/util/files/files.go:109.16,111.3 1 0
github.com/cnoe-io/idpbuilder/pkg/util/files/files.go:113.2,113.25 1 4
github.com/cnoe-io/idpbuilder/pkg/util/files/files.go:117.55,119.2 1 4
